Running PHASTINPUT.

Processing flow and transport data file.

	TITLE
	.       2D HST test problem CXD
	SOLUTE_TRANSPORT       true
	        diffusivity    0
	STEADY_FLOW     true
	        flow_tol   1e-8
	        head_tol 1e-10
	UNITS
	        time           day
	        horizontal     m
	        vertical       m
	        head           m
	        hydraulic_conductivity m/s             
	        specific_storage  1/m
	        dispersivity   m
	        flux           m/s
	GRID
	        uniform X 
	                0 50    51
	        uniform Y
	                0 50    51
	        uniform Z 
	                0 1     2
	        print_orientation XY
	        chemistry_dimensions   XYZ
	MEDIA
	        zone   0 0 0 50 50 1
	                kx     1.157422E-04    # 1.1802e-11*1000*9.807/.001
	                ky     1.157422E-04    # 1.1802e-11*1000*9.807/.001
	                kz     1.157422E-04    # 1.1802e-11*1000*9.807/.001
	                porosity                       .1
	                storage                        0
	                longitudinal_dispersivity      1
	                horizontal_dispersivity        .1
	                vertical_dispersivity          .1
	FREE_SURFACE_BC false
	SPECIFIED_HEAD_BC
	        zone   0 0 0 50 0 1
	                head       0   X 1.707 0.0 1.35351 50.
	                associated_solution_composition 0   1
	        zone   0 0 0 0 50 1
	                head       0   Y 1.707 0.0 1.35351 50.
	                associated_solution_composition 0   1
	        zone   50 0 0 50 50 1
	                head       0   Y 1.35351 0.0 1 50.
	                associated_solution_composition 0   1
	        zone   0 50 0 50 50 1
	                head       0   X 1.35351 0.0 1 50.
	                associated_solution_composition 0   1
	HEAD_IC
	        zone   0 0 0 50 50 1
	                head       1
	CHEMISTRY_IC
	        zone   0 0 0 50 50 1
	                solution   1
	        zone   .95 .95 1 3.05 3.05 1
	                solution   2   
	SOLUTION_METHOD
	        direct_solver
	        space_differencing  0
	        time_differencing   1
	        cross_dispersion true
	PRINT_INITIAL
	        components     true
	        hdf_chemistry  true
	PRINT_FREQUENCY
	        0
	        hdf_chemistry  10      day
	        hdf_velocities        10      day
	        hdf_heads       10      day
	        xyz_chemistry  10      day
	        components     10      day
	        velocity            10      day
	TIME_CONTROL
	        time_step      0       1       day
	        time_change            10      day
	END

PHASTINPUT done.

Running PHAST.

Running PHREEQC for initial conditions.

Processing database file.
	SOLUTION_MASTER_SPECIES
	SOLUTION_SPECIES
	PHASES
	EXCHANGE_MASTER_SPECIES
	EXCHANGE_SPECIES
	SURFACE_MASTER_SPECIES
	SURFACE_SPECIES
	RATES
	END

Processing chemical data file.
	SOLUTION 1
	END
	SOLUTION 2
	END
	SELECTED_OUTPUT
	USER_PUNCH
	END
PHREEQC done.
..       2D HST test problem CXD
.
Reading static data for flow and transport simulation
A4 array dimension requirement (D4 direct solver)................ NRAL .        0 elements
Primary storage requirement (D4 direct solver)................... NPRIST   361001 elements
Overhead storage requirement (D4 direct solver).................. NOHST .   49420 elements
                    *** Calculation Information ***

Beginning flow calculation for steady-state i.c.
Reading transient data for simulation: Set  1
Automatic Time Step Control Parameters for Steady Flow
Maximum pressure change allowed per time step.................... DPTAS    2.94E+03  (Pa )
Minimum time step required ...................................... DTIMMN   1.00E-03  (d  )
Maximum time step allowed ....................................... DTIMMX   1.00E+03(d  )

Beginning steady state time step no.      1
     Maximum change in potentiometric head ..    7.0700E-01     (m) at location ( 0.000    , 0.000    , 0.000    )(m)
     Fractional flow residual ...............    1.1786E-13

Beginning steady state time step no.      2
     Maximum change in potentiometric head ..    7.6940E-15     (m) at location (  19.0    ,  29.0    ,  1.00    )(m)
     Fractional flow residual ...............   -5.1392E-16

Done with steady-state flow.
Equilibration of cells for initial conditions.
     Time at which next set of transient parameters will be read .......... TIMCHG   10.0      (d)

Beginning transient simulation.

Beginning time step no.      1
     Beginning solute-transport calculation.
          H
          O
          Cl
          Na
          Charge
     Beginning chemistry calculation.
     End of Time Step No.     1
     Time ..................................................    1.00     (d)

Beginning time step no.      2
     Beginning solute-transport calculation.
          H
          O
          Cl
          Na
          Charge
     Beginning chemistry calculation.
     End of Time Step No.     2
     Time ..................................................    2.00     (d)

Beginning time step no.      3
     Beginning solute-transport calculation.
          H
          O
          Cl
          Na
          Charge
     Beginning chemistry calculation.
     End of Time Step No.     3
     Time ..................................................    3.00     (d)

Beginning time step no.      4
     Beginning solute-transport calculation.
          H
          O
          Cl
          Na
          Charge
     Beginning chemistry calculation.
     End of Time Step No.     4
     Time ..................................................    4.00     (d)

Beginning time step no.      5
     Beginning solute-transport calculation.
          H
          O
          Cl
          Na
          Charge
     Beginning chemistry calculation.
     End of Time Step No.     5
     Time ..................................................    5.00     (d)

Beginning time step no.      6
     Beginning solute-transport calculation.
          H
          O
          Cl
          Na
          Charge
     Beginning chemistry calculation.
     End of Time Step No.     6
     Time ..................................................    6.00     (d)

Beginning time step no.      7
     Beginning solute-transport calculation.
          H
          O
          Cl
          Na
          Charge
     Beginning chemistry calculation.
     End of Time Step No.     7
     Time ..................................................    7.00     (d)

Beginning time step no.      8
     Beginning solute-transport calculation.
          H
          O
          Cl
          Na
          Charge
     Beginning chemistry calculation.
     End of Time Step No.     8
     Time ..................................................    8.00     (d)

Beginning time step no.      9
     Beginning solute-transport calculation.
          H
          O
          Cl
          Na
          Charge
     Beginning chemistry calculation.
     End of Time Step No.     9
     Time ..................................................    9.00     (d)

Beginning time step no.     10
     Current time step length ...................................    1.00     (d)
     Beginning solute-transport calculation.
          H
          O
          Cl
          Na
          Charge
     Beginning chemistry calculation.
          Total cells: 5202
          Number of cells with same aqueous model: 5010
          Total iterations all cells: 6092
          Number of cells with zero iterations: 2900
          Maximum iterations for one cell: 11

     End of Time Step No.    10
     Time ..................................................    10.0     (d)
     Maximum change in potentiometric head   7.6940E-15      (m ) at location (  19.0    ,  29.0    ,  1.00    )(m)
     Maximum change in H .................. -6.8501E-11 (mol/kgw) at location (  5.00    ,  5.00    ,  1.00    )(m)
     Maximum change in O .................. -3.9444E-09 (mol/kgw) at location ( 0.000    ,  16.0    , 0.000    )(m)
     Maximum change in Cl ................. -9.6715E-06 (mol/kgw) at location (  5.00    ,  5.00    ,  1.00    )(m)
     Maximum change in Na ................. -9.6715E-06 (mol/kgw) at location (  5.00    ,  5.00    ,  1.00    )(m)
     Maximum change in Charge .............  1.3793E-14 (mol/kgw) at location (  8.00    ,  10.0    ,  1.00    )(m)
Done with transient simulation.

                             ***** Simulation Completed *****
     Last time value calculated ......................................  10.00     (d)
     Last time step index ............................................      10
