Running PHASTINPUT.

Processing flow and transport data file.

	TITLE
	 Central Oklahoma aquifer,
	 demonstration of PHAST
	UNITS
	        time                                 years
	        horizontal_grid                      meters
	        vertical_grid                        meters
	        head                                 meters
	        hydraulic_conductivity               m/s
	        specific_storage                     1/m
	        dispersivity                         m
	        leaky_k                              m/sec
	        leaky_thickness                      m
	        flux                                 m/yr
	        river_bed_thickness                  m
	        river_bed_hydraulic_conductivity     m/s     
	        well_diameter                        in
	        well_flow_rate                       L/day
	GRID
	        uniform x    0    90000    16
	        uniform y    0    48000    9
	        uniform z    0    400      5
	        print_orientation                    XY 
	SOLUTE_TRANSPORT true
	STEADY_FLOW true
	        head_tolerance                       1e-6
	        flow_balance_tolerance               1e-3
	MEDIA
	        zone   0. 0. 0. 90000.  48000. 400.
	                porosity                     0.22
	                long_dispersivity            2000.
	                horizontal_dispersivity      50.
	                vertical_dispersivity        50.
	                kx                           1.5e-5
	                ky                           1.5e-5
	                kz                           1.5e-7
	                storage                      0
	        zone   48000. 0. 0. 90000. 48000. 100.
	                active                       0
	RIVER 1 Little River
	        point  44000. 15000.
	                width                        200.
	                depth                        1.
	                bed_thickness                1.
	                bed_hydraulic_conductivity   1.
	                head                         0         335.
	                solution                     0         1
	        point  44000. 0.
	        point  90000. 0.
	                width                        200.
	                depth                        1.
	                bed_thickness                1.
	                bed_hydraulic_conductivity   1.
	                head                         0         275.
	                solution                     0         1
	RIVER 2 North Fork River
	        point  30000. 36000.
	                width                        200.
	                depth                        1.
	                bed_thickness                1.
	                bed_hydraulic_conductivity   1
	                head                         0         335.
	                solution                     0         1
	        point  30000. 48000.
	        point  90000. 48000.
	                width                        200.
	                depth                        1.
	                bed_thickness                1.
	                bed_hydraulic_conductivity   1
	                head                         0         280.
	                solution                     0         1
	RIVER 3 North Canadian River
	        point  60000. 30000.
	                width                        200.
	                depth                        1.
	                bed_thickness                1.
	                bed_hydraulic_conductivity   1
	                head                         0         350.
	                solution                     0         1
	        point  90000. 20000.
	                width                        200.
	                depth                        1.
	                bed_thickness                1.
	                bed_hydraulic_conductivity   1
	                head                         0         305.
	                solution                     0         1
	FLUX_BC
	        zone   30000. 3000. 400.  90000. 45000. 400.
	                flux                         0         -0.055
	                associated_solution          0         1
	SPECIFIED_HEAD_BC
	        zone   30000. 14000 300. 32000.  20000.  400.
	                head                         0         348.
	                associated_solution_composition          0         1
	LEAKY_BC
	        zone   0. 48000. 0. 29000. 48000. 400.
	                hydraulic_conductivity                    1.5e-5
	                thickness                   30000.
	                head                         0         305.0
	                associated_solution                   0         1
	       zone 0 0 0 39000 0 400
	                hydraulic_conductivity       1.5E-5
	                thickness                    20000
	                head                         0         320
	                associated_solution          0         2
	FREE_SURFACE_BC true
	WELL 1 Observation well 1 in arsenic zone
	        12000 36000
	                diameter       2                               # inches
	                pumping                      0         1       # L/day
	                elevation      90 110                          # m
	HEAD_IC
	        zone   0. 0. 0. 90000. 48000. 400.
	                head   380.
	CHEMISTRY_IC
	        zone   0. 0. 0. 90000. 48000. 400.
	                solution               2
	                equilibrium_phases     2
	                exchange               2
	                surface                2       
	SOLUTION_METHOD
	        iterative_solver       true
	        tolerance              1e-10
	        space_differencing     0.
	        time_differencing      1.
	TIME_CONTROL
	        delta_time     0               2000    yr
	        end_time                       10000   yr
	PRINT_INITIAL
	        velocities             true
	        xyz_head               true
	        xyz_ss_velocities      true
	PRINT_FREQUENCY
	        0
	        xyz_chemistry          end
	        hdf_chemistry          2000    yr
	        xyz_well               2000    yr
	        save_final_heads       false
		restart		0
		force_chemistry_print			end
	PRINT_LOCATIONS
	        xyz_chemistry
	               zone   0 0 0  90000 48000 0
	               print 0
		chemistry
		       sample_grid X 3
		       sample_grid Y 3
		       sample_grid Z 3
	END
WARNING: Guessing boundary condition face to be Z+
Please specify X-, X+, Y-, Y+, Z- or Z+ for LEAKY_BC and FLUX_BC.
WARNING: Guessing boundary condition face to be Y+
Please specify X-, X+, Y-, Y+, Z- or Z+ for LEAKY_BC and FLUX_BC.
WARNING: Guessing boundary condition face to be Y-
Please specify X-, X+, Y-, Y+, Z- or Z+ for LEAKY_BC and FLUX_BC.
WARNING: Horizontal, vertical, and longitudinal dispersivities are not equal for at least one element.
	However, cross-dispersion calculation is disabled (-cross_dispersion in SOLUTION_METHOD).

PHASTINPUT done.

Running PHAST.

Output file:    ex4_noedl.O.chem
Chemistry file: ex4_noedl.chem.dat
Database file:  phast.dat

Running PHREEQC for initial conditions.

Processing database file.
	SOLUTION_MASTER_SPECIES
	SOLUTION_SPECIES
	PHASES
	EXCHANGE_MASTER_SPECIES
	EXCHANGE_SPECIES
	SURFACE_MASTER_SPECIES
	SURFACE_SPECIES
	RATES
	END

Processing chemical data file.
	SURFACE_MASTER_SPECIES
	SURFACE_SPECIES
	SOLUTION_MASTER_SPECIES
	        As       H3AsO4        -1.0     74.9216         74.9216
	SOLUTION_SPECIES
	SOLUTION 1 20 x precipitation
	END
	USE solution 1
	EQUILIBRIUM_PHASES 1
	SAVE solution 1
	END
	SOLUTION 2 Brine
	END
	USE solution 2
	EQUILIBRIUM_PHASES 2
	SAVE solution 2
	END
	EXCHANGE 2
	SURFACE 2
	END
	SELECTED_OUTPUT
	USER_PUNCH
	END
PHREEQC done.
. Central Oklahoma aquifer,
. demonstration of PHAST
Reading static data for flow and transport simulation
A4 array dimension requirement (D4ZGCG iterative solver)......... NRAL .        0 elements
Primary storage requirement (D4ZGCG iterative solver)............ NPRIST     6840 elements
Overhead storage requirement (D4ZGCG iterative solver)........... NOHST .   45424 elements
                    *** Calculation Information ***
          Row scaling only, using L-inf norm, will be done
          Direction index for d4 zig-zag renumbering ............ IDIR..    1
          Incomplete LU [f] or modified ILU [t] factorization ... MILU..     T
          Number of search directions before restart ............ NSDR..   20
          Tolerance on iterative solution ....................... EPSSLV 1.0E-10

Beginning flow calculation for steady-state i.c.
Reading transient data for simulation: Set  1
WARNING:  2 print control intervals are less than defined time step length.
Automatic Time Step Control Parameters for Steady Flow
Maximum pressure change allowed per time step.................... DPTAS    1.18E+06  (Pa )
Minimum time step required ...................................... DTIMMN    2.0      (yr )
Maximum time step allowed ....................................... DTIMMX   2.00E+06(yr )

Beginning steady state time step no.      1
     Maximum change in potentiometric head ..   -1.0352E+02     (m) at location ( 9.000E+04,  0.00    ,  400.    )(m)
     Fractional flow residual ...............   -1.9055E+00

Beginning steady state time step no.      2
     Maximum change in potentiometric head ..   -1.1374E+01     (m) at location ( 9.000E+04,  0.00    ,  300.    )(m)
     Fractional flow residual ...............   -1.4557E+00

Beginning steady state time step no.      3
     Maximum change in potentiometric head ..   -3.7767E+00     (m) at location ( 3.600E+04,  0.00    ,  400.    )(m)
     Fractional flow residual ...............   -7.5691E-01

Beginning steady state time step no.      4
     Maximum change in potentiometric head ..   -5.7384E+00     (m) at location ( 3.600E+04,  0.00    ,  400.    )(m)
     Fractional flow residual ...............   -7.1199E-01

Beginning steady state time step no.      5
     Maximum change in potentiometric head ..   -8.7264E+00     (m) at location ( 9.000E+04, 6.000E+03,  400.    )(m)
     Fractional flow residual ...............   -6.3836E-01

Beginning steady state time step no.      6
     Maximum change in potentiometric head ..   -1.2059E+01     (m) at location ( 9.000E+04, 6.000E+03,  400.    )(m)
     Fractional flow residual ...............   -5.2932E-01

Beginning steady state time step no.      7
     Maximum change in potentiometric head ..   -1.2601E+01     (m) at location ( 9.000E+04, 6.000E+03,  300.    )(m)
     Fractional flow residual ...............   -3.8745E-01

Beginning steady state time step no.      8
     Maximum change in potentiometric head ..   -1.0075E+01     (m) at location ( 9.000E+04, 3.600E+04,  400.    )(m)
     Fractional flow residual ...............   -2.3280E-01

Beginning steady state time step no.      9
     Maximum change in potentiometric head ..   -1.1980E+01     (m) at location (  0.00    , 3.000E+04,  400.    )(m)
     Fractional flow residual ...............   -1.0905E-01

Beginning steady state time step no.     10
     Maximum change in potentiometric head ..   -1.0960E+01     (m) at location (  0.00    , 2.400E+04,  400.    )(m)
     Fractional flow residual ...............   -3.7890E-02

Beginning steady state time step no.     11
     Maximum change in potentiometric head ..   -6.0979E+00     (m) at location (  0.00    , 2.400E+04,  300.    )(m)
     Fractional flow residual ...............   -9.1420E-03

Beginning steady state time step no.     12
     Maximum change in potentiometric head ..   -1.9354E+00     (m) at location (  0.00    , 2.400E+04,  300.    )(m)
     Fractional flow residual ...............   -1.3589E-03

Beginning steady state time step no.     13
     Maximum change in potentiometric head ..   -3.2129E-01     (m) at location (  0.00    , 2.400E+04,  300.    )(m)
     Fractional flow residual ...............   -1.0813E-04

Beginning steady state time step no.     14
     Maximum change in potentiometric head ..   -2.5627E-02     (m) at location (  0.00    , 2.400E+04,  300.    )(m)
     Fractional flow residual ...............   -4.0501E-06

Beginning steady state time step no.     15
     Current time step length ...................................   1.638E+04 (yr)
          No. of solver iterations, Relative residual:   12      3.7911372E-11
     Maximum change in potentiometric head ..   -8.7942E-04     (m) at location (  0.00    , 3.000E+04,  300.    )(m)
     Fractional flow residual ...............   -6.0073E-08

Beginning steady state time step no.     16
     Current time step length ...................................   3.277E+04 (yr)
          No. of solver iterations, Relative residual:   12      5.7393262E-11
     Maximum change in potentiometric head ..   -1.0041E-05     (m) at location (  0.00    , 3.600E+04,  300.    )(m)
     Fractional flow residual ...............   -2.0628E-10

Beginning steady state time step no.     17
     Current time step length ...................................   6.554E+04 (yr)
          No. of solver iterations, Relative residual:   13      1.9764988E-11
     Maximum change in potentiometric head ..    5.9663E-08     (m) at location ( 1.800E+04, 3.000E+04,  300.    )(m)
     Fractional flow residual ...............    1.0931E-11

Done with steady-state flow.
Equilibration of cells for initial conditions.
          Total cells: 657
          Number of cells with same aqueous model: 540
          Total iterations all cells: 541
          Number of cells with zero iterations: 0
          Maximum iterations for one cell: 1

     Time at which next set of transient parameters will be read .......... TIMCHG  1.000E+04  (yr)

Beginning transient simulation.

Beginning time step no.      1
     Beginning solute-transport calculation.
          H
          O
          As
          C
          Ca
          Cl
          Mg
          Na
          S
          Charge
     Beginning chemistry calculation.
     End of Time Step No.     1
     Time ..................................................    2000.00     (yr)

Beginning time step no.      2
     Beginning solute-transport calculation.
          H
          O
          As
          C
          Ca
          Cl
          Mg
          Na
          S
          Charge
     Beginning chemistry calculation.
     End of Time Step No.     2
     Time ..................................................    4000.00     (yr)

Beginning time step no.      3
     Beginning solute-transport calculation.
          H
          O
          As
          C
          Ca
          Cl
          Mg
          Na
          S
          Charge
     Beginning chemistry calculation.
     End of Time Step No.     3
     Time ..................................................    6000.00     (yr)

Beginning time step no.      4
     Beginning solute-transport calculation.
          H
          O
          As
          C
          Ca
          Cl
          Mg
          Na
          S
          Charge
     Beginning chemistry calculation.
     End of Time Step No.     4
     Time ..................................................    8000.00     (yr)

Beginning time step no.      5
     Current time step length ...................................   2.000E+03 (yr)
     Beginning solute-transport calculation.
          H
          No. of solver iterations, Relative residual:    7      2.8703830E-11
          O
          No. of solver iterations, Relative residual:    7      2.8372065E-11
          As
          No. of solver iterations, Relative residual:    7      6.9956179E-11
          C
          No. of solver iterations, Relative residual:    7      3.0362849E-11
          Ca
          No. of solver iterations, Relative residual:    7      6.3546068E-11
          Cl
          No. of solver iterations, Relative residual:    7      5.7385837E-11
          Mg
          No. of solver iterations, Relative residual:    7      7.3177384E-11
          Na
          No. of solver iterations, Relative residual:    7      5.3709909E-11
          S
          No. of solver iterations, Relative residual:    7      5.7385837E-11
          Charge
          No. of solver iterations, Relative residual:    7      2.7968851E-11
     Beginning chemistry calculation.
          Total cells: 657
          Number of cells with same aqueous model: 540
          Total iterations all cells: 2869
          Number of cells with zero iterations: 0
          Maximum iterations for one cell: 6

     End of Time Step No.     5
     Time ..................................................    10000.0     (yr)
     Maximum change in potentiometric head   5.9663E-08      (m ) at location ( 1.800E+04, 3.000E+04,  300.    )(m)
     Maximum change in H .................. -1.4762E-02 (mol/kgw) at location ( 9.000E+04, 1.800E+04,  300.    )(m)
     Maximum change in O .................. -3.9438E-02 (mol/kgw) at location ( 9.000E+04, 1.800E+04,  300.    )(m)
     Maximum change in As ................. -2.0518E-08 (mol/kgw) at location ( 2.400E+04, 2.400E+04,  300.    )(m)
     Maximum change in C .................. -1.3125E-02 (mol/kgw) at location ( 9.000E+04, 1.800E+04,  300.    )(m)
     Maximum change in Ca ................. -5.9079E-02 (mol/kgw) at location ( 2.400E+04, 4.800E+04,  200.    )(m)
     Maximum change in Cl ................. -8.5646E-01 (mol/kgw) at location ( 2.400E+04, 4.800E+04,  200.    )(m)
     Maximum change in Mg ................. -2.3439E-02 (mol/kgw) at location ( 2.400E+04, 4.200E+04,  300.    )(m)
     Maximum change in Na ................. -6.9206E-01 (mol/kgw) at location ( 2.400E+04, 4.800E+04,  200.    )(m)
     Maximum change in S .................. -5.7901E-04 (mol/kgw) at location ( 2.400E+04, 4.800E+04,  200.    )(m)
     Maximum change in Charge ............. -1.4789E-02 (mol/kgw) at location ( 9.000E+04, 1.800E+04,  300.    )(m)
Done with transient simulation.

                             ***** Simulation Completed *****
     Last time value calculated ...................................... 1.0000E+04 (yr)
     Last time step index ............................................       5
