         x         y         z         A         B         C         D
   0.00000  -5.00000  12.50000   0.00000   0.00000   0.00000   0.00000
   4.00000  -5.00000  12.50000   0.00000   0.00000   0.00000   0.00000
   8.00000  -5.00000  12.50000   0.00000   0.00000   0.00000   0.00000
  12.00000  -5.00000  12.50000   0.00000   0.00000   0.00000   0.00000
  16.00000  -5.00000  12.50000   0.00000   0.00000   0.00000   0.00000
  20.00000  -5.00000  12.50000   0.00000   0.00000   0.00001   0.00001
  24.00000  -5.00000  12.50000   0.00000   0.00000   0.00001   0.00002
  28.00000  -5.00000  12.50000   0.00000   0.00000   0.00002   0.00004
  32.00000  -5.00000  12.50000   0.00000   0.00000   0.00003   0.00007
  36.00000  -5.00000  12.50000   0.00000   0.00000   0.00005   0.00011
  40.00000  -5.00000  12.50000   0.00000   0.00001   0.00007   0.00016
  44.00000  -5.00000  12.50000   0.00000   0.00001   0.00008   0.00022
  48.00000  -5.00000  12.50000   0.00000   0.00001   0.00010   0.00029
  52.00000  -5.00000  12.50000   0.00000   0.00001   0.00011   0.00037
  56.00000  -5.00000  12.50000   0.00000   0.00001   0.00013   0.00044
  60.00000  -5.00000  12.50000   0.00000   0.00001   0.00013   0.00049
  64.00000  -5.00000  12.50000   0.00000   0.00000   0.00013   0.00053
  68.00000  -5.00000  12.50000   0.00000   0.00000   0.00013   0.00055
  72.00000  -5.00000  12.50000   0.00000   0.00000   0.00012   0.00054
  76.00000  -5.00000  12.50000   0.00000   0.00000   0.00011   0.00050
  80.00000  -5.00000  12.50000   0.00000   0.00000   0.00009   0.00045
  84.00000  -5.00000  12.50000   0.00000   0.00000   0.00007   0.00038
  88.00000  -5.00000  12.50000   0.00000   0.00000   0.00006   0.00030
  92.00000  -5.00000  12.50000   0.00000   0.00000   0.00004   0.00023
  96.00000  -5.00000  12.50000   0.00000   0.00000   0.00003   0.00016
 100.00000  -5.00000  12.50000   0.00000   0.00000   0.00002   0.00011
 104.00000  -5.00000  12.50000   0.00000   0.00000   0.00001   0.00007
 108.00000  -5.00000  12.50000   0.00000   0.00000   0.00001   0.00004
 112.00000  -5.00000  12.50000   0.00000   0.00000   0.00000   0.00002
 116.00000  -5.00000  12.50000   0.00000   0.00000   0.00000   0.00001
 120.00000  -5.00000  12.50000   0.00000   0.00000   0.00000   0.00001
 124.00000  -5.00000  12.50000   0.00000   0.00000   0.00000   0.00000
 128.00000  -5.00000  12.50000   0.00000   0.00000   0.00000   0.00000
 132.00000  -5.00000  12.50000   0.00000   0.00000   0.00000   0.00000
 136.00000  -5.00000  12.50000   0.00000   0.00000   0.00000   0.00000
 140.00000  -5.00000  12.50000   0.00000   0.00000   0.00000   0.00000
 144.00000  -5.00000  12.50000   0.00000   0.00000   0.00000   0.00000
 148.00000  -5.00000  12.50000   0.00000   0.00000   0.00000   0.00000
 150.00000  -5.00000  12.50000   0.00000   0.00000   0.00000   0.00000
   0.00000  -4.50000  12.50000   0.00000   0.00000   0.00000   0.00000
   4.00000  -4.50000  12.50000   0.00000   0.00000   0.00000   0.00000
   8.00000  -4.50000  12.50000   0.00000   0.00000   0.00000   0.00000
  12.00000  -4.50000  12.50000   0.00000   0.00000   0.00000   0.00000
  16.00000  -4.50000  12.50000   0.00000   0.00000   0.00000   0.00000
  20.00000  -4.50000  12.50000   0.00000   0.00000   0.00001   0.00001
  24.00000  -4.50000  12.50000   0.00000   0.00000   0.00002   0.00003
  28.00000  -4.50000  12.50000   0.00000   0.00000   0.00003   0.00005
  32.00000  -4.50000  12.50000   0.00000   0.00000   0.00004   0.00009
  36.00000  -4.50000  12.50000   0.00000   0.00001   0.00006   0.00014
  40.00000  -4.50000  12.50000   0.00000   0.00001   0.00009   0.00020
  44.00000  -4.50000  12.50000   0.00000   0.00001   0.00011   0.00028
  48.00000  -4.50000  12.50000   0.00000   0.00001   0.00013   0.00037
  52.00000  -4.50000  12.50000   0.00000   0.00001   0.00014   0.00045
  56.00000  -4.50000  12.50000   0.00000   0.00001   0.00016   0.00053
  60.00000  -4.50000  12.50000   0.00000   0.00001   0.00016   0.00060
  64.00000  -4.50000  12.50000   0.00000   0.00001   0.00016   0.00065
  68.00000  -4.50000  12.50000   0.00000   0.00001   0.00016   0.00066
  72.00000  -4.50000  12.50000   0.00000   0.00000   0.00014   0.00065
  76.00000  -4.50000  12.50000   0.00000   0.00000   0.00013   0.00060
  80.00000  -4.50000  12.50000   0.00000   0.00000   0.00011   0.00053
  84.00000  -4.50000  12.50000   0.00000   0.00000   0.00009   0.00045
  88.00000  -4.50000  12.50000   0.00000   0.00000   0.00007   0.00036
  92.00000  -4.50000  12.50000   0.00000   0.00000   0.00005   0.00027
  96.00000  -4.50000  12.50000   0.00000   0.00000   0.00003   0.00019
 100.00000  -4.50000  12.50000   0.00000   0.00000   0.00002   0.00013
 104.00000  -4.50000  12.50000   0.00000   0.00000   0.00001   0.00008
 108.00000  -4.50000  12.50000   0.00000   0.00000   0.00001   0.00005
 112.00000  -4.50000  12.50000   0.00000   0.00000   0.00000   0.00003
 116.00000  -4.50000  12.50000   0.00000   0.00000   0.00000   0.00001
 120.00000  -4.50000  12.50000   0.00000   0.00000   0.00000   0.00001
 124.00000  -4.50000  12.50000   0.00000   0.00000   0.00000   0.00000
 128.00000  -4.50000  12.50000   0.00000   0.00000   0.00000   0.00000
 132.00000  -4.50000  12.50000   0.00000   0.00000   0.00000   0.00000
 136.00000  -4.50000  12.50000   0.00000   0.00000   0.00000   0.00000
 140.00000  -4.50000  12.50000   0.00000   0.00000   0.00000   0.00000
 144.00000  -4.50000  12.50000   0.00000   0.00000   0.00000   0.00000
 148.00000  -4.50000  12.50000   0.00000   0.00000   0.00000   0.00000
 150.00000  -4.50000  12.50000   0.00000   0.00000   0.00000   0.00000
   0.00000  -3.50000  12.50000   0.00000   0.00000   0.00000   0.00000
   4.00000  -3.50000  12.50000   0.00000   0.00000   0.00000   0.00000
   8.00000  -3.50000  12.50000   0.00000   0.00000   0.00000   0.00000
  12.00000  -3.50000  12.50000   0.00000   0.00000   0.00000   0.00000
  16.00000  -3.50000  12.50000   0.00000   0.00000   0.00001   0.00001
  20.00000  -3.50000  12.50000   0.00000   0.00000   0.00002   0.00002
  24.00000  -3.50000  12.50000   0.00000   0.00000   0.00003   0.00005
  28.00000  -3.50000  12.50000   0.00000   0.00001   0.00005   0.00009
  32.00000  -3.50000  12.50000   0.00000   0.00001   0.00008   0.00015
  36.00000  -3.50000  12.50000   0.00000   0.00001   0.00011   0.00023
  40.00000  -3.50000  12.50000   0.00000   0.00001   0.00014   0.00033
  44.00000  -3.50000  12.50000   0.00000   0.00001   0.00017   0.00044
  48.00000  -3.50000  12.50000   0.00000   0.00001   0.00020   0.00056
  52.00000  -3.50000  12.50000   0.00000   0.00001   0.00022   0.00069
  56.00000  -3.50000  12.50000   0.00000   0.00001   0.00024   0.00080
  60.00000  -3.50000  12.50000   0.00000   0.00001   0.00024   0.00089
  64.00000  -3.50000  12.50000   0.00000   0.00001   0.00024   0.00094
  68.00000  -3.50000  12.50000   0.00000   0.00001   0.00023   0.00096
  72.00000  -3.50000  12.50000   0.00000   0.00001   0.00021   0.00093
  76.00000  -3.50000  12.50000   0.00000   0.00000   0.00018   0.00086
  80.00000  -3.50000  12.50000   0.00000   0.00000   0.00015   0.00075
  84.00000  -3.50000  12.50000   0.00000   0.00000   0.00012   0.00063
  88.00000  -3.50000  12.50000   0.00000   0.00000   0.00009   0.00050
  92.00000  -3.50000  12.50000   0.00000   0.00000   0.00007   0.00038
  96.00000  -3.50000  12.50000   0.00000   0.00000   0.00005   0.00027
 100.00000  -3.50000  12.50000   0.00000   0.00000   0.00003   0.00018
 104.00000  -3.50000  12.50000   0.00000   0.00000   0.00002   0.00011
 108.00000  -3.50000  12.50000   0.00000   0.00000   0.00001   0.00007
 112.00000  -3.50000  12.50000   0.00000   0.00000   0.00001   0.00004
 116.00000  -3.50000  12.50000   0.00000   0.00000   0.00000   0.00002
 120.00000  -3.50000  12.50000   0.00000   0.00000   0.00000   0.00001
 124.00000  -3.50000  12.50000   0.00000   0.00000   0.00000   0.00000
 128.00000  -3.50000  12.50000   0.00000   0.00000   0.00000   0.00000
 132.00000  -3.50000  12.50000   0.00000   0.00000   0.00000   0.00000
 136.00000  -3.50000  12.50000   0.00000   0.00000   0.00000   0.00000
 140.00000  -3.50000  12.50000   0.00000   0.00000   0.00000   0.00000
 144.00000  -3.50000  12.50000   0.00000   0.00000   0.00000   0.00000
 148.00000  -3.50000  12.50000   0.00000   0.00000   0.00000   0.00000
 150.00000  -3.50000  12.50000   0.00000   0.00000   0.00000   0.00000
   0.00000  -2.50000  12.50000   0.00000   0.00000   0.00000   0.00000
   4.00000  -2.50000  12.50000   0.00000   0.00000   0.00000   0.00000
   8.00000  -2.50000  12.50000   0.00000   0.00000   0.00000   0.00000
  12.00000  -2.50000  12.50000   0.00000   0.00000   0.00000   0.00001
  16.00000  -2.50000  12.50000   0.00000   0.00000   0.00001   0.00002
  20.00000  -2.50000  12.50000   0.00000   0.00001   0.00003   0.00004
  24.00000  -2.50000  12.50000   0.00000   0.00001   0.00006   0.00008
  28.00000  -2.50000  12.50000   0.00000   0.00001   0.00009   0.00015
  32.00000  -2.50000  12.50000   0.00000   0.00002   0.00014   0.00024
  36.00000  -2.50000  12.50000   0.00000   0.00002   0.00019   0.00037
  40.00000  -2.50000  12.50000   0.00000   0.00002   0.00024   0.00052
  44.00000  -2.50000  12.50000   0.00000   0.00002   0.00028   0.00068
  48.00000  -2.50000  12.50000   0.00000   0.00002   0.00032   0.00086
  52.00000  -2.50000  12.50000   0.00000   0.00002   0.00035   0.00103
  56.00000  -2.50000  12.50000   0.00000   0.00002   0.00036   0.00118
  60.00000  -2.50000  12.50000   0.00000   0.00002   0.00036   0.00129
  64.00000  -2.50000  12.50000   0.00000   0.00001   0.00035   0.00135
  68.00000  -2.50000  12.50000   0.00000   0.00001   0.00033   0.00136
  72.00000  -2.50000  12.50000   0.00000   0.00001   0.00030   0.00131
  76.00000  -2.50000  12.50000   0.00000   0.00001   0.00026   0.00120
  80.00000  -2.50000  12.50000   0.00000   0.00001   0.00022   0.00105
  84.00000  -2.50000  12.50000   0.00000   0.00000   0.00017   0.00087
  88.00000  -2.50000  12.50000   0.00000   0.00000   0.00013   0.00069
  92.00000  -2.50000  12.50000   0.00000   0.00000   0.00010   0.00052
  96.00000  -2.50000  12.50000   0.00000   0.00000   0.00007   0.00037
 100.00000  -2.50000  12.50000   0.00000   0.00000   0.00004   0.00024
 104.00000  -2.50000  12.50000   0.00000   0.00000   0.00003   0.00015
 108.00000  -2.50000  12.50000   0.00000   0.00000   0.00002   0.00009
 112.00000  -2.50000  12.50000   0.00000   0.00000   0.00001   0.00005
 116.00000  -2.50000  12.50000   0.00000   0.00000   0.00000   0.00003
 120.00000  -2.50000  12.50000   0.00000   0.00000   0.00000   0.00001
 124.00000  -2.50000  12.50000   0.00000   0.00000   0.00000   0.00001
 128.00000  -2.50000  12.50000   0.00000   0.00000   0.00000   0.00000
 132.00000  -2.50000  12.50000   0.00000   0.00000   0.00000   0.00000
 136.00000  -2.50000  12.50000   0.00000   0.00000   0.00000   0.00000
 140.00000  -2.50000  12.50000   0.00000   0.00000   0.00000   0.00000
 144.00000  -2.50000  12.50000   0.00000   0.00000   0.00000   0.00000
 148.00000  -2.50000  12.50000   0.00000   0.00000   0.00000   0.00000
 150.00000  -2.50000  12.50000   0.00000   0.00000   0.00000   0.00000
   0.00000  -1.50000  12.50000   0.00000   0.00000   0.00000   0.00000
   4.00000  -1.50000  12.50000   0.00000   0.00000   0.00000   0.00000
   8.00000  -1.50000  12.50000   0.00000   0.00000   0.00000   0.00000
  12.00000  -1.50000  12.50000   0.00000   0.00000   0.00001   0.00001
  16.00000  -1.50000  12.50000   0.00000   0.00001   0.00003   0.00003
  20.00000  -1.50000  12.50000   0.00000   0.00001   0.00006   0.00007
  24.00000  -1.50000  12.50000   0.00000   0.00002   0.00010   0.00014
  28.00000  -1.50000  12.50000   0.00000   0.00003   0.00016   0.00025
  32.00000  -1.50000  12.50000   0.00000   0.00003   0.00024   0.00040
  36.00000  -1.50000  12.50000   0.00000   0.00004   0.00031   0.00059
  40.00000  -1.50000  12.50000   0.00000   0.00004   0.00038   0.00081
  44.00000  -1.50000  12.50000   0.00000   0.00004   0.00045   0.00105
  48.00000  -1.50000  12.50000   0.00000   0.00004   0.00049   0.00129
  52.00000  -1.50000  12.50000   0.00000   0.00003   0.00052   0.00152
  56.00000  -1.50000  12.50000   0.00000   0.00003   0.00054   0.00171
  60.00000  -1.50000  12.50000   0.00000   0.00002   0.00053   0.00185
  64.00000  -1.50000  12.50000   0.00000   0.00002   0.00051   0.00192
  68.00000  -1.50000  12.50000   0.00000   0.00002   0.00047   0.00191
  72.00000  -1.50000  12.50000   0.00000   0.00001   0.00042   0.00182
  76.00000  -1.50000  12.50000   0.00000   0.00001   0.00036   0.00166
  80.00000  -1.50000  12.50000   0.00000   0.00001   0.00030   0.00144
  84.00000  -1.50000  12.50000   0.00000   0.00001   0.00024   0.00119
  88.00000  -1.50000  12.50000   0.00000   0.00000   0.00018   0.00094
  92.00000  -1.50000  12.50000   0.00000   0.00000   0.00013   0.00070
  96.00000  -1.50000  12.50000   0.00000   0.00000   0.00009   0.00049
 100.00000  -1.50000  12.50000   0.00000   0.00000   0.00006   0.00033
 104.00000  -1.50000  12.50000   0.00000   0.00000   0.00004   0.00021
 108.00000  -1.50000  12.50000   0.00000   0.00000   0.00002   0.00012
 112.00000  -1.50000  12.50000   0.00000   0.00000   0.00001   0.00007
 116.00000  -1.50000  12.50000   0.00000   0.00000   0.00001   0.00004
 120.00000  -1.50000  12.50000   0.00000   0.00000   0.00000   0.00002
 124.00000  -1.50000  12.50000   0.00000   0.00000   0.00000   0.00001
 128.00000  -1.50000  12.50000   0.00000   0.00000   0.00000   0.00000
 132.00000  -1.50000  12.50000   0.00000   0.00000   0.00000   0.00000
 136.00000  -1.50000  12.50000   0.00000   0.00000   0.00000   0.00000
 140.00000  -1.50000  12.50000   0.00000   0.00000   0.00000   0.00000
 144.00000  -1.50000  12.50000   0.00000   0.00000   0.00000   0.00000
 148.00000  -1.50000  12.50000   0.00000   0.00000   0.00000   0.00000
 150.00000  -1.50000  12.50000   0.00000   0.00000   0.00000   0.00000
   0.00000  -0.50000  12.50000   0.00000   0.00000   0.00000   0.00000
   4.00000  -0.50000  12.50000   0.00000   0.00000   0.00000   0.00000
   8.00000  -0.50000  12.50000   0.00000   0.00000   0.00001   0.00001
  12.00000  -0.50000  12.50000   0.00000   0.00001   0.00002   0.00002
  16.00000  -0.50000  12.50000   0.00000   0.00001   0.00005   0.00006
  20.00000  -0.50000  12.50000   0.00000   0.00002   0.00011   0.00013
  24.00000  -0.50000  12.50000   0.00000   0.00004   0.00019   0.00024
  28.00000  -0.50000  12.50000   0.00000   0.00005   0.00029   0.00042
  32.00000  -0.50000  12.50000   0.00000   0.00006   0.00040   0.00065
  36.00000  -0.50000  12.50000   0.00000   0.00006   0.00051   0.00093
  40.00000  -0.50000  12.50000   0.00000   0.00006   0.00061   0.00125
  44.00000  -0.50000  12.50000   0.00000   0.00006   0.00070   0.00159
  48.00000  -0.50000  12.50000   0.00000   0.00006   0.00075   0.00191
  52.00000  -0.50000  12.50000   0.00000   0.00005   0.00078   0.00221
  56.00000  -0.50000  12.50000   0.00000   0.00004   0.00079   0.00245
  60.00000  -0.50000  12.50000   0.00000   0.00004   0.00077   0.00261
  64.00000  -0.50000  12.50000   0.00000   0.00003   0.00072   0.00268
  68.00000  -0.50000  12.50000   0.00000   0.00002   0.00066   0.00264
  72.00000  -0.50000  12.50000   0.00000   0.00002   0.00058   0.00249
  76.00000  -0.50000  12.50000   0.00000   0.00001   0.00050   0.00226
  80.00000  -0.50000  12.50000   0.00000   0.00001   0.00041   0.00195
  84.00000  -0.50000  12.50000   0.00000   0.00001   0.00032   0.00161
  88.00000  -0.50000  12.50000   0.00000   0.00001   0.00024   0.00126
  92.00000  -0.50000  12.50000   0.00000   0.00000   0.00017   0.00093
  96.00000  -0.50000  12.50000   0.00000   0.00000   0.00012   0.00066
 100.00000  -0.50000  12.50000   0.00000   0.00000   0.00008   0.00044
 104.00000  -0.50000  12.50000   0.00000   0.00000   0.00005   0.00027
 108.00000  -0.50000  12.50000   0.00000   0.00000   0.00003   0.00016
 112.00000  -0.50000  12.50000   0.00000   0.00000   0.00002   0.00009
 116.00000  -0.50000  12.50000   0.00000   0.00000   0.00001   0.00005
 120.00000  -0.50000  12.50000   0.00000   0.00000   0.00000   0.00002
 124.00000  -0.50000  12.50000   0.00000   0.00000   0.00000   0.00001
 128.00000  -0.50000  12.50000   0.00000   0.00000   0.00000   0.00000
 132.00000  -0.50000  12.50000   0.00000   0.00000   0.00000   0.00000
 136.00000  -0.50000  12.50000   0.00000   0.00000   0.00000   0.00000
 140.00000  -0.50000  12.50000   0.00000   0.00000   0.00000   0.00000
 144.00000  -0.50000  12.50000   0.00000   0.00000   0.00000   0.00000
 148.00000  -0.50000  12.50000   0.00000   0.00000   0.00000   0.00000
 150.00000  -0.50000  12.50000   0.00000   0.00000   0.00000   0.00000
   0.00000   0.50000  12.50000   0.00000   0.00000   0.00000   0.00000
   4.00000   0.50000  12.50000   0.00000   0.00000   0.00000   0.00000
   8.00000   0.50000  12.50000   0.00000   0.00000   0.00001   0.00001
  12.00000   0.50000  12.50000   0.00000   0.00001   0.00004   0.00004
  16.00000   0.50000  12.50000   0.00000   0.00003   0.00010   0.00010
  20.00000   0.50000  12.50000   0.00000   0.00005   0.00020   0.00022
  24.00000   0.50000  12.50000   0.00000   0.00007   0.00034   0.00042
  28.00000   0.50000  12.50000   0.00000   0.00009   0.00050   0.00069
  32.00000   0.50000  12.50000   0.00000   0.00010   0.00067   0.00104
  36.00000   0.50000  12.50000   0.00000   0.00011   0.00084   0.00146
  40.00000   0.50000  12.50000   0.00000   0.00011   0.00097   0.00191
  44.00000   0.50000  12.50000   0.00000   0.00010   0.00107   0.00236
  48.00000   0.50000  12.50000   0.00000   0.00009   0.00113   0.00279
  52.00000   0.50000  12.50000   0.00000   0.00008   0.00115   0.00317
  56.00000   0.50000  12.50000   0.00000   0.00007   0.00114   0.00346
  60.00000   0.50000  12.50000   0.00000   0.00005   0.00109   0.00364
  64.00000   0.50000  12.50000   0.00000   0.00004   0.00101   0.00369
  68.00000   0.50000  12.50000   0.00000   0.00003   0.00091   0.00360
  72.00000   0.50000  12.50000   0.00000   0.00003   0.00080   0.00337
  76.00000   0.50000  12.50000   0.00000   0.00002   0.00067   0.00303
  80.00000   0.50000  12.50000   0.00000   0.00001   0.00055   0.00260
  84.00000   0.50000  12.50000   0.00000   0.00001   0.00043   0.00213
  88.00000   0.50000  12.50000   0.00000   0.00001   0.00032   0.00166
  92.00000   0.50000  12.50000   0.00000   0.00000   0.00023   0.00123
  96.00000   0.50000  12.50000   0.00000   0.00000   0.00016   0.00086
 100.00000   0.50000  12.50000   0.00000   0.00000   0.00010   0.00057
 104.00000   0.50000  12.50000   0.00000   0.00000   0.00006   0.00036
 108.00000   0.50000  12.50000   0.00000   0.00000   0.00004   0.00021
 112.00000   0.50000  12.50000   0.00000   0.00000   0.00002   0.00012
 116.00000   0.50000  12.50000   0.00000   0.00000   0.00001   0.00006
 120.00000   0.50000  12.50000   0.00000   0.00000   0.00001   0.00003
 124.00000   0.50000  12.50000   0.00000   0.00000   0.00000   0.00001
 128.00000   0.50000  12.50000   0.00000   0.00000   0.00000   0.00001
 132.00000   0.50000  12.50000   0.00000   0.00000   0.00000   0.00000
 136.00000   0.50000  12.50000   0.00000   0.00000   0.00000   0.00000
 140.00000   0.50000  12.50000   0.00000   0.00000   0.00000   0.00000
 144.00000   0.50000  12.50000   0.00000   0.00000   0.00000   0.00000
 148.00000   0.50000  12.50000   0.00000   0.00000   0.00000   0.00000
 150.00000   0.50000  12.50000   0.00000   0.00000   0.00000   0.00000
   0.00000   1.50000  12.50000   0.00000   0.00000   0.00000   0.00000
   4.00000   1.50000  12.50000   0.00000   0.00000   0.00000   0.00000
   8.00000   1.50000  12.50000   0.00000   0.00001   0.00003   0.00002
  12.00000   1.50000  12.50000   0.00000   0.00003   0.00008   0.00007
  16.00000   1.50000  12.50000   0.00000   0.00006   0.00020   0.00018
  20.00000   1.50000  12.50000   0.00000   0.00010   0.00037   0.00038
  24.00000   1.50000  12.50000   0.00000   0.00014   0.00060   0.00070
  28.00000   1.50000  12.50000   0.00000   0.00017   0.00086   0.00112
  32.00000   1.50000  12.50000   0.00000   0.00018   0.00111   0.00165
  36.00000   1.50000  12.50000   0.00000   0.00018   0.00134   0.00224
  40.00000   1.50000  12.50000   0.00000   0.00018   0.00151   0.00286
  44.00000   1.50000  12.50000   0.00000   0.00016   0.00162   0.00346
  48.00000   1.50000  12.50000   0.00000   0.00014   0.00168   0.00402
  52.00000   1.50000  12.50000   0.00000   0.00012   0.00167   0.00448
  56.00000   1.50000  12.50000   0.00000   0.00010   0.00162   0.00481
  60.00000   1.50000  12.50000   0.00000   0.00008   0.00152   0.00500
  64.00000   1.50000  12.50000   0.00000   0.00006   0.00140   0.00501
  68.00000   1.50000  12.50000   0.00000   0.00005   0.00124   0.00484
  72.00000   1.50000  12.50000   0.00000   0.00004   0.00108   0.00450
  76.00000   1.50000  12.50000   0.00000   0.00003   0.00090   0.00401
  80.00000   1.50000  12.50000   0.00000   0.00002   0.00073   0.00343
  84.00000   1.50000  12.50000   0.00000   0.00001   0.00057   0.00279
  88.00000   1.50000  12.50000   0.00000   0.00001   0.00042   0.00217
  92.00000   1.50000  12.50000   0.00000   0.00001   0.00030   0.00160
  96.00000   1.50000  12.50000   0.00000   0.00000   0.00020   0.00112
 100.00000   1.50000  12.50000   0.00000   0.00000   0.00013   0.00074
 104.00000   1.50000  12.50000   0.00000   0.00000   0.00008   0.00046
 108.00000   1.50000  12.50000   0.00000   0.00000   0.00005   0.00027
 112.00000   1.50000  12.50000   0.00000   0.00000   0.00003   0.00015
 116.00000   1.50000  12.50000   0.00000   0.00000   0.00001   0.00008
 120.00000   1.50000  12.50000   0.00000   0.00000   0.00001   0.00004
 124.00000   1.50000  12.50000   0.00000   0.00000   0.00000   0.00002
 128.00000   1.50000  12.50000   0.00000   0.00000   0.00000   0.00001
 132.00000   1.50000  12.50000   0.00000   0.00000   0.00000   0.00000
 136.00000   1.50000  12.50000   0.00000   0.00000   0.00000   0.00000
 140.00000   1.50000  12.50000   0.00000   0.00000   0.00000   0.00000
 144.00000   1.50000  12.50000   0.00000   0.00000   0.00000   0.00000
 148.00000   1.50000  12.50000   0.00000   0.00000   0.00000   0.00000
 150.00000   1.50000  12.50000   0.00000   0.00000   0.00000   0.00000
   0.00000   2.50000  12.50000   0.00000   0.00000   0.00000   0.00000
   4.00000   2.50000  12.50000   0.00000   0.00000   0.00001   0.00001
   8.00000   2.50000  12.50000   0.00000   0.00002   0.00005   0.00004
  12.00000   2.50000  12.50000   0.00000   0.00006   0.00017   0.00013
  16.00000   2.50000  12.50000   0.00000   0.00013   0.00038   0.00032
  20.00000   2.50000  12.50000   0.00000   0.00020   0.00068   0.00066
  24.00000   2.50000  12.50000   0.00000   0.00026   0.00106   0.00116
  28.00000   2.50000  12.50000   0.00000   0.00030   0.00145   0.00180
  32.00000   2.50000  12.50000   0.00000   0.00031   0.00181   0.00256
  36.00000   2.50000  12.50000   0.00000   0.00031   0.00210   0.00339
  40.00000   2.50000  12.50000   0.00000   0.00028   0.00231   0.00422
  44.00000   2.50000  12.50000   0.00000   0.00025   0.00242   0.00500
  48.00000   2.50000  12.50000   0.00000   0.00021   0.00244   0.00569
  52.00000   2.50000  12.50000   0.00000   0.00017   0.00238   0.00623
  56.00000   2.50000  12.50000   0.00000   0.00014   0.00227   0.00660
  60.00000   2.50000  12.50000   0.00000   0.00011   0.00210   0.00676
  64.00000   2.50000  12.50000   0.00000   0.00009   0.00190   0.00670
  68.00000   2.50000  12.50000   0.00000   0.00007   0.00167   0.00641
  72.00000   2.50000  12.50000   0.00000   0.00005   0.00143   0.00591
  76.00000   2.50000  12.50000   0.00000   0.00004   0.00119   0.00524
  80.00000   2.50000  12.50000   0.00000   0.00003   0.00095   0.00445
  84.00000   2.50000  12.50000   0.00000   0.00002   0.00074   0.00361
  88.00000   2.50000  12.50000   0.00000   0.00001   0.00055   0.00279
  92.00000   2.50000  12.50000   0.00000   0.00001   0.00039   0.00205
  96.00000   2.50000  12.50000   0.00000   0.00001   0.00026   0.00143
 100.00000   2.50000  12.50000   0.00000   0.00000   0.00017   0.00095
 104.00000   2.50000  12.50000   0.00000   0.00000   0.00010   0.00059
 108.00000   2.50000  12.50000   0.00000   0.00000   0.00006   0.00035
 112.00000   2.50000  12.50000   0.00000   0.00000   0.00003   0.00019
 116.00000   2.50000  12.50000   0.00000   0.00000   0.00002   0.00010
 120.00000   2.50000  12.50000   0.00000   0.00000   0.00001   0.00005
 124.00000   2.50000  12.50000   0.00000   0.00000   0.00000   0.00002
 128.00000   2.50000  12.50000   0.00000   0.00000   0.00000   0.00001
 132.00000   2.50000  12.50000   0.00000   0.00000   0.00000   0.00000
 136.00000   2.50000  12.50000   0.00000   0.00000   0.00000   0.00000
 140.00000   2.50000  12.50000   0.00000   0.00000   0.00000   0.00000
 144.00000   2.50000  12.50000   0.00000   0.00000   0.00000   0.00000
 148.00000   2.50000  12.50000   0.00000   0.00000   0.00000   0.00000
 150.00000   2.50000  12.50000   0.00000   0.00000   0.00000   0.00000
   0.00000   3.50000  12.50000   0.00000   0.00000   0.00000   0.00000
   4.00000   3.50000  12.50000   0.00000   0.00001   0.00002   0.00001
   8.00000   3.50000  12.50000   0.00000   0.00005   0.00011   0.00007
  12.00000   3.50000  12.50000   0.00001   0.00014   0.00033   0.00023
  16.00000   3.50000  12.50000   0.00001   0.00026   0.00071   0.00057
  20.00000   3.50000  12.50000   0.00001   0.00039   0.00123   0.00111
  24.00000   3.50000  12.50000   0.00001   0.00048   0.00183   0.00189
  28.00000   3.50000  12.50000   0.00001   0.00053   0.00240   0.00284
  32.00000   3.50000  12.50000   0.00001   0.00053   0.00289   0.00392
  36.00000   3.50000  12.50000   0.00000   0.00050   0.00325   0.00504
  40.00000   3.50000  12.50000   0.00000   0.00044   0.00346   0.00612
  44.00000   3.50000  12.50000   0.00000   0.00038   0.00354   0.00710
  48.00000   3.50000  12.50000   0.00000   0.00031   0.00349   0.00792
  52.00000   3.50000  12.50000   0.00000   0.00025   0.00334   0.00854
  56.00000   3.50000  12.50000   0.00000   0.00020   0.00312   0.00891
  60.00000   3.50000  12.50000   0.00000   0.00016   0.00285   0.00902
  64.00000   3.50000  12.50000   0.00000   0.00012   0.00254   0.00884
  68.00000   3.50000  12.50000   0.00000   0.00009   0.00221   0.00838
  72.00000   3.50000  12.50000   0.00000   0.00007   0.00187   0.00767
  76.00000   3.50000  12.50000   0.00000   0.00005   0.00154   0.00675
  80.00000   3.50000  12.50000   0.00000   0.00003   0.00123   0.00570
  84.00000   3.50000  12.50000   0.00000   0.00002   0.00094   0.00460
  88.00000   3.50000  12.50000   0.00000   0.00002   0.00070   0.00355
  92.00000   3.50000  12.50000   0.00000   0.00001   0.00049   0.00260
  96.00000   3.50000  12.50000   0.00000   0.00001   0.00033   0.00181
 100.00000   3.50000  12.50000   0.00000   0.00000   0.00021   0.00119
 104.00000   3.50000  12.50000   0.00000   0.00000   0.00013   0.00074
 108.00000   3.50000  12.50000   0.00000   0.00000   0.00007   0.00044
 112.00000   3.50000  12.50000   0.00000   0.00000   0.00004   0.00024
 116.00000   3.50000  12.50000   0.00000   0.00000   0.00002   0.00013
 120.00000   3.50000  12.50000   0.00000   0.00000   0.00001   0.00006
 124.00000   3.50000  12.50000   0.00000   0.00000   0.00000   0.00003
 128.00000   3.50000  12.50000   0.00000   0.00000   0.00000   0.00001
 132.00000   3.50000  12.50000   0.00000   0.00000   0.00000   0.00001
 136.00000   3.50000  12.50000   0.00000   0.00000   0.00000   0.00000
 140.00000   3.50000  12.50000   0.00000   0.00000   0.00000   0.00000
 144.00000   3.50000  12.50000   0.00000   0.00000   0.00000   0.00000
 148.00000   3.50000  12.50000   0.00000   0.00000   0.00000   0.00000
 150.00000   3.50000  12.50000   0.00000   0.00000   0.00000   0.00000
   0.00000   4.50000  12.50000   0.00000   0.00000   0.00000   0.00000
   4.00000   4.50000  12.50000   0.00000   0.00003   0.00005   0.00003
   8.00000   4.50000  12.50000   0.00001   0.00012   0.00023   0.00013
  12.00000   4.50000  12.50000   0.00002   0.00031   0.00064   0.00042
  16.00000   4.50000  12.50000   0.00002   0.00054   0.00132   0.00098
  20.00000   4.50000  12.50000   0.00003   0.00074   0.00218   0.00185
  24.00000   4.50000  12.50000   0.00002   0.00087   0.00309   0.00302
  28.00000   4.50000  12.50000   0.00002   0.00091   0.00390   0.00440
  32.00000   4.50000  12.50000   0.00001   0.00088   0.00452   0.00588
  36.00000   4.50000  12.50000   0.00001   0.00079   0.00492   0.00736
  40.00000   4.50000  12.50000   0.00000   0.00068   0.00510   0.00873
  44.00000   4.50000  12.50000   0.00000   0.00057   0.00508   0.00991
  48.00000   4.50000  12.50000   0.00000   0.00046   0.00490   0.01085
  52.00000   4.50000  12.50000   0.00000   0.00036   0.00461   0.01151
  56.00000   4.50000  12.50000   0.00000   0.00028   0.00423   0.01184
  60.00000   4.50000  12.50000   0.00000   0.00021   0.00380   0.01183
  64.00000   4.50000  12.50000   0.00000   0.00016   0.00335   0.01148
  68.00000   4.50000  12.50000   0.00000   0.00012   0.00288   0.01079
  72.00000   4.50000  12.50000   0.00000   0.00009   0.00242   0.00979
  76.00000   4.50000  12.50000   0.00000   0.00006   0.00198   0.00857
  80.00000   4.50000  12.50000   0.00000   0.00004   0.00156   0.00720
  84.00000   4.50000  12.50000   0.00000   0.00003   0.00119   0.00579
  88.00000   4.50000  12.50000   0.00000   0.00002   0.00088   0.00444
  92.00000   4.50000  12.50000   0.00000   0.00001   0.00062   0.00325
  96.00000   4.50000  12.50000   0.00000   0.00001   0.00041   0.00225
 100.00000   4.50000  12.50000   0.00000   0.00001   0.00027   0.00148
 104.00000   4.50000  12.50000   0.00000   0.00000   0.00016   0.00092
 108.00000   4.50000  12.50000   0.00000   0.00000   0.00009   0.00054
 112.00000   4.50000  12.50000   0.00000   0.00000   0.00005   0.00030
 116.00000   4.50000  12.50000   0.00000   0.00000   0.00003   0.00016
 120.00000   4.50000  12.50000   0.00000   0.00000   0.00001   0.00008
 124.00000   4.50000  12.50000   0.00000   0.00000   0.00001   0.00004
 128.00000   4.50000  12.50000   0.00000   0.00000   0.00000   0.00002
 132.00000   4.50000  12.50000   0.00000   0.00000   0.00000   0.00001
 136.00000   4.50000  12.50000   0.00000   0.00000   0.00000   0.00000
 140.00000   4.50000  12.50000   0.00000   0.00000   0.00000   0.00000
 144.00000   4.50000  12.50000   0.00000   0.00000   0.00000   0.00000
 148.00000   4.50000  12.50000   0.00000   0.00000   0.00000   0.00000
 150.00000   4.50000  12.50000   0.00000   0.00000   0.00000   0.00000
   0.00000   5.50000  12.50000   0.00000   0.00000   0.00000   0.00000
   4.00000   5.50000  12.50000   0.00001   0.00007   0.00010   0.00005
   8.00000   5.50000  12.50000   0.00003   0.00029   0.00046   0.00025
  12.00000   5.50000  12.50000   0.00005   0.00066   0.00125   0.00075
  16.00000   5.50000  12.50000   0.00006   0.00108   0.00242   0.00167
  20.00000   5.50000  12.50000   0.00005   0.00140   0.00379   0.00302
  24.00000   5.50000  12.50000   0.00004   0.00155   0.00511   0.00474
  28.00000   5.50000  12.50000   0.00003   0.00154   0.00619   0.00667
  32.00000   5.50000  12.50000   0.00002   0.00141   0.00693   0.00865
  36.00000   5.50000  12.50000   0.00001   0.00123   0.00730   0.01054
  40.00000   5.50000  12.50000   0.00001   0.00102   0.00736   0.01222
  44.00000   5.50000  12.50000   0.00000   0.00083   0.00715   0.01359
  48.00000   5.50000  12.50000   0.00000   0.00065   0.00676   0.01462
  52.00000   5.50000  12.50000   0.00000   0.00050   0.00624   0.01526
  56.00000   5.50000  12.50000   0.00000   0.00038   0.00564   0.01548
  60.00000   5.50000  12.50000   0.00000   0.00029   0.00500   0.01529
  64.00000   5.50000  12.50000   0.00000   0.00021   0.00434   0.01468
  68.00000   5.50000  12.50000   0.00000   0.00016   0.00370   0.01368
  72.00000   5.50000  12.50000   0.00000   0.00011   0.00308   0.01233
  76.00000   5.50000  12.50000   0.00000   0.00008   0.00249   0.01072
  80.00000   5.50000  12.50000   0.00000   0.00006   0.00196   0.00896
  84.00000   5.50000  12.50000   0.00000   0.00004   0.00149   0.00718
  88.00000   5.50000  12.50000   0.00000   0.00003   0.00109   0.00549
  92.00000   5.50000  12.50000   0.00000   0.00002   0.00076   0.00400
  96.00000   5.50000  12.50000   0.00000   0.00001   0.00051   0.00277
 100.00000   5.50000  12.50000   0.00000   0.00001   0.00033   0.00182
 104.00000   5.50000  12.50000   0.00000   0.00000   0.00020   0.00113
 108.00000   5.50000  12.50000   0.00000   0.00000   0.00011   0.00066
 112.00000   5.50000  12.50000   0.00000   0.00000   0.00006   0.00037
 116.00000   5.50000  12.50000   0.00000   0.00000   0.00003   0.00019
 120.00000   5.50000  12.50000   0.00000   0.00000   0.00002   0.00009
 124.00000   5.50000  12.50000   0.00000   0.00000   0.00001   0.00004
 128.00000   5.50000  12.50000   0.00000   0.00000   0.00000   0.00002
 132.00000   5.50000  12.50000   0.00000   0.00000   0.00000   0.00001
 136.00000   5.50000  12.50000   0.00000   0.00000   0.00000   0.00000
 140.00000   5.50000  12.50000   0.00000   0.00000   0.00000   0.00000
 144.00000   5.50000  12.50000   0.00000   0.00000   0.00000   0.00000
 148.00000   5.50000  12.50000   0.00000   0.00000   0.00000   0.00000
 150.00000   5.50000  12.50000   0.00000   0.00000   0.00000   0.00000
   0.00000   6.50000  12.50000   0.00000   0.00000   0.00000   0.00000
   4.00000   6.50000  12.50000   0.00002   0.00017   0.00021   0.00009
   8.00000   6.50000  12.50000   0.00007   0.00066   0.00094   0.00045
  12.00000   6.50000  12.50000   0.00012   0.00141   0.00237   0.00131
  16.00000   6.50000  12.50000   0.00013   0.00212   0.00434   0.00278
  20.00000   6.50000  12.50000   0.00011   0.00257   0.00644   0.00483
  24.00000   6.50000  12.50000   0.00008   0.00268   0.00827   0.00728
  28.00000   6.50000  12.50000   0.00005   0.00253   0.00960   0.00991
  32.00000   6.50000  12.50000   0.00003   0.00222   0.01036   0.01248
  36.00000   6.50000  12.50000   0.00002   0.00186   0.01059   0.01481
  40.00000   6.50000  12.50000   0.00001   0.00150   0.01039   0.01677
  44.00000   6.50000  12.50000   0.00001   0.00118   0.00987   0.01830
  48.00000   6.50000  12.50000   0.00000   0.00091   0.00914   0.01934
  52.00000   6.50000  12.50000   0.00000   0.00069   0.00829   0.01988
  56.00000   6.50000  12.50000   0.00000   0.00051   0.00738   0.01992
  60.00000   6.50000  12.50000   0.00000   0.00038   0.00645   0.01945
  64.00000   6.50000  12.50000   0.00000   0.00028   0.00554   0.01850
  68.00000   6.50000  12.50000   0.00000   0.00020   0.00467   0.01709
  72.00000   6.50000  12.50000   0.00000   0.00014   0.00385   0.01530
  76.00000   6.50000  12.50000   0.00000   0.00010   0.00310   0.01323
  80.00000   6.50000  12.50000   0.00000   0.00007   0.00242   0.01100
  84.00000   6.50000  12.50000   0.00000   0.00005   0.00183   0.00878
  88.00000   6.50000  12.50000   0.00000   0.00003   0.00133   0.00669
  92.00000   6.50000  12.50000   0.00000   0.00002   0.00093   0.00486
  96.00000   6.50000  12.50000   0.00000   0.00001   0.00062   0.00336
 100.00000   6.50000  12.50000   0.00000   0.00001   0.00040   0.00220
 104.00000   6.50000  12.50000   0.00000   0.00000   0.00024   0.00137
 108.00000   6.50000  12.50000   0.00000   0.00000   0.00014   0.00080
 112.00000   6.50000  12.50000   0.00000   0.00000   0.00007   0.00044
 116.00000   6.50000  12.50000   0.00000   0.00000   0.00004   0.00023
 120.00000   6.50000  12.50000   0.00000   0.00000   0.00002   0.00011
 124.00000   6.50000  12.50000   0.00000   0.00000   0.00001   0.00005
 128.00000   6.50000  12.50000   0.00000   0.00000   0.00000   0.00002
 132.00000   6.50000  12.50000   0.00000   0.00000   0.00000   0.00001
 136.00000   6.50000  12.50000   0.00000   0.00000   0.00000   0.00000
 140.00000   6.50000  12.50000   0.00000   0.00000   0.00000   0.00000
 144.00000   6.50000  12.50000   0.00000   0.00000   0.00000   0.00000
 148.00000   6.50000  12.50000   0.00000   0.00000   0.00000   0.00000
 150.00000   6.50000  12.50000   0.00000   0.00000   0.00000   0.00000
   0.00000   7.50000  12.50000   0.00000   0.00000   0.00000   0.00000
   4.00000   7.50000  12.50000   0.00007   0.00040   0.00044   0.00017
   8.00000   7.50000  12.50000   0.00020   0.00149   0.00186   0.00081
  12.00000   7.50000  12.50000   0.00030   0.00294   0.00442   0.00224
  16.00000   7.50000  12.50000   0.00029   0.00407   0.00760   0.00453
  20.00000   7.50000  12.50000   0.00023   0.00458   0.01065   0.00754
  24.00000   7.50000  12.50000   0.00015   0.00449   0.01304   0.01094
  28.00000   7.50000  12.50000   0.00009   0.00403   0.01452   0.01438
  32.00000   7.50000  12.50000   0.00005   0.00340   0.01514   0.01759
  36.00000   7.50000  12.50000   0.00003   0.00275   0.01502   0.02036
  40.00000   7.50000  12.50000   0.00002   0.00215   0.01437   0.02258
  44.00000   7.50000  12.50000   0.00001   0.00165   0.01335   0.02417
  48.00000   7.50000  12.50000   0.00000   0.00124   0.01213   0.02513
  52.00000   7.50000  12.50000   0.00000   0.00092   0.01082   0.02547
  56.00000   7.50000  12.50000   0.00000   0.00068   0.00949   0.02521
  60.00000   7.50000  12.50000   0.00000   0.00049   0.00819   0.02436
  64.00000   7.50000  12.50000   0.00000   0.00035   0.00696   0.02295
  68.00000   7.50000  12.50000   0.00000   0.00025   0.00581   0.02104
  72.00000   7.50000  12.50000   0.00000   0.00018   0.00475   0.01871
  76.00000   7.50000  12.50000   0.00000   0.00013   0.00380   0.01609
  80.00000   7.50000  12.50000   0.00000   0.00009   0.00295   0.01332
  84.00000   7.50000  12.50000   0.00000   0.00006   0.00222   0.01059
  88.00000   7.50000  12.50000   0.00000   0.00004   0.00161   0.00805
  92.00000   7.50000  12.50000   0.00000   0.00002   0.00112   0.00583
  96.00000   7.50000  12.50000   0.00000   0.00002   0.00075   0.00402
 100.00000   7.50000  12.50000   0.00000   0.00001   0.00047   0.00263
 104.00000   7.50000  12.50000   0.00000   0.00001   0.00029   0.00163
 108.00000   7.50000  12.50000   0.00000   0.00000   0.00016   0.00095
 112.00000   7.50000  12.50000   0.00000   0.00000   0.00009   0.00053
 116.00000   7.50000  12.50000   0.00000   0.00000   0.00005   0.00027
 120.00000   7.50000  12.50000   0.00000   0.00000   0.00002   0.00013
 124.00000   7.50000  12.50000   0.00000   0.00000   0.00001   0.00006
 128.00000   7.50000  12.50000   0.00000   0.00000   0.00000   0.00003
 132.00000   7.50000  12.50000   0.00000   0.00000   0.00000   0.00001
 136.00000   7.50000  12.50000   0.00000   0.00000   0.00000   0.00000
 140.00000   7.50000  12.50000   0.00000   0.00000   0.00000   0.00000
 144.00000   7.50000  12.50000   0.00000   0.00000   0.00000   0.00000
 148.00000   7.50000  12.50000   0.00000   0.00000   0.00000   0.00000
 150.00000   7.50000  12.50000   0.00000   0.00000   0.00000   0.00000
   0.00000   8.50000  12.50000   0.00000   0.00000   0.00000   0.00000
   4.00000   8.50000  12.50000   0.00021   0.00099   0.00092   0.00032
   8.00000   8.50000  12.50000   0.00055   0.00336   0.00365   0.00143
  12.00000   8.50000  12.50000   0.00071   0.00597   0.00806   0.00374
  16.00000   8.50000  12.50000   0.00062   0.00757   0.01295   0.00721
  20.00000   8.50000  12.50000   0.00044   0.00789   0.01712   0.01147
  24.00000   8.50000  12.50000   0.00028   0.00729   0.01997   0.01601
  28.00000   8.50000  12.50000   0.00016   0.00623   0.02138   0.02038
  32.00000   8.50000  12.50000   0.00009   0.00505   0.02155   0.02424
  36.00000   8.50000  12.50000   0.00005   0.00395   0.02079   0.02741
  40.00000   8.50000  12.50000   0.00002   0.00301   0.01941   0.02977
  44.00000   8.50000  12.50000   0.00001   0.00225   0.01768   0.03131
  48.00000   8.50000  12.50000   0.00001   0.00166   0.01578   0.03206
  52.00000   8.50000  12.50000   0.00000   0.00121   0.01385   0.03207
  56.00000   8.50000  12.50000   0.00000   0.00087   0.01198   0.03136
  60.00000   8.50000  12.50000   0.00000   0.00063   0.01022   0.03000
  64.00000   8.50000  12.50000   0.00000   0.00045   0.00860   0.02803
  68.00000   8.50000  12.50000   0.00000   0.00032   0.00711   0.02551
  72.00000   8.50000  12.50000   0.00000   0.00022   0.00578   0.02255
  76.00000   8.50000  12.50000   0.00000   0.00015   0.00458   0.01929
  80.00000   8.50000  12.50000   0.00000   0.00010   0.00354   0.01590
  84.00000   8.50000  12.50000   0.00000   0.00007   0.00265   0.01259
  88.00000   8.50000  12.50000   0.00000   0.00005   0.00191   0.00954
  92.00000   8.50000  12.50000   0.00000   0.00003   0.00133   0.00690
  96.00000   8.50000  12.50000   0.00000   0.00002   0.00088   0.00475
 100.00000   8.50000  12.50000   0.00000   0.00001   0.00056   0.00310
 104.00000   8.50000  12.50000   0.00000   0.00001   0.00034   0.00192
 108.00000   8.50000  12.50000   0.00000   0.00000   0.00019   0.00112
 112.00000   8.50000  12.50000   0.00000   0.00000   0.00010   0.00062
 116.00000   8.50000  12.50000   0.00000   0.00000   0.00005   0.00032
 120.00000   8.50000  12.50000   0.00000   0.00000   0.00003   0.00016
 124.00000   8.50000  12.50000   0.00000   0.00000   0.00001   0.00007
 128.00000   8.50000  12.50000   0.00000   0.00000   0.00001   0.00003
 132.00000   8.50000  12.50000   0.00000   0.00000   0.00000   0.00001
 136.00000   8.50000  12.50000   0.00000   0.00000   0.00000   0.00000
 140.00000   8.50000  12.50000   0.00000   0.00000   0.00000   0.00000
 144.00000   8.50000  12.50000   0.00000   0.00000   0.00000   0.00000
 148.00000   8.50000  12.50000   0.00000   0.00000   0.00000   0.00000
 150.00000   8.50000  12.50000   0.00000   0.00000   0.00000   0.00000
   0.00000   9.50000  12.50000   0.00000   0.00000   0.00000   0.00000
   4.00000   9.50000  12.50000   0.00065   0.00243   0.00189   0.00058
   8.00000   9.50000  12.50000   0.00148   0.00739   0.00699   0.00247
  12.00000   9.50000  12.50000   0.00164   0.01175   0.01426   0.00608
  16.00000   9.50000  12.50000   0.00127   0.01357   0.02135   0.01114
  20.00000   9.50000  12.50000   0.00082   0.01312   0.02665   0.01695
  24.00000   9.50000  12.50000   0.00048   0.01143   0.02966   0.02280
  28.00000   9.50000  12.50000   0.00026   0.00931   0.03057   0.02814
  32.00000   9.50000  12.50000   0.00013   0.00727   0.02986   0.03262
  36.00000   9.50000  12.50000   0.00007   0.00551   0.02807   0.03606
  40.00000   9.50000  12.50000   0.00003   0.00409   0.02563   0.03843
  44.00000   9.50000  12.50000   0.00002   0.00299   0.02290   0.03976
  48.00000   9.50000  12.50000   0.00001   0.00216   0.02010   0.04014
  52.00000   9.50000  12.50000   0.00000   0.00155   0.01739   0.03965
  56.00000   9.50000  12.50000   0.00000   0.00110   0.01486   0.03837
  60.00000   9.50000  12.50000   0.00000   0.00078   0.01254   0.03636
  64.00000   9.50000  12.50000   0.00000   0.00055   0.01045   0.03370
  68.00000   9.50000  12.50000   0.00000   0.00039   0.00857   0.03046
  72.00000   9.50000  12.50000   0.00000   0.00027   0.00691   0.02677
  76.00000   9.50000  12.50000   0.00000   0.00018   0.00545   0.02279
  80.00000   9.50000  12.50000   0.00000   0.00013   0.00419   0.01872
  84.00000   9.50000  12.50000   0.00000   0.00008   0.00312   0.01477
  88.00000   9.50000  12.50000   0.00000   0.00005   0.00225   0.01116
  92.00000   9.50000  12.50000   0.00000   0.00003   0.00156   0.00805
  96.00000   9.50000  12.50000   0.00000   0.00002   0.00103   0.00553
 100.00000   9.50000  12.50000   0.00000   0.00001   0.00065   0.00360
 104.00000   9.50000  12.50000   0.00000   0.00001   0.00039   0.00223
 108.00000   9.50000  12.50000   0.00000   0.00000   0.00022   0.00130
 112.00000   9.50000  12.50000   0.00000   0.00000   0.00012   0.00072
 116.00000   9.50000  12.50000   0.00000   0.00000   0.00006   0.00037
 120.00000   9.50000  12.50000   0.00000   0.00000   0.00003   0.00018
 124.00000   9.50000  12.50000   0.00000   0.00000   0.00001   0.00008
 128.00000   9.50000  12.50000   0.00000   0.00000   0.00001   0.00004
 132.00000   9.50000  12.50000   0.00000   0.00000   0.00000   0.00001
 136.00000   9.50000  12.50000   0.00000   0.00000   0.00000   0.00001
 140.00000   9.50000  12.50000   0.00000   0.00000   0.00000   0.00000
 144.00000   9.50000  12.50000   0.00000   0.00000   0.00000   0.00000
 148.00000   9.50000  12.50000   0.00000   0.00000   0.00000   0.00000
 150.00000   9.50000  12.50000   0.00000   0.00000   0.00000   0.00000
   0.00000  10.50000  12.50000   0.00000   0.00000   0.00000   0.00000
   4.00000  10.50000  12.50000   0.00207   0.00595   0.00384   0.00102
   8.00000  10.50000  12.50000   0.00387   0.01581   0.01301   0.00412
  12.00000  10.50000  12.50000   0.00359   0.02220   0.02432   0.00958
  16.00000  10.50000  12.50000   0.00245   0.02327   0.03391   0.01666
  20.00000  10.50000  12.50000   0.00144   0.02093   0.04004   0.02428
  24.00000  10.50000  12.50000   0.00078   0.01723   0.04263   0.03154
  28.00000  10.50000  12.50000   0.00040   0.01345   0.04241   0.03782
  32.00000  10.50000  12.50000   0.00020   0.01014   0.04025   0.04279
  36.00000  10.50000  12.50000   0.00010   0.00747   0.03693   0.04636
  40.00000  10.50000  12.50000   0.00005   0.00541   0.03304   0.04855
  44.00000  10.50000  12.50000   0.00002   0.00388   0.02901   0.04948
  48.00000  10.50000  12.50000   0.00001   0.00276   0.02508   0.04930
  52.00000  10.50000  12.50000   0.00000   0.00195   0.02142   0.04815
  56.00000  10.50000  12.50000   0.00000   0.00137   0.01809   0.04613
  60.00000  10.50000  12.50000   0.00000   0.00096   0.01512   0.04335
  64.00000  10.50000  12.50000   0.00000   0.00067   0.01248   0.03988
  68.00000  10.50000  12.50000   0.00000   0.00046   0.01016   0.03583
  72.00000  10.50000  12.50000   0.00000   0.00032   0.00814   0.03132
  76.00000  10.50000  12.50000   0.00000   0.00022   0.00638   0.02654
  80.00000  10.50000  12.50000   0.00000   0.00015   0.00488   0.02172
  84.00000  10.50000  12.50000   0.00000   0.00010   0.00363   0.01709
  88.00000  10.50000  12.50000   0.00000   0.00006   0.00260   0.01288
  92.00000  10.50000  12.50000   0.00000   0.00004   0.00180   0.00927
  96.00000  10.50000  12.50000   0.00000   0.00002   0.00119   0.00635
 100.00000  10.50000  12.50000   0.00000   0.00001   0.00075   0.00414
 104.00000  10.50000  12.50000   0.00000   0.00001   0.00045   0.00255
 108.00000  10.50000  12.50000   0.00000   0.00000   0.00026   0.00149
 112.00000  10.50000  12.50000   0.00000   0.00000   0.00014   0.00082
 116.00000  10.50000  12.50000   0.00000   0.00000   0.00007   0.00043
 120.00000  10.50000  12.50000   0.00000   0.00000   0.00003   0.00021
 124.00000  10.50000  12.50000   0.00000   0.00000   0.00002   0.00010
 128.00000  10.50000  12.50000   0.00000   0.00000   0.00001   0.00004
 132.00000  10.50000  12.50000   0.00000   0.00000   0.00000   0.00002
 136.00000  10.50000  12.50000   0.00000   0.00000   0.00000   0.00001
 140.00000  10.50000  12.50000   0.00000   0.00000   0.00000   0.00000
 144.00000  10.50000  12.50000   0.00000   0.00000   0.00000   0.00000
 148.00000  10.50000  12.50000   0.00000   0.00000   0.00000   0.00000
 150.00000  10.50000  12.50000   0.00000   0.00000   0.00000   0.00000
   0.00000  11.50000  12.50000   0.00000   0.00000   0.00000   0.00000
   4.00000  11.50000  12.50000   0.00661   0.01438   0.00761   0.00174
   8.00000  11.50000  12.50000   0.00961   0.03239   0.02327   0.00665
  12.00000  11.50000  12.50000   0.00736   0.03982   0.03971   0.01454
  16.00000  11.50000  12.50000   0.00443   0.03797   0.05166   0.02403
  20.00000  11.50000  12.50000   0.00238   0.03188   0.05787   0.03365
  24.00000  11.50000  12.50000   0.00120   0.02495   0.05917   0.04233
  28.00000  11.50000  12.50000   0.00059   0.01873   0.05700   0.04944
  32.00000  11.50000  12.50000   0.00028   0.01368   0.05271   0.05473
  36.00000  11.50000  12.50000   0.00013   0.00983   0.04732   0.05820
  40.00000  11.50000  12.50000   0.00006   0.00697   0.04158   0.06000
  44.00000  11.50000  12.50000   0.00003   0.00491   0.03593   0.06032
  48.00000  11.50000  12.50000   0.00001   0.00344   0.03065   0.05940
  52.00000  11.50000  12.50000   0.00001   0.00239   0.02587   0.05741
  56.00000  11.50000  12.50000   0.00000   0.00166   0.02162   0.05451
  60.00000  11.50000  12.50000   0.00000   0.00115   0.01790   0.05082
  64.00000  11.50000  12.50000   0.00000   0.00080   0.01466   0.04645
  68.00000  11.50000  12.50000   0.00000   0.00055   0.01186   0.04149
  72.00000  11.50000  12.50000   0.00000   0.00037   0.00944   0.03610
  76.00000  11.50000  12.50000   0.00000   0.00025   0.00737   0.03047
  80.00000  11.50000  12.50000   0.00000   0.00017   0.00561   0.02485
  84.00000  11.50000  12.50000   0.00000   0.00011   0.00415   0.01949
  88.00000  11.50000  12.50000   0.00000   0.00007   0.00297   0.01466
  92.00000  11.50000  12.50000   0.00000   0.00005   0.00204   0.01053
  96.00000  11.50000  12.50000   0.00000   0.00003   0.00135   0.00721
 100.00000  11.50000  12.50000   0.00000   0.00002   0.00085   0.00468
 104.00000  11.50000  12.50000   0.00000   0.00001   0.00051   0.00289
 108.00000  11.50000  12.50000   0.00000   0.00001   0.00029   0.00168
 112.00000  11.50000  12.50000   0.00000   0.00000   0.00016   0.00093
 116.00000  11.50000  12.50000   0.00000   0.00000   0.00008   0.00048
 120.00000  11.50000  12.50000   0.00000   0.00000   0.00004   0.00024
 124.00000  11.50000  12.50000   0.00000   0.00000   0.00002   0.00011
 128.00000  11.50000  12.50000   0.00000   0.00000   0.00001   0.00005
 132.00000  11.50000  12.50000   0.00000   0.00000   0.00000   0.00002
 136.00000  11.50000  12.50000   0.00000   0.00000   0.00000   0.00001
 140.00000  11.50000  12.50000   0.00000   0.00000   0.00000   0.00000
 144.00000  11.50000  12.50000   0.00000   0.00000   0.00000   0.00000
 148.00000  11.50000  12.50000   0.00000   0.00000   0.00000   0.00000
 150.00000  11.50000  12.50000   0.00000   0.00000   0.00000   0.00000
   0.00000  12.50000  12.50000   0.00000   0.00000   0.00000   0.00000
   4.00000  12.50000  12.50000   0.02092   0.03384   0.01455   0.00288
   8.00000  12.50000  12.50000   0.02208   0.06244   0.03952   0.01026
  12.00000  12.50000  12.50000   0.01394   0.06709   0.06160   0.02112
  16.00000  12.50000  12.50000   0.00744   0.05856   0.07513   0.03332
  20.00000  12.50000  12.50000   0.00369   0.04626   0.08028   0.04502
  24.00000  12.50000  12.50000   0.00177   0.03463   0.07920   0.05502
  28.00000  12.50000  12.50000   0.00083   0.02511   0.07417   0.06279
  32.00000  12.50000  12.50000   0.00039   0.01786   0.06703   0.06818
  36.00000  12.50000  12.50000   0.00018   0.01254   0.05905   0.07133
  40.00000  12.50000  12.50000   0.00008   0.00874   0.05105   0.07251
  44.00000  12.50000  12.50000   0.00004   0.00606   0.04351   0.07203
  48.00000  12.50000  12.50000   0.00002   0.00418   0.03667   0.07018
  52.00000  12.50000  12.50000   0.00001   0.00288   0.03063   0.06720
  56.00000  12.50000  12.50000   0.00000   0.00198   0.02536   0.06330
  60.00000  12.50000  12.50000   0.00000   0.00136   0.02083   0.05861
  64.00000  12.50000  12.50000   0.00000   0.00093   0.01694   0.05324
  68.00000  12.50000  12.50000   0.00000   0.00063   0.01361   0.04732
  72.00000  12.50000  12.50000   0.00000   0.00043   0.01078   0.04099
  76.00000  12.50000  12.50000   0.00000   0.00029   0.00838   0.03447
  80.00000  12.50000  12.50000   0.00000   0.00019   0.00635   0.02802
  84.00000  12.50000  12.50000   0.00000   0.00013   0.00469   0.02193
  88.00000  12.50000  12.50000   0.00000   0.00008   0.00334   0.01646
  92.00000  12.50000  12.50000   0.00000   0.00005   0.00230   0.01181
  96.00000  12.50000  12.50000   0.00000   0.00003   0.00151   0.00807
 100.00000  12.50000  12.50000   0.00000   0.00002   0.00095   0.00524
 104.00000  12.50000  12.50000   0.00000   0.00001   0.00057   0.00322
 108.00000  12.50000  12.50000   0.00000   0.00001   0.00033   0.00188
 112.00000  12.50000  12.50000   0.00000   0.00000   0.00018   0.00103
 116.00000  12.50000  12.50000   0.00000   0.00000   0.00009   0.00054
 120.00000  12.50000  12.50000   0.00000   0.00000   0.00004   0.00026
 124.00000  12.50000  12.50000   0.00000   0.00000   0.00002   0.00012
 128.00000  12.50000  12.50000   0.00000   0.00000   0.00001   0.00005
 132.00000  12.50000  12.50000   0.00000   0.00000   0.00000   0.00002
 136.00000  12.50000  12.50000   0.00000   0.00000   0.00000   0.00001
 140.00000  12.50000  12.50000   0.00000   0.00000   0.00000   0.00000
 144.00000  12.50000  12.50000   0.00000   0.00000   0.00000   0.00000
 148.00000  12.50000  12.50000   0.00000   0.00000   0.00000   0.00000
 150.00000  12.50000  12.50000   0.00000   0.00000   0.00000   0.00000
   0.00000  13.50000  12.50000   0.00000   0.00000   0.00000   0.00000
   4.00000  13.50000  12.50000   0.06276   0.07518   0.02624   0.00451
   8.00000  13.50000  12.50000   0.04541   0.11070   0.06282   0.01500
  12.00000  13.50000  12.50000   0.02397   0.10506   0.09011   0.02925
  16.00000  13.50000  12.50000   0.01156   0.08499   0.10393   0.04433
  20.00000  13.50000  12.50000   0.00538   0.06379   0.10670   0.05805
  24.00000  13.50000  12.50000   0.00246   0.04600   0.10212   0.06925
  28.00000  13.50000  12.50000   0.00112   0.03242   0.09338   0.07746
  32.00000  13.50000  12.50000   0.00050   0.02253   0.08275   0.08272
  36.00000  13.50000  12.50000   0.00023   0.01553   0.07172   0.08533
  40.00000  13.50000  12.50000   0.00010   0.01065   0.06115   0.08569
  44.00000  13.50000  12.50000   0.00005   0.00728   0.05150   0.08422
  48.00000  13.50000  12.50000   0.00002   0.00497   0.04295   0.08130
  52.00000  13.50000  12.50000   0.00001   0.00339   0.03554   0.07723
  56.00000  13.50000  12.50000   0.00000   0.00231   0.02919   0.07223
  60.00000  13.50000  12.50000   0.00000   0.00157   0.02380   0.06647
  64.00000  13.50000  12.50000   0.00000   0.00107   0.01924   0.06006
  68.00000  13.50000  12.50000   0.00000   0.00072   0.01538   0.05313
  72.00000  13.50000  12.50000   0.00000   0.00049   0.01212   0.04585
  76.00000  13.50000  12.50000   0.00000   0.00033   0.00938   0.03844
  80.00000  13.50000  12.50000   0.00000   0.00022   0.00709   0.03116
  84.00000  13.50000  12.50000   0.00000   0.00014   0.00521   0.02434
  88.00000  13.50000  12.50000   0.00000   0.00009   0.00371   0.01823
  92.00000  13.50000  12.50000   0.00000   0.00006   0.00254   0.01305
  96.00000  13.50000  12.50000   0.00000   0.00004   0.00167   0.00891
 100.00000  13.50000  12.50000   0.00000   0.00002   0.00105   0.00578
 104.00000  13.50000  12.50000   0.00000   0.00001   0.00063   0.00355
 108.00000  13.50000  12.50000   0.00000   0.00001   0.00036   0.00207
 112.00000  13.50000  12.50000   0.00000   0.00000   0.00019   0.00114
 116.00000  13.50000  12.50000   0.00000   0.00000   0.00010   0.00059
 120.00000  13.50000  12.50000   0.00000   0.00000   0.00005   0.00029
 124.00000  13.50000  12.50000   0.00000   0.00000   0.00002   0.00013
 128.00000  13.50000  12.50000   0.00000   0.00000   0.00001   0.00006
 132.00000  13.50000  12.50000   0.00000   0.00000   0.00000   0.00002
 136.00000  13.50000  12.50000   0.00000   0.00000   0.00000   0.00001
 140.00000  13.50000  12.50000   0.00000   0.00000   0.00000   0.00000
 144.00000  13.50000  12.50000   0.00000   0.00000   0.00000   0.00000
 148.00000  13.50000  12.50000   0.00000   0.00000   0.00000   0.00000
 150.00000  13.50000  12.50000   0.00000   0.00000   0.00000   0.00000
   0.00000  14.50000  12.50000   0.00000   0.00000   0.00000   0.00000
   4.00000  14.50000  12.50000   0.15982   0.14810   0.04321   0.00659
   8.00000  14.50000  12.50000   0.08072   0.17650   0.09221   0.02063
  12.00000  14.50000  12.50000   0.03704   0.15175   0.12368   0.03850
  16.00000  14.50000  12.50000   0.01656   0.11578   0.13650   0.05647
  20.00000  14.50000  12.50000   0.00734   0.08351   0.13577   0.07213
  24.00000  14.50000  12.50000   0.00324   0.05848   0.12683   0.08433
  28.00000  14.50000  12.50000   0.00143   0.04029   0.11374   0.09279
  32.00000  14.50000  12.50000   0.00063   0.02749   0.09919   0.09773
  36.00000  14.50000  12.50000   0.00028   0.01866   0.08481   0.09961
  40.00000  14.50000  12.50000   0.00012   0.01263   0.07147   0.09901
  44.00000  14.50000  12.50000   0.00006   0.00854   0.05958   0.09644
  48.00000  14.50000  12.50000   0.00002   0.00577   0.04925   0.09236
  52.00000  14.50000  12.50000   0.00001   0.00390   0.04043   0.08712
  56.00000  14.50000  12.50000   0.00000   0.00263   0.03298   0.08099
  60.00000  14.50000  12.50000   0.00000   0.00178   0.02672   0.07413
  64.00000  14.50000  12.50000   0.00000   0.00120   0.02148   0.06667
  68.00000  14.50000  12.50000   0.00000   0.00081   0.01709   0.05875
  72.00000  14.50000  12.50000   0.00000   0.00055   0.01341   0.05053
  76.00000  14.50000  12.50000   0.00000   0.00036   0.01034   0.04224
  80.00000  14.50000  12.50000   0.00000   0.00024   0.00780   0.03417
  84.00000  14.50000  12.50000   0.00000   0.00016   0.00572   0.02663
  88.00000  14.50000  12.50000   0.00000   0.00010   0.00406   0.01992
  92.00000  14.50000  12.50000   0.00000   0.00006   0.00278   0.01424
  96.00000  14.50000  12.50000   0.00000   0.00004   0.00183   0.00971
 100.00000  14.50000  12.50000   0.00000   0.00002   0.00115   0.00629
 104.00000  14.50000  12.50000   0.00000   0.00001   0.00069   0.00387
 108.00000  14.50000  12.50000   0.00000   0.00001   0.00039   0.00225
 112.00000  14.50000  12.50000   0.00000   0.00000   0.00021   0.00124
 116.00000  14.50000  12.50000   0.00000   0.00000   0.00011   0.00064
 120.00000  14.50000  12.50000   0.00000   0.00000   0.00005   0.00031
 124.00000  14.50000  12.50000   0.00000   0.00000   0.00002   0.00014
 128.00000  14.50000  12.50000   0.00000   0.00000   0.00001   0.00006
 132.00000  14.50000  12.50000   0.00000   0.00000   0.00000   0.00003
 136.00000  14.50000  12.50000   0.00000   0.00000   0.00000   0.00001
 140.00000  14.50000  12.50000   0.00000   0.00000   0.00000   0.00000
 144.00000  14.50000  12.50000   0.00000   0.00000   0.00000   0.00000
 148.00000  14.50000  12.50000   0.00000   0.00000   0.00000   0.00000
 150.00000  14.50000  12.50000   0.00000   0.00000   0.00000   0.00000
   0.00000  15.50000  12.50000   1.00000   0.00000   0.00000   0.00000
   4.00000  15.50000  12.50000   0.29556   0.23902   0.06271   0.00885
   8.00000  15.50000  12.50000   0.12156   0.24982   0.12401   0.02659
  12.00000  15.50000  12.50000   0.05135   0.20178   0.15906   0.04810
  16.00000  15.50000  12.50000   0.02189   0.14807   0.17024   0.06889
  20.00000  15.50000  12.50000   0.00939   0.10390   0.16548   0.08636
  24.00000  15.50000  12.50000   0.00405   0.07123   0.15178   0.09941
  28.00000  15.50000  12.50000   0.00176   0.04824   0.13409   0.10796
  32.00000  15.50000  12.50000   0.00077   0.03245   0.11546   0.11243
  36.00000  15.50000  12.50000   0.00033   0.02176   0.09764   0.11350
  40.00000  15.50000  12.50000   0.00015   0.01457   0.08150   0.11185
  44.00000  15.50000  12.50000   0.00006   0.00976   0.06737   0.10813
  48.00000  15.50000  12.50000   0.00003   0.00654   0.05528   0.10287
  52.00000  15.50000  12.50000   0.00001   0.00439   0.04508   0.09647
  56.00000  15.50000  12.50000   0.00001   0.00295   0.03656   0.08922
  60.00000  15.50000  12.50000   0.00000   0.00198   0.02947   0.08130
  64.00000  15.50000  12.50000   0.00000   0.00133   0.02358   0.07284
  68.00000  15.50000  12.50000   0.00000   0.00089   0.01869   0.06397
  72.00000  15.50000  12.50000   0.00000   0.00060   0.01462   0.05486
  76.00000  15.50000  12.50000   0.00000   0.00040   0.01124   0.04575
  80.00000  15.50000  12.50000   0.00000   0.00026   0.00845   0.03693
  84.00000  15.50000  12.50000   0.00000   0.00017   0.00619   0.02874
  88.00000  15.50000  12.50000   0.00000   0.00011   0.00439   0.02146
  92.00000  15.50000  12.50000   0.00000   0.00007   0.00300   0.01533
  96.00000  15.50000  12.50000   0.00000   0.00004   0.00197   0.01044
 100.00000  15.50000  12.50000   0.00000   0.00002   0.00123   0.00676
 104.00000  15.50000  12.50000   0.00000   0.00001   0.00074   0.00415
 108.00000  15.50000  12.50000   0.00000   0.00001   0.00042   0.00241
 112.00000  15.50000  12.50000   0.00000   0.00000   0.00023   0.00133
 116.00000  15.50000  12.50000   0.00000   0.00000   0.00012   0.00069
 120.00000  15.50000  12.50000   0.00000   0.00000   0.00006   0.00034
 124.00000  15.50000  12.50000   0.00000   0.00000   0.00003   0.00015
 128.00000  15.50000  12.50000   0.00000   0.00000   0.00001   0.00007
 132.00000  15.50000  12.50000   0.00000   0.00000   0.00000   0.00003
 136.00000  15.50000  12.50000   0.00000   0.00000   0.00000   0.00001
 140.00000  15.50000  12.50000   0.00000   0.00000   0.00000   0.00000
 144.00000  15.50000  12.50000   0.00000   0.00000   0.00000   0.00000
 148.00000  15.50000  12.50000   0.00000   0.00000   0.00000   0.00000
 150.00000  15.50000  12.50000   0.00000   0.00000   0.00000   0.00000
   0.00000  16.50000  12.50000   1.00000   0.00000   0.00000   0.00000
   4.00000  16.50000  12.50000   0.39262   0.31190   0.07963   0.01092
   8.00000  16.50000  12.50000   0.15685   0.31550   0.15322   0.03214
  12.00000  16.50000  12.50000   0.06441   0.24819   0.19220   0.05712
  16.00000  16.50000  12.50000   0.02686   0.17845   0.20205   0.08059
  20.00000  16.50000  12.50000   0.01133   0.12315   0.19349   0.09972
  24.00000  16.50000  12.50000   0.00482   0.08326   0.17523   0.11350
  28.00000  16.50000  12.50000   0.00206   0.05571   0.15310   0.12205
  32.00000  16.50000  12.50000   0.00089   0.03709   0.13056   0.12601
  36.00000  16.50000  12.50000   0.00038   0.02464   0.10948   0.12622
  40.00000  16.50000  12.50000   0.00017   0.01637   0.09070   0.12355
  44.00000  16.50000  12.50000   0.00007   0.01088   0.07448   0.11872
  48.00000  16.50000  12.50000   0.00003   0.00725   0.06075   0.11234
  52.00000  16.50000  12.50000   0.00001   0.00483   0.04928   0.10486
  56.00000  16.50000  12.50000   0.00001   0.00323   0.03978   0.09657
  60.00000  16.50000  12.50000   0.00000   0.00216   0.03193   0.08767
  64.00000  16.50000  12.50000   0.00000   0.00144   0.02546   0.07830
  68.00000  16.50000  12.50000   0.00000   0.00097   0.02011   0.06858
  72.00000  16.50000  12.50000   0.00000   0.00064   0.01568   0.05868
  76.00000  16.50000  12.50000   0.00000   0.00043   0.01203   0.04884
  80.00000  16.50000  12.50000   0.00000   0.00028   0.00903   0.03936
  84.00000  16.50000  12.50000   0.00000   0.00018   0.00660   0.03059
  88.00000  16.50000  12.50000   0.00000   0.00012   0.00467   0.02282
  92.00000  16.50000  12.50000   0.00000   0.00007   0.00319   0.01629
  96.00000  16.50000  12.50000   0.00000   0.00004   0.00209   0.01108
 100.00000  16.50000  12.50000   0.00000   0.00003   0.00131   0.00717
 104.00000  16.50000  12.50000   0.00000   0.00001   0.00078   0.00440
 108.00000  16.50000  12.50000   0.00000   0.00001   0.00044   0.00256
 112.00000  16.50000  12.50000   0.00000   0.00000   0.00024   0.00140
 116.00000  16.50000  12.50000   0.00000   0.00000   0.00012   0.00073
 120.00000  16.50000  12.50000   0.00000   0.00000   0.00006   0.00036
 124.00000  16.50000  12.50000   0.00000   0.00000   0.00003   0.00016
 128.00000  16.50000  12.50000   0.00000   0.00000   0.00001   0.00007
 132.00000  16.50000  12.50000   0.00000   0.00000   0.00000   0.00003
 136.00000  16.50000  12.50000   0.00000   0.00000   0.00000   0.00001
 140.00000  16.50000  12.50000   0.00000   0.00000   0.00000   0.00000
 144.00000  16.50000  12.50000   0.00000   0.00000   0.00000   0.00000
 148.00000  16.50000  12.50000   0.00000   0.00000   0.00000   0.00000
 150.00000  16.50000  12.50000   0.00000   0.00000   0.00000   0.00000
   0.00000  17.50000  12.50000   1.00000   0.00000   0.00000   0.00000
   4.00000  17.50000  12.50000   0.43445   0.35314   0.09122   0.01250
   8.00000  17.50000  12.50000   0.18014   0.36340   0.17608   0.03670
  12.00000  17.50000  12.50000   0.07436   0.28545   0.21966   0.06476
  16.00000  17.50000  12.50000   0.03091   0.20390   0.22911   0.09062
  20.00000  17.50000  12.50000   0.01295   0.13961   0.21757   0.11122
  24.00000  17.50000  12.50000   0.00547   0.09363   0.19545   0.12563
  28.00000  17.50000  12.50000   0.00233   0.06216   0.16947   0.13414
  32.00000  17.50000  12.50000   0.00100   0.04108   0.14353   0.13761
  36.00000  17.50000  12.50000   0.00043   0.02712   0.11960   0.13706
  40.00000  17.50000  12.50000   0.00018   0.01791   0.09853   0.13346
  44.00000  17.50000  12.50000   0.00008   0.01184   0.08050   0.12766
  48.00000  17.50000  12.50000   0.00003   0.00784   0.06537   0.12030
  52.00000  17.50000  12.50000   0.00002   0.00521   0.05281   0.11188
  56.00000  17.50000  12.50000   0.00001   0.00346   0.04247   0.10270
  60.00000  17.50000  12.50000   0.00000   0.00231   0.03398   0.09298
  64.00000  17.50000  12.50000   0.00000   0.00154   0.02701   0.08283
  68.00000  17.50000  12.50000   0.00000   0.00103   0.02128   0.07240
  72.00000  17.50000  12.50000   0.00000   0.00068   0.01656   0.06183
  76.00000  17.50000  12.50000   0.00000   0.00045   0.01268   0.05139
  80.00000  17.50000  12.50000   0.00000   0.00030   0.00950   0.04136
  84.00000  17.50000  12.50000   0.00000   0.00019   0.00693   0.03211
  88.00000  17.50000  12.50000   0.00000   0.00012   0.00490   0.02393
  92.00000  17.50000  12.50000   0.00000   0.00008   0.00334   0.01707
  96.00000  17.50000  12.50000   0.00000   0.00005   0.00219   0.01161
 100.00000  17.50000  12.50000   0.00000   0.00003   0.00137   0.00751
 104.00000  17.50000  12.50000   0.00000   0.00002   0.00082   0.00460
 108.00000  17.50000  12.50000   0.00000   0.00001   0.00046   0.00267
 112.00000  17.50000  12.50000   0.00000   0.00000   0.00025   0.00147
 116.00000  17.50000  12.50000   0.00000   0.00000   0.00013   0.00076
 120.00000  17.50000  12.50000   0.00000   0.00000   0.00006   0.00037
 124.00000  17.50000  12.50000   0.00000   0.00000   0.00003   0.00017
 128.00000  17.50000  12.50000   0.00000   0.00000   0.00001   0.00007
 132.00000  17.50000  12.50000   0.00000   0.00000   0.00000   0.00003
 136.00000  17.50000  12.50000   0.00000   0.00000   0.00000   0.00001
 140.00000  17.50000  12.50000   0.00000   0.00000   0.00000   0.00000
 144.00000  17.50000  12.50000   0.00000   0.00000   0.00000   0.00000
 148.00000  17.50000  12.50000   0.00000   0.00000   0.00000   0.00000
 150.00000  17.50000  12.50000   0.00000   0.00000   0.00000   0.00000
   0.00000  18.50000  12.50000   1.00000   0.00000   0.00000   0.00000
   4.00000  18.50000  12.50000   0.44872   0.37237   0.09793   0.01356
   8.00000  18.50000  12.50000   0.19248   0.39261   0.19141   0.03995
  12.00000  18.50000  12.50000   0.08076   0.31120   0.23953   0.07044
  16.00000  18.50000  12.50000   0.03376   0.22258   0.24941   0.09824
  20.00000  18.50000  12.50000   0.01416   0.15203   0.23593   0.12003
  24.00000  18.50000  12.50000   0.00597   0.10155   0.21096   0.13494
  28.00000  18.50000  12.50000   0.00253   0.06712   0.18206   0.14342
  32.00000  18.50000  12.50000   0.00108   0.04416   0.15349   0.14649
  36.00000  18.50000  12.50000   0.00046   0.02902   0.12736   0.14533
  40.00000  18.50000  12.50000   0.00020   0.01908   0.10451   0.14101
  44.00000  18.50000  12.50000   0.00009   0.01257   0.08509   0.13444
  48.00000  18.50000  12.50000   0.00004   0.00830   0.06887   0.12633
  52.00000  18.50000  12.50000   0.00002   0.00549   0.05548   0.11718
  56.00000  18.50000  12.50000   0.00001   0.00364   0.04450   0.10732
  60.00000  18.50000  12.50000   0.00000   0.00242   0.03553   0.09696
  64.00000  18.50000  12.50000   0.00000   0.00161   0.02818   0.08623
  68.00000  18.50000  12.50000   0.00000   0.00107   0.02216   0.07525
  72.00000  18.50000  12.50000   0.00000   0.00071   0.01722   0.06419
  76.00000  18.50000  12.50000   0.00000   0.00047   0.01317   0.05328
  80.00000  18.50000  12.50000   0.00000   0.00031   0.00985   0.04285
  84.00000  18.50000  12.50000   0.00000   0.00020   0.00718   0.03324
  88.00000  18.50000  12.50000   0.00000   0.00013   0.00508   0.02476
  92.00000  18.50000  12.50000   0.00000   0.00008   0.00346   0.01765
  96.00000  18.50000  12.50000   0.00000   0.00005   0.00226   0.01200
 100.00000  18.50000  12.50000   0.00000   0.00003   0.00142   0.00776
 104.00000  18.50000  12.50000   0.00000   0.00002   0.00085   0.00476
 108.00000  18.50000  12.50000   0.00000   0.00001   0.00048   0.00276
 112.00000  18.50000  12.50000   0.00000   0.00000   0.00026   0.00152
 116.00000  18.50000  12.50000   0.00000   0.00000   0.00013   0.00079
 120.00000  18.50000  12.50000   0.00000   0.00000   0.00006   0.00038
 124.00000  18.50000  12.50000   0.00000   0.00000   0.00003   0.00018
 128.00000  18.50000  12.50000   0.00000   0.00000   0.00001   0.00008
 132.00000  18.50000  12.50000   0.00000   0.00000   0.00000   0.00003
 136.00000  18.50000  12.50000   0.00000   0.00000   0.00000   0.00001
 140.00000  18.50000  12.50000   0.00000   0.00000   0.00000   0.00000
 144.00000  18.50000  12.50000   0.00000   0.00000   0.00000   0.00000
 148.00000  18.50000  12.50000   0.00000   0.00000   0.00000   0.00000
 150.00000  18.50000  12.50000   0.00000   0.00000   0.00000   0.00000
   0.00000  19.50000  12.50000   1.00000   0.00000   0.00000   0.00000
   4.00000  19.50000  12.50000   0.45311   0.38021   0.10123   0.01414
   8.00000  19.50000  12.50000   0.19786   0.40734   0.19989   0.04186
  12.00000  19.50000  12.50000   0.08413   0.32580   0.25131   0.07391
  16.00000  19.50000  12.50000   0.03540   0.23379   0.26185   0.10297
  20.00000  19.50000  12.50000   0.01488   0.15969   0.24737   0.12555
  24.00000  19.50000  12.50000   0.00627   0.10650   0.22069   0.14079
  28.00000  19.50000  12.50000   0.00266   0.07023   0.18997   0.14925
  32.00000  19.50000  12.50000   0.00113   0.04609   0.15975   0.15207
  36.00000  19.50000  12.50000   0.00048   0.03021   0.13223   0.15051
  40.00000  19.50000  12.50000   0.00021   0.01982   0.10826   0.14573
  44.00000  19.50000  12.50000   0.00009   0.01303   0.08796   0.13868
  48.00000  19.50000  12.50000   0.00004   0.00859   0.07106   0.13008
  52.00000  19.50000  12.50000   0.00002   0.00567   0.05715   0.12047
  56.00000  19.50000  12.50000   0.00001   0.00376   0.04577   0.11019
  60.00000  19.50000  12.50000   0.00000   0.00249   0.03649   0.09943
  64.00000  19.50000  12.50000   0.00000   0.00166   0.02891   0.08833
  68.00000  19.50000  12.50000   0.00000   0.00110   0.02271   0.07702
  72.00000  19.50000  12.50000   0.00000   0.00073   0.01763   0.06564
  76.00000  19.50000  12.50000   0.00000   0.00048   0.01347   0.05446
  80.00000  19.50000  12.50000   0.00000   0.00032   0.01007   0.04377
  84.00000  19.50000  12.50000   0.00000   0.00021   0.00734   0.03393
  88.00000  19.50000  12.50000   0.00000   0.00013   0.00518   0.02527
  92.00000  19.50000  12.50000   0.00000   0.00008   0.00353   0.01801
  96.00000  19.50000  12.50000   0.00000   0.00005   0.00231   0.01224
 100.00000  19.50000  12.50000   0.00000   0.00003   0.00145   0.00791
 104.00000  19.50000  12.50000   0.00000   0.00002   0.00086   0.00485
 108.00000  19.50000  12.50000   0.00000   0.00001   0.00049   0.00282
 112.00000  19.50000  12.50000   0.00000   0.00000   0.00026   0.00154
 116.00000  19.50000  12.50000   0.00000   0.00000   0.00013   0.00080
 120.00000  19.50000  12.50000   0.00000   0.00000   0.00006   0.00039
 124.00000  19.50000  12.50000   0.00000   0.00000   0.00003   0.00018
 128.00000  19.50000  12.50000   0.00000   0.00000   0.00001   0.00008
 132.00000  19.50000  12.50000   0.00000   0.00000   0.00001   0.00003
 136.00000  19.50000  12.50000   0.00000   0.00000   0.00000   0.00001
 140.00000  19.50000  12.50000   0.00000   0.00000   0.00000   0.00000
 144.00000  19.50000  12.50000   0.00000   0.00000   0.00000   0.00000
 148.00000  19.50000  12.50000   0.00000   0.00000   0.00000   0.00000
 150.00000  19.50000  12.50000   0.00000   0.00000   0.00000   0.00000
   0.00000  20.50000  12.50000   1.00000   0.00000   0.00000   0.00000
   4.00000  20.50000  12.50000   0.45409   0.38228   0.10220   0.01433
   8.00000  20.50000  12.50000   0.19932   0.41172   0.20256   0.04248
  12.00000  20.50000  12.50000   0.08515   0.33046   0.25518   0.07507
  16.00000  20.50000  12.50000   0.03593   0.23750   0.26603   0.10458
  20.00000  20.50000  12.50000   0.01512   0.16227   0.25125   0.12743
  24.00000  20.50000  12.50000   0.00638   0.10818   0.22400   0.14278
  28.00000  20.50000  12.50000   0.00270   0.07129   0.19267   0.15124
  32.00000  20.50000  12.50000   0.00115   0.04675   0.16189   0.15397
  36.00000  20.50000  12.50000   0.00049   0.03062   0.13389   0.15228
  40.00000  20.50000  12.50000   0.00021   0.02008   0.10954   0.14734
  44.00000  20.50000  12.50000   0.00009   0.01319   0.08894   0.14012
  48.00000  20.50000  12.50000   0.00004   0.00868   0.07180   0.13136
  52.00000  20.50000  12.50000   0.00002   0.00573   0.05771   0.12159
  56.00000  20.50000  12.50000   0.00001   0.00380   0.04620   0.11116
  60.00000  20.50000  12.50000   0.00000   0.00252   0.03681   0.10027
  64.00000  20.50000  12.50000   0.00000   0.00167   0.02915   0.08904
  68.00000  20.50000  12.50000   0.00000   0.00111   0.02290   0.07761
  72.00000  20.50000  12.50000   0.00000   0.00074   0.01777   0.06614
  76.00000  20.50000  12.50000   0.00000   0.00049   0.01357   0.05485
  80.00000  20.50000  12.50000   0.00000   0.00032   0.01015   0.04408
  84.00000  20.50000  12.50000   0.00000   0.00021   0.00739   0.03417
  88.00000  20.50000  12.50000   0.00000   0.00013   0.00522   0.02544
  92.00000  20.50000  12.50000   0.00000   0.00008   0.00356   0.01813
  96.00000  20.50000  12.50000   0.00000   0.00005   0.00233   0.01232
 100.00000  20.50000  12.50000   0.00000   0.00003   0.00146   0.00796
 104.00000  20.50000  12.50000   0.00000   0.00002   0.00087   0.00488
 108.00000  20.50000  12.50000   0.00000   0.00001   0.00049   0.00283
 112.00000  20.50000  12.50000   0.00000   0.00000   0.00027   0.00155
 116.00000  20.50000  12.50000   0.00000   0.00000   0.00013   0.00081
 120.00000  20.50000  12.50000   0.00000   0.00000   0.00006   0.00039
 124.00000  20.50000  12.50000   0.00000   0.00000   0.00003   0.00018
 128.00000  20.50000  12.50000   0.00000   0.00000   0.00001   0.00008
 132.00000  20.50000  12.50000   0.00000   0.00000   0.00001   0.00003
 136.00000  20.50000  12.50000   0.00000   0.00000   0.00000   0.00001
 140.00000  20.50000  12.50000   0.00000   0.00000   0.00000   0.00000
 144.00000  20.50000  12.50000   0.00000   0.00000   0.00000   0.00000
 148.00000  20.50000  12.50000   0.00000   0.00000   0.00000   0.00000
 150.00000  20.50000  12.50000   0.00000   0.00000   0.00000   0.00000
