Running PHASTINPUT.

Processing flow and transport data file.

	TITLE
	.       3D analytic, continuous injection, 4 species chain decay
	.       Sun, Peterson, Clement (1999) J. Cont. Hyd., Example 6.3
	.       Documentation compares PHAST with chain decay from 
	.       Sun and others combined with Wexler (TWRI, 1992) solution 
	.       to patch source 
	SOLUTE_TRANSPORT                            true
	UNITS
	        time                               day
	        horizontal                         m
	        vertical                           m
	        head                               m
	        hydraulic_conductivity             m/d     
	        specific_storage                   1/m
	        dispersivity                       m
	GRID
	        uniform X  0.0    100    26        # 4.0  m spacing
	        uniform Y  0.0    20.5   2
	        overlay_uniform Y                  
	                    0.5    19.5   20        # 1.0  m spacing
	        uniform Z  0.0    12.5   2
	        overlay_uniform Z
	                    0.5    11.5   12        # 1.0  m spacing
	        print_orientation XY
	MEDIA
	        zone   0 0 0 100 41 25
	                kx                         2
	                ky                         2
	                kz                         2
	                porosity                   0.1
	                storage                    0
	                longitudinal_dispersivity  1.5
	                horizontal_dispersivity    0.45
	                vertical_dispersivity      0.15
	FREE_SURFACE_BC false
	SPECIFIED_HEAD_BC
	        zone   0 0 0 0 41 25
	                head                       0   1
	                fixed_solution_composition             0   1
	        zone   0 15 10 0 26 15
	                fixed_solution_composition             0   2
	        zone   100 0 0 100 41 25
	                head                       0   0
	                associated_solution_composition        0   1
	HEAD_IC
	        zone   0 0 0 100 41 25
	                head   X 1.0 0.0 0.0 100.0
	CHEMISTRY_IC
	        zone   0 0 0 100 41 25
	                solution                   1
	                kinetics                   1
	SOLUTION_METHOD
	        iterative_solver                          true
	        tolerance                          1e-14
	        space_differencing                              0.5
	        time_differencing                               0.5
	        cross_dispersion                   false
	PRINT_FREQUENCY
	        0
	        hdf_chemistry                      400 day
	        velocity                                400 day
	        xyz_chemistry                      400 day
	        xyz_head                           400 day
	        xyz_velocity                       400 day
	TIME_CONTROL
	        time_step                          0   10  day 
	        time_end                           400 day
	END             
WARNING: Horizontal, vertical, and longitudinal dispersivities are not equal for at least one element.
	However, cross-dispersion calculation is disabled (-cross_dispersion in SOLUTION_METHOD).

PHASTINPUT done.

Running PHAST.

Running PHREEQC for initial conditions.

Processing database file.
	SOLUTION_MASTER_SPECIES
	SOLUTION_SPECIES
	PHASES
	EXCHANGE_MASTER_SPECIES
	EXCHANGE_SPECIES
	SURFACE_MASTER_SPECIES
	SURFACE_SPECIES
	RATES
	END

Processing chemical data file.
	SOLUTION_MASTER_SPECIES
	        [A]   [A]   1       1       1
	        [B]   [B]   1       1       1
	        [C]   [C]   1       1       1
	        [D]   [D]   1       1       1
	SOLUTION_SPECIES
	SOLUTION 1
	END
	SOLUTION 2
	END
	RATES
	END
	KINETICS 1
	END
	SELECTED_OUTPUT
	USER_PUNCH
	END
PHREEQC done.
..       3D analytic, continuous injection, 4 species chain decay
..       Sun, Peterson, Clement (1999) J. Cont. Hyd., Example 6.3
Reading static data for flow and transport simulation
A4 array dimension requirement (D4ZGCG iterative solver)......... NRAL .        0 elements
Primary storage requirement (D4ZGCG iterative solver)............ NPRIST    76076 elements
Overhead storage requirement (D4ZGCG iterative solver)........... NOHST .  416910 elements
                    *** Calculation Information ***
          Direction index for d4 zig-zag renumbering ............ IDIR..    1
          Incomplete LU [f] or modified ILU [t] factorization ... MILU..     T
          Number of search directions before restart ............ NSDR..   10
          Tolerance on iterative solution ....................... EPSSLV 1.0E-14
Equilibration of cells for initial conditions.

Beginning transient simulation.
Reading transient data for simulation: Set  1
     Time at which next set of transient parameters will be read .......... TIMCHG   400.      (d)

Beginning time step no.      1
     Beginning flow calculation.
     Beginning solute-transport calculation.
          H
          O
          [A]
          [B]
          [C]
          [D]
          Charge
     Beginning chemistry calculation.
     End of Time Step No.     1
     Time ..................................................    10.0     (d)

Beginning time step no.      2
     Beginning flow calculation.
     Beginning solute-transport calculation.
          H
          O
          [A]
          [B]
          [C]
          [D]
          Charge
     Beginning chemistry calculation.
     End of Time Step No.     2
     Time ..................................................    20.0     (d)

Beginning time step no.      3
     Beginning flow calculation.
     Beginning solute-transport calculation.
          H
          O
          [A]
          [B]
          [C]
          [D]
          Charge
     Beginning chemistry calculation.
     End of Time Step No.     3
     Time ..................................................    30.0     (d)

Beginning time step no.      4
     Beginning flow calculation.
     Beginning solute-transport calculation.
          H
          O
          [A]
          [B]
          [C]
          [D]
          Charge
     Beginning chemistry calculation.
     End of Time Step No.     4
     Time ..................................................    40.0     (d)

Beginning time step no.      5
     Beginning flow calculation.
     Beginning solute-transport calculation.
          H
          O
          [A]
          [B]
          [C]
          [D]
          Charge
     Beginning chemistry calculation.
     End of Time Step No.     5
     Time ..................................................    50.0     (d)

Beginning time step no.      6
     Beginning flow calculation.
     Beginning solute-transport calculation.
          H
          O
          [A]
          [B]
          [C]
          [D]
          Charge
     Beginning chemistry calculation.
     End of Time Step No.     6
     Time ..................................................    60.0     (d)

Beginning time step no.      7
     Beginning flow calculation.
     Beginning solute-transport calculation.
          H
          O
          [A]
          [B]
          [C]
          [D]
          Charge
     Beginning chemistry calculation.
     End of Time Step No.     7
     Time ..................................................    70.0     (d)

Beginning time step no.      8
     Beginning flow calculation.
     Beginning solute-transport calculation.
          H
          O
          [A]
          [B]
          [C]
          [D]
          Charge
     Beginning chemistry calculation.
     End of Time Step No.     8
     Time ..................................................    80.0     (d)

Beginning time step no.      9
     Beginning flow calculation.
     Beginning solute-transport calculation.
          H
          O
          [A]
          [B]
          [C]
          [D]
          Charge
     Beginning chemistry calculation.
     End of Time Step No.     9
     Time ..................................................    90.0     (d)

Beginning time step no.     10
     Beginning flow calculation.
     Beginning solute-transport calculation.
          H
          O
          [A]
          [B]
          [C]
          [D]
          Charge
     Beginning chemistry calculation.
     End of Time Step No.    10
     Time ..................................................    100.     (d)

Beginning time step no.     11
     Beginning flow calculation.
     Beginning solute-transport calculation.
          H
          O
          [A]
          [B]
          [C]
          [D]
          Charge
     Beginning chemistry calculation.
     End of Time Step No.    11
     Time ..................................................    110.     (d)

Beginning time step no.     12
     Beginning flow calculation.
     Beginning solute-transport calculation.
          H
          O
          [A]
          [B]
          [C]
          [D]
          Charge
     Beginning chemistry calculation.
     End of Time Step No.    12
     Time ..................................................    120.     (d)

Beginning time step no.     13
     Beginning flow calculation.
     Beginning solute-transport calculation.
          H
          O
          [A]
          [B]
          [C]
          [D]
          Charge
     Beginning chemistry calculation.
     End of Time Step No.    13
     Time ..................................................    130.     (d)

Beginning time step no.     14
     Beginning flow calculation.
     Beginning solute-transport calculation.
          H
          O
          [A]
          [B]
          [C]
          [D]
          Charge
     Beginning chemistry calculation.
     End of Time Step No.    14
     Time ..................................................    140.     (d)

Beginning time step no.     15
     Beginning flow calculation.
     Beginning solute-transport calculation.
          H
          O
          [A]
          [B]
          [C]
          [D]
          Charge
     Beginning chemistry calculation.
     End of Time Step No.    15
     Time ..................................................    150.     (d)

Beginning time step no.     16
     Beginning flow calculation.
     Beginning solute-transport calculation.
          H
          O
          [A]
          [B]
          [C]
          [D]
          Charge
     Beginning chemistry calculation.
     End of Time Step No.    16
     Time ..................................................    160.     (d)

Beginning time step no.     17
     Beginning flow calculation.
     Beginning solute-transport calculation.
          H
          O
          [A]
          [B]
          [C]
          [D]
          Charge
     Beginning chemistry calculation.
     End of Time Step No.    17
     Time ..................................................    170.     (d)

Beginning time step no.     18
     Beginning flow calculation.
     Beginning solute-transport calculation.
          H
          O
          [A]
          [B]
          [C]
          [D]
          Charge
     Beginning chemistry calculation.
     End of Time Step No.    18
     Time ..................................................    180.     (d)

Beginning time step no.     19
     Beginning flow calculation.
     Beginning solute-transport calculation.
          H
          O
          [A]
          [B]
          [C]
          [D]
          Charge
     Beginning chemistry calculation.
     End of Time Step No.    19
     Time ..................................................    190.     (d)

Beginning time step no.     20
     Beginning flow calculation.
     Beginning solute-transport calculation.
          H
          O
          [A]
          [B]
          [C]
          [D]
          Charge
     Beginning chemistry calculation.
     End of Time Step No.    20
     Time ..................................................    200.     (d)

Beginning time step no.     21
     Beginning flow calculation.
     Beginning solute-transport calculation.
          H
          O
          [A]
          [B]
          [C]
          [D]
          Charge
     Beginning chemistry calculation.
     End of Time Step No.    21
     Time ..................................................    210.     (d)

Beginning time step no.     22
     Beginning flow calculation.
     Beginning solute-transport calculation.
          H
          O
          [A]
          [B]
          [C]
          [D]
          Charge
     Beginning chemistry calculation.
     End of Time Step No.    22
     Time ..................................................    220.     (d)

Beginning time step no.     23
     Beginning flow calculation.
     Beginning solute-transport calculation.
          H
          O
          [A]
          [B]
          [C]
          [D]
          Charge
     Beginning chemistry calculation.
     End of Time Step No.    23
     Time ..................................................    230.     (d)

Beginning time step no.     24
     Beginning flow calculation.
     Beginning solute-transport calculation.
          H
          O
          [A]
          [B]
          [C]
          [D]
          Charge
     Beginning chemistry calculation.
     End of Time Step No.    24
     Time ..................................................    240.     (d)

Beginning time step no.     25
     Beginning flow calculation.
     Beginning solute-transport calculation.
          H
          O
          [A]
          [B]
          [C]
          [D]
          Charge
     Beginning chemistry calculation.
     End of Time Step No.    25
     Time ..................................................    250.     (d)

Beginning time step no.     26
     Beginning flow calculation.
     Beginning solute-transport calculation.
          H
          O
          [A]
          [B]
          [C]
          [D]
          Charge
     Beginning chemistry calculation.
     End of Time Step No.    26
     Time ..................................................    260.     (d)

Beginning time step no.     27
     Beginning flow calculation.
     Beginning solute-transport calculation.
          H
          O
          [A]
          [B]
          [C]
          [D]
          Charge
     Beginning chemistry calculation.
     End of Time Step No.    27
     Time ..................................................    270.     (d)

Beginning time step no.     28
     Beginning flow calculation.
     Beginning solute-transport calculation.
          H
          O
          [A]
          [B]
          [C]
          [D]
          Charge
     Beginning chemistry calculation.
     End of Time Step No.    28
     Time ..................................................    280.     (d)

Beginning time step no.     29
     Beginning flow calculation.
     Beginning solute-transport calculation.
          H
          O
          [A]
          [B]
          [C]
          [D]
          Charge
     Beginning chemistry calculation.
     End of Time Step No.    29
     Time ..................................................    290.     (d)

Beginning time step no.     30
     Beginning flow calculation.
     Beginning solute-transport calculation.
          H
          O
          [A]
          [B]
          [C]
          [D]
          Charge
     Beginning chemistry calculation.
     End of Time Step No.    30
     Time ..................................................    300.     (d)

Beginning time step no.     31
     Beginning flow calculation.
     Beginning solute-transport calculation.
          H
          O
          [A]
          [B]
          [C]
          [D]
          Charge
     Beginning chemistry calculation.
     End of Time Step No.    31
     Time ..................................................    310.     (d)

Beginning time step no.     32
     Beginning flow calculation.
     Beginning solute-transport calculation.
          H
          O
          [A]
          [B]
          [C]
          [D]
          Charge
     Beginning chemistry calculation.
     End of Time Step No.    32
     Time ..................................................    320.     (d)

Beginning time step no.     33
     Beginning flow calculation.
     Beginning solute-transport calculation.
          H
          O
          [A]
          [B]
          [C]
          [D]
          Charge
     Beginning chemistry calculation.
     End of Time Step No.    33
     Time ..................................................    330.     (d)

Beginning time step no.     34
     Beginning flow calculation.
     Beginning solute-transport calculation.
          H
          O
          [A]
          [B]
          [C]
          [D]
          Charge
     Beginning chemistry calculation.
     End of Time Step No.    34
     Time ..................................................    340.     (d)

Beginning time step no.     35
     Beginning flow calculation.
     Beginning solute-transport calculation.
          H
          O
          [A]
          [B]
          [C]
          [D]
          Charge
     Beginning chemistry calculation.
     End of Time Step No.    35
     Time ..................................................    350.     (d)

Beginning time step no.     36
     Beginning flow calculation.
     Beginning solute-transport calculation.
          H
          O
          [A]
          [B]
          [C]
          [D]
          Charge
     Beginning chemistry calculation.
     End of Time Step No.    36
     Time ..................................................    360.     (d)

Beginning time step no.     37
     Beginning flow calculation.
     Beginning solute-transport calculation.
          H
          O
          [A]
          [B]
          [C]
          [D]
          Charge
     Beginning chemistry calculation.
     End of Time Step No.    37
     Time ..................................................    370.     (d)

Beginning time step no.     38
     Beginning flow calculation.
     Beginning solute-transport calculation.
          H
          O
          [A]
          [B]
          [C]
          [D]
          Charge
     Beginning chemistry calculation.
     End of Time Step No.    38
     Time ..................................................    380.     (d)

Beginning time step no.     39
     Beginning flow calculation.
     Beginning solute-transport calculation.
          H
          O
          [A]
          [B]
          [C]
          [D]
          Charge
     Beginning chemistry calculation.
     End of Time Step No.    39
     Time ..................................................    390.     (d)

Beginning time step no.     40
     Current time step length ...................................    10.0     (d)
     Beginning flow calculation.
     Beginning solute-transport calculation.
          H
          O
          No. of solver iterations, Relative residual:    5  9.8861638E-17
          [A]
          No. of solver iterations, Relative residual:    5  1.3799533E-16
          [B]
          No. of solver iterations, Relative residual:    5  1.8601025E-16
          [C]
          No. of solver iterations, Relative residual:    5  1.1972185E-16
          [D]
          No. of solver iterations, Relative residual:    5  1.2656096E-16
          Charge
     Beginning chemistry calculation.
          Total cells: 8008
          Number of cells with same aqueous model: 7700
          Total iterations all cells: 88966
          Number of cells with zero iterations: 331
          Maximum iterations for one cell: 28

     End of Time Step No.    40
     Time ..................................................    400.     (d)
     Maximum change in potentiometric head   2.9770E-20      (m ) at location (  84.0    ,  19.5    ,  11.5    )(m)
     Maximum change in H ..................  1.4211E-14 (mol/kgw) at location ( 0.000    ,  20.5    ,  12.5    )(m)
     Maximum change in O ..................  4.6567E-06 (mol/kgw) at location (  80.0    ,  20.5    ,  12.5    )(m)
     Maximum change in [A] ................  2.3511E-04 (mol/kgw) at location (  4.00    ,  20.5    ,  12.5    )(m)
     Maximum change in [B] ................ -1.6467E-04 (mol/kgw) at location (  4.00    ,  20.5    ,  12.5    )(m)
     Maximum change in [C] ................ -5.9724E-05 (mol/kgw) at location (  4.00    ,  20.5    ,  12.5    )(m)
     Maximum change in [D] ................ -2.1216E-05 (mol/kgw) at location (  12.0    ,  20.5    ,  12.5    )(m)
     Maximum change in Charge .............  4.3566E-16 (mol/kgw) at location (  4.00    ,  16.5    ,  11.5    )(m)
Done with transient simulation.

                             ***** Simulation Completed *****
     Last time value calculated ......................................  400.0     (d)
     Last time step index ............................................      40
