Running PHASTINPUT.

Processing flow and transport data file.

	TITLE
	 Central Oklahoma aquifer,
	 demonstration of PHAST
	UNITS
	        time                                 years
	        horizontal_grid                      meters
	        vertical_grid                        meters
	        head                                 meters
	        hydraulic_conductivity               m/s
	        specific_storage                     1/m
	        dispersivity                         m
	        leaky_k                              m/sec
	        leaky_thickness                      m
	        flux                                 m/yr
	        river_bed_thickness                  m
	        river_bed_hydraulic_conductivity     m/s     
	        well_diameter                        in
	        well_flow_rate                       L/day
	GRID
	        uniform x    0    90000    16
	        uniform y    0    48000    9
	        uniform z    0    400      3
	        print_orientation                    XY 
	SOLUTE_TRANSPORT true
	STEADY_FLOW true
	        head_tolerance                       1e-6
	        flow_balance_tolerance               1e-3
	MEDIA
	        zone   0. 0. 0. 90000.  48000. 400.
	                porosity                     0.22
	                long_dispersivity            2000.
	                horizontal_dispersivity      50.
	                vertical_dispersivity        50.
	                kx                           1.5e-5
	                ky                           1.5e-5
	                kz                           1.5e-7
	                storage                      0
	        zone   48000. 0. 0. 90000. 48000. 100.
	                active                       0
	RIVER 1 Little River
	        point  44000. 15000.
	                width                        200.
	                depth                        1.
	                bed_thickness                1.
	                bed_hydraulic_conductivity   1.
	                head                         0         335.
	                solution                     0         1
	        point  44000. 0.
	        point  90000. 0.
	                width                        200.
	                depth                        1.
	                bed_thickness                1.
	                bed_hydraulic_conductivity   1.
	                head                         0         275.
	                solution                     0         1
	RIVER 2 North Fork River
	        point  30000. 36000.
	                width                        200.
	                depth                        1.
	                bed_thickness                1.
	                bed_hydraulic_conductivity   1
	                head                         0         335.
	                solution                     0         1
	        point  30000. 48000.
	        point  90000. 48000.
	                width                        200.
	                depth                        1.
	                bed_thickness                1.
	                bed_hydraulic_conductivity   1
	                head                         0         280.
	                solution                     0         1
	RIVER 3 North Canadian River
	        point  60000. 30000.
	                width                        200.
	                depth                        1.
	                bed_thickness                1.
	                bed_hydraulic_conductivity   1
	                head                         0         350.
	                solution                     0         1
	        point  90000. 20000.
	                width                        200.
	                depth                        1.
	                bed_thickness                1.
	                bed_hydraulic_conductivity   1
	                head                         0         305.
	                solution                     0         1
	FLUX_BC
	        zone   30000. 3000. 400.  90000. 45000. 400.
	                flux                         0         -0.055
	                associated_solution          0         1
	SPECIFIED_HEAD_BC
	        zone   30000. 14000 300. 32000.  20000.  400.
	                head                         0         348.
	                associated_solution_composition          0         1
	LEAKY_BC
	        zone   0. 48000. 0. 29000. 48000. 400.
	                hydraulic_conductivity                    1.5e-5
	                thickness                   30000.
	                head                         0         305.0
	                associated_solution                   0         1
	       zone 0 0 0 39000 0 400
	                hydraulic_conductivity       1.5E-5
	                thickness                    20000
	                head                         0         320
	                associated_solution          0         2
	FREE_SURFACE_BC true
	WELL 1 Observation well 1 in arsenic zone
	        12000 36000
	                diameter       2                               # inches
	                pumping                      0         1       # L/day
	                elevation      90 110                          # m
	HEAD_IC
	        zone   0. 0. 0. 90000. 48000. 400.
	                head   380.
	CHEMISTRY_IC
	        zone   0. 0. 0. 90000. 48000. 400.
	                solution               2
	                equilibrium_phases     2
	                exchange               2
	                surface                2       
	SOLUTION_METHOD
	        iterative_solver       true
	        tolerance              1e-10
	        space_differencing     0.
	        time_differencing      1.
	TIME_CONTROL
	        delta_time     0               2000    yr
	        end_time                       31000   yr
	PRINT_INITIAL
		boundary_conditions    true
		components		true
		conductances           true
		echo_input             true
		fluid_properties       true
		force_chemistry_print  true
		hdf_chemistry          true
		hdf_heads              true
		hdf_steady_flow_velocities   true
		heads                  true
		media_properties       true
		solution_method        true
		steady_flow_velocities true
		wells                  true
		xyz_chemistry          true
	        xyz_components         true
	        xyz_heads              true
	        xyz_ss_velocities      true
		xyz_wells              true
	PRINT_FREQUENCY
	0
		end_of_period_default          false
		bc_flow_rates          1000 yr
		boundary_conditions    true
		components             2000 yr
		conductances           3000 yr
		flow_balance           4000 yr
		force_chemistry_print  end
		hdf_chemistry          5000 yr
		hdf_heads              6000 yr
		hdf_velocities         7000 yr
	        heads                  8000 yr
	        progress_statistics    9000  yr
	        save_final_heads       true
		velocities             10000 yr
		wells                  11000 yr
	        xyz_chemistry          12000 yr
	        xyz_components         13000 yr
	        xyz_velocities         14000 yr
	        xyz_wells              15000 yr
	15000
		end_of_period_default          false
		bc_flow_rates          15000 yr
		boundary_conditions    false
		components             14000 yr
		conductances           13000 yr
		flow_balance           12000 yr
		force_chemistry_print  0
		hdf_chemistry          11000 yr
		hdf_heads              10000 yr
		hdf_velocities         8000 yr
	        heads                  9000 yr
	        progress_statistics    7000  yr
	        save_final_heads       true
		velocities             6000 yr
		wells                  5000 yr
	        xyz_chemistry          4000 yr
	        xyz_components         3000 yr
	        xyz_velocities         2000 yr
	        xyz_wells              1000 yr
		restart		1000000 yr
	30000
		end_of_period_default          true
		force_chemistry_print  100000
	PRINT_LOCATIONS
	        chemistry
		       sample_grid X 2
	        xyz_chemistry
	               zone   0 0 0  90000 48000 0
	               print 0
	END
WARNING: Horizontal, vertical, and longitudinal dispersivities are not equal for at least one element.
	However, cross-dispersion calculation is disabled (-cross_dispersion in SOLUTION_METHOD).

PHASTINPUT done.

Running PHAST.

Output file:    print_check_ss.O.chem
Chemistry file: print_check_ss.chem.dat
Database file:  phast.dat

Running PHREEQC for initial conditions.

Processing database file.
	SOLUTION_MASTER_SPECIES
	SOLUTION_SPECIES
	PHASES
	EXCHANGE_MASTER_SPECIES
	EXCHANGE_SPECIES
	SURFACE_MASTER_SPECIES
	SURFACE_SPECIES
	RATES
	END

Processing chemical data file.
	SURFACE_MASTER_SPECIES
	        Surf    SurfOH
	SURFACE_SPECIES
	SOLUTION_MASTER_SPECIES
	        As       H3AsO4        -1.0     74.9216         74.9216
	SOLUTION_SPECIES
	SOLUTION 1 20 x precipitation
	END
	USE solution 1
	EQUILIBRIUM_PHASES 1
	        Dolomite        0.0     1.6
	        Calcite         0.0     0.1
	        CO2(g)          -1.5    100.
	SAVE solution 1
	END
	SOLUTION 2 Brine
	END
	USE solution 2
	EQUILIBRIUM_PHASES 2
	        Dolomite        0.0     1.6
	        Calcite         0.0     0.1
	SAVE solution 2
	END
	EXCHANGE 2
	SURFACE 2
	END
	SELECTED_OUTPUT
	USER_PUNCH
	END
PHREEQC done.
. Central Oklahoma aquifer,
. demonstration of PHAST
Reading static data for flow and transport simulation
A4 array dimension requirement (D4ZGCG iterative solver)......... NRAL .        0 elements
Primary storage requirement (D4ZGCG iterative solver)............ NPRIST     4104 elements
Overhead storage requirement (D4ZGCG iterative solver)........... NOHST .   27568 elements
                    *** Calculation Information ***
          Row scaling only, using L-inf norm, will be done
          Direction index for d4 zig-zag renumbering ............ IDIR..    1
          Incomplete LU [f] or modified ILU [t] factorization ... MILU..     T
          Number of search directions before restart ............ NSDR..   20
          Tolerance on iterative solution ....................... EPSSLV 1.0E-10

Beginning flow calculation for steady-state i.c.
Reading transient data for simulation: Set  1
WARNING:  2 print control intervals are less than defined time step length.
Automatic Time Step Control Parameters for Steady Flow
Maximum pressure change allowed per time step.................... DPTAS    1.18E+06  (Pa )
Minimum time step required ...................................... DTIMMN    2.0      (yr )
Maximum time step allowed ....................................... DTIMMX   2.00E+06(yr )

Beginning steady state time step no.      1
     Maximum change in potentiometric head ..   -1.0352E+02     (m) at location ( 9.000E+04, 0.000    ,  400.    )(m)
     Fractional flow residual ...............   -1.9067E+00

Beginning steady state time step no.      2
     Maximum change in potentiometric head ..   -1.0103E+01     (m) at location ( 9.000E+04, 0.000    ,  200.    )(m)
     Fractional flow residual ...............   -9.5157E-01

Beginning steady state time step no.      3
     Maximum change in potentiometric head ..   -3.6862E+00     (m) at location ( 3.600E+04, 0.000    ,  400.    )(m)
     Fractional flow residual ...............   -5.1810E-01

Beginning steady state time step no.      4
     Maximum change in potentiometric head ..   -5.5078E+00     (m) at location ( 3.600E+04, 0.000    ,  400.    )(m)
     Fractional flow residual ...............   -4.7973E-01

Beginning steady state time step no.      5
     Maximum change in potentiometric head ..   -7.2264E+00     (m) at location ( 2.400E+04, 4.800E+04,  400.    )(m)
     Fractional flow residual ...............   -4.2170E-01

Beginning steady state time step no.      6
     Maximum change in potentiometric head ..   -7.9044E+00     (m) at location ( 2.400E+04, 4.800E+04,  400.    )(m)
     Fractional flow residual ...............   -3.4561E-01

Beginning steady state time step no.      7
     Maximum change in potentiometric head ..   -7.8500E+00     (m) at location ( 1.800E+04, 4.800E+04,  400.    )(m)
     Fractional flow residual ...............   -2.5910E-01

Beginning steady state time step no.      8
     Maximum change in potentiometric head ..   -9.0788E+00     (m) at location ( 6.000E+03, 4.200E+04,  400.    )(m)
     Fractional flow residual ...............   -1.7132E-01

Beginning steady state time step no.      9
     Maximum change in potentiometric head ..   -1.1308E+01     (m) at location ( 0.000    , 3.000E+04,  400.    )(m)
     Fractional flow residual ...............   -9.2746E-02

Beginning steady state time step no.     10
     Maximum change in potentiometric head ..   -1.0515E+01     (m) at location ( 0.000    , 2.400E+04,  400.    )(m)
     Fractional flow residual ...............   -3.6934E-02

Beginning steady state time step no.     11
     Maximum change in potentiometric head ..   -6.1028E+00     (m) at location ( 0.000    , 2.400E+04,  400.    )(m)
     Fractional flow residual ...............   -9.6739E-03

Beginning steady state time step no.     12
     Maximum change in potentiometric head ..   -2.0448E+00     (m) at location ( 0.000    , 2.400E+04,  400.    )(m)
     Fractional flow residual ...............   -1.5103E-03

Beginning steady state time step no.     13
     Maximum change in potentiometric head ..   -3.6879E-01     (m) at location ( 0.000    , 2.400E+04,  400.    )(m)
     Fractional flow residual ...............   -1.2901E-04

Beginning steady state time step no.     14
     Maximum change in potentiometric head ..   -3.3892E-02     (m) at location ( 0.000    , 3.000E+04,  400.    )(m)
     Fractional flow residual ...............   -5.5722E-06

Beginning steady state time step no.     15
     Current time step length ...................................   1.638E+04 (yr)
          No. of solver iterations, Relative residual:   11      8.2771316E-11
     Maximum change in potentiometric head ..   -1.4905E-03     (m) at location ( 0.000    , 3.600E+04,  400.    )(m)
     Fractional flow residual ...............   -1.1102E-07

Beginning steady state time step no.     16
     Current time step length ...................................   3.277E+04 (yr)
          No. of solver iterations, Relative residual:   12      1.9452475E-11
     Maximum change in potentiometric head ..   -3.3950E-05     (m) at location ( 0.000    , 4.800E+04,  400.    )(m)
     Fractional flow residual ...............   -7.8035E-10

Beginning steady state time step no.     17
     Current time step length ...................................   6.554E+04 (yr)
          No. of solver iterations, Relative residual:   12      3.9185889E-11
     Maximum change in potentiometric head ..   -2.3467E-07     (m) at location ( 0.000    , 4.800E+04,  400.    )(m)
     Fractional flow residual ...............    5.4063E-12

Done with steady-state flow.
Equilibration of cells for initial conditions.
          Total cells: 369
          Number of cells with same aqueous model: 358
          Total iterations all cells: 359
          Number of cells with zero iterations: 0
          Maximum iterations for one cell: 1

     Time at which next set of transient parameters will be read .......... TIMCHG  1.500E+04  (yr)

Beginning transient simulation.

Beginning time step no.      1
     Beginning solute-transport calculation.
          H
          O
          As
          C
          Ca
          Cl
          Mg
          Na
          S
          Charge
     Beginning chemistry calculation.
     End of Time Step No.     1
     Time ..................................................   1.000E+03 (yr)

Beginning time step no.      2
     Beginning solute-transport calculation.
          H
          O
          As
          C
          Ca
          Cl
          Mg
          Na
          S
          Charge
     Beginning chemistry calculation.
     End of Time Step No.     2
     Time ..................................................   2.000E+03 (yr)

Beginning time step no.      3
     Beginning solute-transport calculation.
          H
          O
          As
          C
          Ca
          Cl
          Mg
          Na
          S
          Charge
     Beginning chemistry calculation.
     End of Time Step No.     3
     Time ..................................................   3.000E+03 (yr)

Beginning time step no.      4
     Beginning solute-transport calculation.
          H
          O
          As
          C
          Ca
          Cl
          Mg
          Na
          S
          Charge
     Beginning chemistry calculation.
     End of Time Step No.     4
     Time ..................................................   4.000E+03 (yr)

Beginning time step no.      5
     Beginning solute-transport calculation.
          H
          O
          As
          C
          Ca
          Cl
          Mg
          Na
          S
          Charge
     Beginning chemistry calculation.
     End of Time Step No.     5
     Time ..................................................   5.000E+03 (yr)

Beginning time step no.      6
     Beginning solute-transport calculation.
          H
          O
          As
          C
          Ca
          Cl
          Mg
          Na
          S
          Charge
     Beginning chemistry calculation.
     End of Time Step No.     6
     Time ..................................................   6.000E+03 (yr)

Beginning time step no.      7
     Beginning solute-transport calculation.
          H
          O
          As
          C
          Ca
          Cl
          Mg
          Na
          S
          Charge
     Beginning chemistry calculation.
     End of Time Step No.     7
     Time ..................................................   7.000E+03 (yr)

Beginning time step no.      8
     Beginning solute-transport calculation.
          H
          O
          As
          C
          Ca
          Cl
          Mg
          Na
          S
          Charge
     Beginning chemistry calculation.
     End of Time Step No.     8
     Time ..................................................   8.000E+03 (yr)

Beginning time step no.      9
     Current time step length ...................................   1.000E+03 (yr)
     Beginning solute-transport calculation.
          H
          No. of solver iterations, Relative residual:    6      2.1867936E-11
          O
          No. of solver iterations, Relative residual:    6      1.4641138E-11
          As
          No. of solver iterations, Relative residual:    5      8.0908499E-11
          C
          No. of solver iterations, Relative residual:    6      1.4865348E-11
          Ca
          No. of solver iterations, Relative residual:    6      6.0334286E-12
          Cl
          No. of solver iterations, Relative residual:    6      5.0519151E-12
          Mg
          No. of solver iterations, Relative residual:    6      8.9618915E-12
          Na
          No. of solver iterations, Relative residual:    6      5.7172917E-12
          S
          No. of solver iterations, Relative residual:    6      5.0519152E-12
          Charge
          No. of solver iterations, Relative residual:    6      2.5857724E-11
     Beginning chemistry calculation.
          Total cells: 369
          Number of cells with same aqueous model: 359
          Total iterations all cells: 2290
          Number of cells with zero iterations: 0
          Maximum iterations for one cell: 13

     End of Time Step No.     9
     Time ..................................................   9.000E+03 (yr)
     Maximum change in potentiometric head  -2.3467E-07      (m ) at location ( 0.000    , 4.800E+04,  400.    )(m)
     Maximum change in H .................. -9.7527E-03 (mol/kgw) at location ( 4.200E+04, 0.000    , 0.000    )(m)
     Maximum change in O .................. -1.9799E-02 (mol/kgw) at location ( 4.200E+04, 0.000    , 0.000    )(m)
     Maximum change in As ................. -1.8673E-07 (mol/kgw) at location ( 9.000E+04, 1.800E+04,  400.    )(m)
     Maximum change in C .................. -6.5664E-03 (mol/kgw) at location ( 4.200E+04, 0.000    , 0.000    )(m)
     Maximum change in Ca ................. -3.3952E-02 (mol/kgw) at location ( 2.400E+04, 4.800E+04,  200.    )(m)
     Maximum change in Cl ................. -5.0268E-01 (mol/kgw) at location ( 2.400E+04, 4.800E+04,  200.    )(m)
     Maximum change in Mg ................. -1.3333E-02 (mol/kgw) at location ( 2.400E+04, 4.200E+04, 0.000    )(m)
     Maximum change in Na ................. -4.0521E-01 (mol/kgw) at location ( 2.400E+04, 4.800E+04,  200.    )(m)
     Maximum change in S .................. -3.3983E-04 (mol/kgw) at location ( 2.400E+04, 4.800E+04,  200.    )(m)
     Maximum change in Charge ............. -1.0113E-02 (mol/kgw) at location ( 4.200E+04, 0.000    , 0.000    )(m)

Beginning time step no.     10
     Beginning solute-transport calculation.
          H
          O
          As
          C
          Ca
          Cl
          Mg
          Na
          S
          Charge
     Beginning chemistry calculation.
     End of Time Step No.    10
     Time ..................................................   1.000E+04 (yr)

Beginning time step no.     11
     Beginning solute-transport calculation.
          H
          O
          As
          C
          Ca
          Cl
          Mg
          Na
          S
          Charge
     Beginning chemistry calculation.
     End of Time Step No.    11
     Time ..................................................   1.100E+04 (yr)

Beginning time step no.     12
     Beginning solute-transport calculation.
          H
          O
          As
          C
          Ca
          Cl
          Mg
          Na
          S
          Charge
     Beginning chemistry calculation.
     End of Time Step No.    12
     Time ..................................................   1.200E+04 (yr)

Beginning time step no.     13
     Beginning solute-transport calculation.
          H
          O
          As
          C
          Ca
          Cl
          Mg
          Na
          S
          Charge
     Beginning chemistry calculation.
     End of Time Step No.    13
     Time ..................................................   1.300E+04 (yr)

Beginning time step no.     14
     Beginning solute-transport calculation.
          H
          O
          As
          C
          Ca
          Cl
          Mg
          Na
          S
          Charge
     Beginning chemistry calculation.
     End of Time Step No.    14
     Time ..................................................   1.400E+04 (yr)

Beginning time step no.     15
     Current time step length ...................................   1.000E+03 (yr)
     Beginning solute-transport calculation.
          H
          No. of solver iterations, Relative residual:    6      1.7720641E-11
          O
          No. of solver iterations, Relative residual:    6      1.8538345E-11
          As
          No. of solver iterations, Relative residual:    6      9.9639304E-12
          C
          No. of solver iterations, Relative residual:    6      1.8631880E-11
          Ca
          No. of solver iterations, Relative residual:    6      3.4758460E-12
          Cl
          No. of solver iterations, Relative residual:    6      3.7856591E-12
          Mg
          No. of solver iterations, Relative residual:    6      3.9806127E-12
          Na
          No. of solver iterations, Relative residual:    6      3.6221403E-12
          S
          No. of solver iterations, Relative residual:    6      3.7856598E-12
          Charge
          No. of solver iterations, Relative residual:    6      1.7249067E-11
     Beginning chemistry calculation.
          Total cells: 369
          Number of cells with same aqueous model: 359
          Total iterations all cells: 2684
          Number of cells with zero iterations: 0
          Maximum iterations for one cell: 24

     End of Time Step No.    15
     Time ..................................................   1.500E+04 (yr)
     Maximum change in potentiometric head  -2.3467E-07      (m ) at location ( 0.000    , 4.800E+04,  400.    )(m)
     Maximum change in H .................. -5.6912E-03 (mol/kgw) at location ( 2.400E+04, 3.600E+04,  200.    )(m)
     Maximum change in O .................. -1.1046E-02 (mol/kgw) at location ( 3.000E+04, 4.800E+04, 0.000    )(m)
     Maximum change in As ................. -5.2164E-07 (mol/kgw) at location ( 9.000E+04, 0.000    ,  200.    )(m)
     Maximum change in C .................. -3.6690E-03 (mol/kgw) at location ( 3.000E+04, 4.800E+04, 0.000    )(m)
     Maximum change in Ca ................. -2.2549E-02 (mol/kgw) at location ( 1.200E+04, 4.800E+04, 0.000    )(m)
     Maximum change in Cl ................. -3.2159E-01 (mol/kgw) at location ( 1.800E+04, 4.800E+04,  200.    )(m)
     Maximum change in Mg ................. -8.9938E-03 (mol/kgw) at location ( 1.800E+04, 4.800E+04, 0.000    )(m)
     Maximum change in Na ................. -2.6091E-01 (mol/kgw) at location ( 1.800E+04, 4.800E+04,  200.    )(m)
     Maximum change in S .................. -2.1741E-04 (mol/kgw) at location ( 1.800E+04, 4.800E+04,  200.    )(m)
     Maximum change in Charge ............. -5.9484E-03 (mol/kgw) at location ( 2.400E+04, 3.600E+04,  200.    )(m)
Reading transient data for simulation: Set  2
WARNING:  2 print control intervals are less than defined time step length.
     Time at which next set of transient parameters will be read .......... TIMCHG  3.000E+04  (yr)

Beginning time step no.     16
     Beginning solute-transport calculation.
          H
          O
          As
          C
          Ca
          Cl
          Mg
          Na
          S
          Charge
     Beginning chemistry calculation.
     End of Time Step No.    16
     Time ..................................................   1.600E+04 (yr)

Beginning time step no.     17
     Beginning solute-transport calculation.
          H
          O
          As
          C
          Ca
          Cl
          Mg
          Na
          S
          Charge
     Beginning chemistry calculation.
     End of Time Step No.    17
     Time ..................................................   1.700E+04 (yr)

Beginning time step no.     18
     Beginning solute-transport calculation.
          H
          O
          As
          C
          Ca
          Cl
          Mg
          Na
          S
          Charge
     Beginning chemistry calculation.
     End of Time Step No.    18
     Time ..................................................   1.800E+04 (yr)

Beginning time step no.     19
     Beginning solute-transport calculation.
          H
          O
          As
          C
          Ca
          Cl
          Mg
          Na
          S
          Charge
     Beginning chemistry calculation.
     End of Time Step No.    19
     Time ..................................................   1.900E+04 (yr)

Beginning time step no.     20
     Beginning solute-transport calculation.
          H
          O
          As
          C
          Ca
          Cl
          Mg
          Na
          S
          Charge
     Beginning chemistry calculation.
     End of Time Step No.    20
     Time ..................................................   2.000E+04 (yr)

Beginning time step no.     21
     Current time step length ...................................   1.000E+03 (yr)
     Beginning solute-transport calculation.
          H
          No. of solver iterations, Relative residual:    6      7.3214846E-12
          O
          No. of solver iterations, Relative residual:    6      1.4401425E-11
          As
          No. of solver iterations, Relative residual:    6      3.8014882E-11
          C
          No. of solver iterations, Relative residual:    6      1.4377770E-11
          Ca
          No. of solver iterations, Relative residual:    6      4.7073057E-12
          Cl
          No. of solver iterations, Relative residual:    6      3.0588021E-12
          Mg
          No. of solver iterations, Relative residual:    6      6.8646695E-12
          Na
          No. of solver iterations, Relative residual:    6      3.7055053E-12
          S
          No. of solver iterations, Relative residual:    6      3.0588025E-12
          Charge
          No. of solver iterations, Relative residual:    6      6.9853145E-12
     Beginning chemistry calculation.
          Total cells: 369
          Number of cells with same aqueous model: 358
          Total iterations all cells: 2868
          Number of cells with zero iterations: 0
          Maximum iterations for one cell: 15

     End of Time Step No.    21
     Time ..................................................   2.100E+04 (yr)
     Maximum change in potentiometric head  -2.3467E-07      (m ) at location ( 0.000    , 4.800E+04,  400.    )(m)
     Maximum change in H .................. -5.5631E-03 (mol/kgw) at location ( 2.400E+04, 4.800E+04,  200.    )(m)
     Maximum change in O .................. -1.0259E-02 (mol/kgw) at location ( 2.400E+04, 4.800E+04,  200.    )(m)
     Maximum change in As ................. -3.8609E-07 (mol/kgw) at location ( 4.800E+04, 2.400E+04, 0.000    )(m)
     Maximum change in C .................. -3.3970E-03 (mol/kgw) at location ( 2.400E+04, 4.800E+04,  200.    )(m)
     Maximum change in Ca ................. -1.6420E-02 (mol/kgw) at location ( 6.000E+03, 4.800E+04, 0.000    )(m)
     Maximum change in Cl ................. -2.3778E-01 (mol/kgw) at location ( 1.200E+04, 4.800E+04, 0.000    )(m)
     Maximum change in Mg ................. -6.7098E-03 (mol/kgw) at location ( 1.200E+04, 4.800E+04,  200.    )(m)
     Maximum change in Na ................. -1.9336E-01 (mol/kgw) at location ( 1.200E+04, 4.800E+04, 0.000    )(m)
     Maximum change in S .................. -1.6075E-04 (mol/kgw) at location ( 1.200E+04, 4.800E+04, 0.000    )(m)
     Maximum change in Charge ............. -5.8486E-03 (mol/kgw) at location ( 2.400E+04, 4.800E+04,  200.    )(m)

Beginning time step no.     22
     Beginning solute-transport calculation.
          H
          O
          As
          C
          Ca
          Cl
          Mg
          Na
          S
          Charge
     Beginning chemistry calculation.
     End of Time Step No.    22
     Time ..................................................   2.200E+04 (yr)

Beginning time step no.     23
     Beginning solute-transport calculation.
          H
          O
          As
          C
          Ca
          Cl
          Mg
          Na
          S
          Charge
     Beginning chemistry calculation.
     End of Time Step No.    23
     Time ..................................................   2.300E+04 (yr)

Beginning time step no.     24
     Beginning solute-transport calculation.
          H
          O
          As
          C
          Ca
          Cl
          Mg
          Na
          S
          Charge
     Beginning chemistry calculation.
     End of Time Step No.    24
     Time ..................................................   2.400E+04 (yr)

Beginning time step no.     25
     Beginning solute-transport calculation.
          H
          O
          As
          C
          Ca
          Cl
          Mg
          Na
          S
          Charge
     Beginning chemistry calculation.
     End of Time Step No.    25
     Time ..................................................   2.500E+04 (yr)

Beginning time step no.     26
     Beginning solute-transport calculation.
          H
          O
          As
          C
          Ca
          Cl
          Mg
          Na
          S
          Charge
     Beginning chemistry calculation.
     End of Time Step No.    26
     Time ..................................................   2.600E+04 (yr)

Beginning time step no.     27
     Beginning solute-transport calculation.
          H
          O
          As
          C
          Ca
          Cl
          Mg
          Na
          S
          Charge
     Beginning chemistry calculation.
     End of Time Step No.    27
     Time ..................................................   2.700E+04 (yr)

Beginning time step no.     28
     Current time step length ...................................   1.000E+03 (yr)
     Beginning solute-transport calculation.
          H
          No. of solver iterations, Relative residual:    6      4.0216297E-12
          O
          No. of solver iterations, Relative residual:    6      1.1084349E-11
          As
          No. of solver iterations, Relative residual:    6      2.7831342E-11
          C
          No. of solver iterations, Relative residual:    6      1.1068759E-11
          Ca
          No. of solver iterations, Relative residual:    6      5.8356038E-12
          Cl
          No. of solver iterations, Relative residual:    6      2.4579888E-12
          Mg
          No. of solver iterations, Relative residual:    6      8.7352723E-12
          Na
          No. of solver iterations, Relative residual:    6      2.7098357E-12
          S
          No. of solver iterations, Relative residual:    6      2.4579890E-12
          Charge
          No. of solver iterations, Relative residual:    6      3.9354286E-12
     Beginning chemistry calculation.
          Total cells: 369
          Number of cells with same aqueous model: 358
          Total iterations all cells: 3005
          Number of cells with zero iterations: 0
          Maximum iterations for one cell: 23

     End of Time Step No.    28
     Time ..................................................   2.800E+04 (yr)
     Maximum change in potentiometric head  -2.3467E-07      (m ) at location ( 0.000    , 4.800E+04,  400.    )(m)
     Maximum change in H .................. -4.5309E-03 (mol/kgw) at location ( 1.800E+04, 4.800E+04,  200.    )(m)
     Maximum change in O .................. -8.1850E-03 (mol/kgw) at location ( 1.800E+04, 4.800E+04,  200.    )(m)
     Maximum change in As ................. -3.6516E-07 (mol/kgw) at location ( 4.200E+04, 4.800E+04, 0.000    )(m)
     Maximum change in C .................. -2.7115E-03 (mol/kgw) at location ( 1.800E+04, 4.800E+04,  200.    )(m)
     Maximum change in Ca ................. -1.2463E-02 (mol/kgw) at location ( 6.000E+03, 4.800E+04, 0.000    )(m)
     Maximum change in Cl ................. -1.8991E-01 (mol/kgw) at location ( 6.000E+03, 4.800E+04, 0.000    )(m)
     Maximum change in Mg ................. -5.1153E-03 (mol/kgw) at location ( 6.000E+03, 4.800E+04,  400.    )(m)
     Maximum change in Na ................. -1.5356E-01 (mol/kgw) at location ( 6.000E+03, 4.800E+04, 0.000    )(m)
     Maximum change in S .................. -1.2838E-04 (mol/kgw) at location ( 6.000E+03, 4.800E+04, 0.000    )(m)
     Maximum change in Charge ............. -4.7725E-03 (mol/kgw) at location ( 1.800E+04, 4.800E+04,  200.    )(m)

Beginning time step no.     29
     Beginning solute-transport calculation.
          H
          O
          As
          C
          Ca
          Cl
          Mg
          Na
          S
          Charge
     Beginning chemistry calculation.
     End of Time Step No.    29
     Time ..................................................   2.900E+04 (yr)

Beginning time step no.     30
     Current time step length ...................................   1.000E+03 (yr)
     Beginning solute-transport calculation.
          H
          No. of solver iterations, Relative residual:    6      3.7245890E-12
          O
          No. of solver iterations, Relative residual:    6      9.7683395E-12
          As
          No. of solver iterations, Relative residual:    6      4.4877973E-11
          C
          No. of solver iterations, Relative residual:    6      9.7635341E-12
          Ca
          No. of solver iterations, Relative residual:    6      6.0796819E-12
          Cl
          No. of solver iterations, Relative residual:    6      2.2528246E-12
          Mg
          No. of solver iterations, Relative residual:    6      8.9837488E-12
          Na
          No. of solver iterations, Relative residual:    6      3.1266871E-12
          S
          No. of solver iterations, Relative residual:    6      2.2528249E-12
          Charge
          No. of solver iterations, Relative residual:    6      3.6583747E-12
     Beginning chemistry calculation.
          Total cells: 369
          Number of cells with same aqueous model: 358
          Total iterations all cells: 3127
          Number of cells with zero iterations: 0
          Maximum iterations for one cell: 20

     End of Time Step No.    30
     Time ..................................................   3.000E+04 (yr)
     Maximum change in potentiometric head  -2.3467E-07      (m ) at location ( 0.000    , 4.800E+04,  400.    )(m)
     Maximum change in H .................. -4.3344E-03 (mol/kgw) at location ( 1.800E+04, 4.800E+04,  200.    )(m)
     Maximum change in O .................. -7.9902E-03 (mol/kgw) at location ( 1.800E+04, 4.800E+04,  200.    )(m)
     Maximum change in As ................. -3.3937E-07 (mol/kgw) at location ( 4.200E+04, 4.800E+04, 0.000    )(m)
     Maximum change in C .................. -2.6512E-03 (mol/kgw) at location ( 1.800E+04, 4.800E+04,  200.    )(m)
     Maximum change in Ca ................. -1.1630E-02 (mol/kgw) at location ( 0.000    , 4.800E+04, 0.000    )(m)
     Maximum change in Cl ................. -1.7208E-01 (mol/kgw) at location ( 6.000E+03, 4.800E+04, 0.000    )(m)
     Maximum change in Mg ................. -4.8268E-03 (mol/kgw) at location ( 6.000E+03, 4.800E+04,  400.    )(m)
     Maximum change in Na ................. -1.4001E-01 (mol/kgw) at location ( 6.000E+03, 4.800E+04, 0.000    )(m)
     Maximum change in S .................. -1.1633E-04 (mol/kgw) at location ( 6.000E+03, 4.800E+04, 0.000    )(m)
     Maximum change in Charge ............. -4.5153E-03 (mol/kgw) at location ( 1.800E+04, 4.800E+04,  200.    )(m)
Reading transient data for simulation: Set  3
WARNING:  2 print control intervals are less than defined time step length.
     Time at which next set of transient parameters will be read .......... TIMCHG  3.100E+04  (yr)

Beginning time step no.     31
     Current time step length ...................................   1.000E+03 (yr)
     Beginning solute-transport calculation.
          H
          No. of solver iterations, Relative residual:    6      3.6334584E-12
          O
          No. of solver iterations, Relative residual:    6      9.0979574E-12
          As
          No. of solver iterations, Relative residual:    6      4.9372868E-11
          C
          No. of solver iterations, Relative residual:    6      9.0984164E-12
          Ca
          No. of solver iterations, Relative residual:    6      6.1966690E-12
          Cl
          No. of solver iterations, Relative residual:    6      2.1489344E-12
          Mg
          No. of solver iterations, Relative residual:    6      9.0894832E-12
          Na
          No. of solver iterations, Relative residual:    6      3.1780992E-12
          S
          No. of solver iterations, Relative residual:    6      2.1489349E-12
          Charge
          No. of solver iterations, Relative residual:    6      3.5719741E-12
     Beginning chemistry calculation.
          Total cells: 369
          Number of cells with same aqueous model: 358
          Total iterations all cells: 3152
          Number of cells with zero iterations: 0
          Maximum iterations for one cell: 21

     End of Time Step No.    31
     Time ..................................................   3.100E+04 (yr)
     Maximum change in potentiometric head  -2.3467E-07      (m ) at location ( 0.000    , 4.800E+04,  400.    )(m)
     Maximum change in H .................. -4.1851E-03 (mol/kgw) at location ( 1.800E+04, 4.800E+04,  200.    )(m)
     Maximum change in O .................. -7.8217E-03 (mol/kgw) at location ( 1.800E+04, 4.800E+04,  200.    )(m)
     Maximum change in As ................. -3.2495E-07 (mol/kgw) at location ( 4.200E+04, 4.800E+04, 0.000    )(m)
     Maximum change in C .................. -2.5968E-03 (mol/kgw) at location ( 1.800E+04, 4.800E+04,  200.    )(m)
     Maximum change in Ca ................. -1.1502E-02 (mol/kgw) at location ( 0.000    , 4.800E+04, 0.000    )(m)
     Maximum change in Cl ................. -1.6296E-01 (mol/kgw) at location ( 6.000E+03, 4.800E+04, 0.000    )(m)
     Maximum change in Mg ................. -4.6523E-03 (mol/kgw) at location ( 6.000E+03, 4.800E+04,  200.    )(m)
     Maximum change in Na ................. -1.3305E-01 (mol/kgw) at location ( 6.000E+03, 4.800E+04, 0.000    )(m)
     Maximum change in S .................. -1.1017E-04 (mol/kgw) at location ( 6.000E+03, 4.800E+04, 0.000    )(m)
     Maximum change in Charge ............. -4.3414E-03 (mol/kgw) at location ( 1.800E+04, 4.800E+04,  200.    )(m)
Done with transient simulation.

                             ***** Simulation Completed *****
     Last time value calculated ...................................... 3.1000E+04 (yr)
     Last time step index ............................................      31
