Running PHASTINPUT.

Processing flow and transport data file.

	TITLE
	.       Linear boundary conditions: specified head, 
	.       initial head, and solution composition
	SOLUTE_TRANSPORT   true
	UNITS
	        time           sec
	        horizontal     m
	        vertical       m
	        head           m
	        hydraulic_conductivity m/s             
	        specific_storage  1/m
	        dispersivity   m
	        flux           m/s
	GRID
	        uniform X 
	                0 10    11
	        uniform Y
	                0 10    11
	        uniform Z 
	                0 10    2
	        print_orientation XY
	        chemistry_dimensions   XY
	MEDIA
	        zone   0 0 0 10 10 10
	                kx                             .1
	                ky                             .1
	                kz                             .1
	                porosity                       .1
	                storage                        0
	                long_dispersivity              .1
	                horizontal_dispersivity        .1
	                vertical_dispersivity          .1
	FREE_SURFACE_BC false
	SPECIFIED_HEAD_BC
	        zone   0 0 0 0 10 10
	                head           0       1
	                associated_solution_composition     0       Y 1 4.0 2 6.0
	        zone   10 0 0 10 10 10
	                head           0       0
	                associated_solution_composition     0       2
	HEAD_IC
	        zone   0 0 0 10 10 10
	                head                   X 1.0 0.0 0.0 10.0
	CHEMISTRY_IC
	        zone   0 0 0 10 10 10
	                solution               X  1 0.0 2 10.0
	SOLUTION_METHOD
	        direct_solver
	        space_differencing  0.5
	        time_differencing   0.5
	PRINT_INITIAL
	        components             true
	        force_chemistry        true
	        xyz_chemistry          true
	        hdf_chemistry          true
	PRINT_FREQUENCY
	        0
	        components             1 step
	        force_chemistry_print        1 step
	        xyz_chemistry          1 step
	TIME_CONTROL
	        time_step      0       .5      sec
	        time_change            .5      sec
	END

PHASTINPUT done.

Running PHAST.

Running PHREEQC for initial conditions.

Processing database file.
	SOLUTION_MASTER_SPECIES
	SOLUTION_SPECIES
	PHASES
	EXCHANGE_MASTER_SPECIES
	EXCHANGE_SPECIES
	SURFACE_MASTER_SPECIES
	SURFACE_SPECIES
	RATES
	END

Processing chemical data file.
	SOLUTION 1
	SOLUTION 2
	END
	SELECTED_OUTPUT
	END
PHREEQC done.
..       Linear boundary conditions: specified head,
..       initial head, and solution composition
Reading static data for flow and transport simulation
A4 array dimension requirement (D4 direct solver)................ NRAL .        0 elements
Primary storage requirement (D4 direct solver)................... NPRIST     3801 elements
Overhead storage requirement (D4 direct solver).................. NOHST .    2300 elements
                    *** Calculation Information ***
Equilibration of cells for initial conditions.

Beginning transient simulation.
Reading transient data for simulation: Set  1
     Time at which next set of transient parameters will be read .......... TIMCHG  0.500      (s)

Beginning time step no.      1
     Current time step length ...................................   0.500     (s)
     Beginning flow calculation.
     Beginning solute-transport calculation.
          H
          O
          Cl
          Na
          Charge
     Beginning chemistry calculation.
          Total cells: 121
          Number of cells with same aqueous model: 121
          Total iterations all cells: 358
          Number of cells with zero iterations: 0
          Maximum iterations for one cell: 8

     End of Time Step No.     1
     Time ..................................................   0.500     (s)
     Maximum change in potentiometric head  -2.2386E-15      (m ) at location (  2.00    ,  2.00    ,  10.0    )(m)
     Maximum change in H ..................  2.6331E-10 (mol/kgw) at location ( 0.000    ,  10.0    ,  10.0    )(m)
     Maximum change in O ..................  1.4270E-10 (mol/kgw) at location ( 0.000    ,  10.0    , 0.000    )(m)
     Maximum change in Cl .................  9.3272E-05 (mol/kgw) at location ( 0.000    ,  10.0    , 0.000    )(m)
     Maximum change in Na .................  9.3272E-05 (mol/kgw) at location ( 0.000    ,  10.0    , 0.000    )(m)
     Maximum change in Charge ............. -2.2364E-11 (mol/kgw) at location ( 0.000    ,  10.0    , 0.000    )(m)
Done with transient simulation.

                             ***** Simulation Completed *****
     Last time value calculated ...................................... 0.5000     (s)
     Last time step index ............................................       1
