Running PHASTINPUT.

Processing flow and transport data file.

	TITLE
	.       Linear initial conditions: head, solutions, exchange,
	.       equilibrium_phases, gases, kinetics, surfaces, solid solutions
	SOLUTE_TRANSPORT   true
	UNITS
	        time           sec
	        horizontal     m
	        vertical       m
	        head           m
	        hydraulic_conductivity m/s             
	        specific_storage  1/m
	        dispersivity   m
	        flux           m/s
	GRID
	        uniform X 
	                0 10    11
	        uniform Y
	                0 10    2
	        uniform Z 
	                0 10    2
	        print_orientation XY
	        chemistry_dimensions   X
	MEDIA
	        zone   0 0 0 10 10 10
	                kx                             .1
	                ky                             .1
	                kz                             .1
	                porosity                       .1
	                storage                        0
	                longitudinal_dispersivity      .1
	                horizontal_dispersivity        .1
	                vertical_dispersivity          .1
	FREE_SURFACE_BC false
	SPECIFIED_HEAD_BC
	        zone   0 0 0 0 10 10
	                head           0       1
	                associated_solution_composition     0       1
	        zone   10 0 0 10 10 10
	                head           0       0
	                associated_solution_composition     0       2
	HEAD_IC
	        zone   0 0 0 10 10 10
	                head                   X 1.0 0.0 0.0 10.0
	CHEMISTRY_IC
	        zone   0 0 0 10 10 10
	                solution               X  1 0.0 2 10.0
	                equilibrium_phases     X  1 0.0 2 10.0
	                surface                X  1 0.0 2 10.0
	                exchange               X  1 0.0 2 10.0
	                solid_solution         X  1 0.0 2 10.0
	                gas_phase              X  1 0.0 2 10.0
	                kinetics               X  1 0.0 2 10.0
	PRINT_INITIAL
	        components             true
	        force_chemistry        true
	        xyz_chemistry          true
	        hdf_chemistry          true
	SOLUTION_METHOD
	        direct_solver
	        space_differencing  0
	        time_differencing   1
	PRINT_FREQUENCY
	        0
	        components             1 step
	        force_chemistry_print        1 step
	        xyz_chemistry          1 step
	TIME_CONTROL
	        time_step      0       .5      sec
	        time_change            .5      sec
	PRINT_LOCATIONS
	        chemistry
	                sample_grid X 2     
	        xyz_chemistry
	                sample_grid X 2     
	END             

PHASTINPUT done.

Running PHAST.

Running PHREEQC for initial conditions.

Processing database file.
	SOLUTION_MASTER_SPECIES
	SOLUTION_SPECIES
	PHASES
	EXCHANGE_MASTER_SPECIES
	EXCHANGE_SPECIES
	SURFACE_MASTER_SPECIES
	SURFACE_SPECIES
	RATES
	END

Processing chemical data file.
	KNOBS
	SURFACE_MASTER_SPECIES
	        Surf  SurfOH
	SURFACE_SPECIES
	EXCHANGE_MASTER_SPECIES
	        Y       Y-
	EXCHANGE_SPECIES
	SOLUTION 1
	SOLUTION 2
	END
	EQUILIBRIUM_PHASES 1
	        Calcite         0.0     1.0
	        Chalcedony      0.0     .001
	EQUILIBRIUM_PHASES 2
	        Calcite         0.0     2.0
	END
	SURFACE 1
	SURFACE 2
	END
	EXCHANGE 1
	EXCHANGE 2              
	END
	SOLID_SOLUTION 1
	SOLID_SOLUTION 2
	END
	GAS_PHASE 1
	GAS_PHASE 2
	END
	KINETICS 1
	KINETICS 2
	END     
	SELECTED_OUTPUT
	END
PHREEQC done.
..       Linear initial conditions: head, solutions, exchange,
..       equilibrium_phases, gases, kinetics, surfaces, solid solutions
Reading static data for flow and transport simulation
A4 array dimension requirement (D4 direct solver)................ NRAL .        0 elements
Primary storage requirement (D4 direct solver)................... NPRIST      180 elements
Overhead storage requirement (D4 direct solver).................. NOHST .     419 elements
                    *** Calculation Information ***
Equilibration of cells for initial conditions.

Beginning transient simulation.
Reading transient data for simulation: Set  1
     Time at which next set of transient parameters will be read .......... TIMCHG  0.500      (s)

Beginning time step no.      1
     Current time step length ...................................   0.500     (s)
     Beginning flow calculation.
     Beginning solute-transport calculation.
          H
          O
          Al
          Ba
          Br
          C
          Ca
          Cl
          Fe
          K
          Mn
          N
          Na
          S
          Si
          Sr
          Charge
     Beginning chemistry calculation.
          Cells processed by root: 5
          Number of root cells with same aqueous model: 5
          Total iterations all root cells: 266
          Number of root cells with zero iterations: 0
          Maximum iterations for single root cell: 61
     End of Time Step No.     1
     Time ..................................................   0.500     (s)
     Maximum change in potentiometric head  -1.1269E-15      (m ) at location (  2.00    ,  10.0    ,  10.0    )(m)
     Maximum change in H .................. -1.6587E-03 (mol/kgw) at location (  10.0    ,  10.0    , 0.000    )(m)
     Maximum change in O .................. -7.2287E-02 (mol/kgw) at location ( 0.000    ,  10.0    , 0.000    )(m)
     Maximum change in Al .................  0.0000E+00 (mol/kgw) at location (  10.0    ,  10.0    ,  10.0    )(m)
     Maximum change in Ba ................. -7.6145E-11 (mol/kgw) at location ( 0.000    ,  10.0    , 0.000    )(m)
     Maximum change in Br .................  1.0408E-05 (mol/kgw) at location (  10.0    , 0.000    , 0.000    )(m)
     Maximum change in C .................. -1.7324E-04 (mol/kgw) at location ( 0.000    , 0.000    , 0.000    )(m)
     Maximum change in Ca ................. -1.0340E-03 (mol/kgw) at location ( 0.000    , 0.000    , 0.000    )(m)
     Maximum change in Cl ................. -1.0408E-05 (mol/kgw) at location (  10.0    , 0.000    ,  10.0    )(m)
     Maximum change in Fe ................. -7.9983E-06 (mol/kgw) at location ( 0.000    ,  10.0    , 0.000    )(m)
     Maximum change in K ..................  0.0000E+00 (mol/kgw) at location (  10.0    ,  10.0    ,  10.0    )(m)
     Maximum change in Mn .................  4.2608E-07 (mol/kgw) at location (  10.0    ,  10.0    , 0.000    )(m)
     Maximum change in N .................. -6.8285E-05 (mol/kgw) at location ( 0.000    , 0.000    , 0.000    )(m)
     Maximum change in Na ................. -3.3619E-02 (mol/kgw) at location ( 0.000    ,  10.0    , 0.000    )(m)
     Maximum change in S .................. -1.7764E-02 (mol/kgw) at location ( 0.000    , 0.000    , 0.000    )(m)
     Maximum change in Si ................. -2.2484E-05 (mol/kgw) at location ( 0.000    ,  10.0    , 0.000    )(m)
     Maximum change in Sr ................. -8.3722E-07 (mol/kgw) at location ( 0.000    , 0.000    , 0.000    )(m)
     Maximum change in Charge ............. -6.0438E-06 (mol/kgw) at location (  10.0    , 0.000    , 0.000    )(m)
Done with transient simulation.

                             ***** Simulation Completed *****
     Last time value calculated ...................................... 0.5000     (s)
     Last time step index ............................................       1
