Running PHASTINPUT.

Processing flow and transport data file.

	TITLE
	.       1D analytic transport with decay from MOC
	SOLUTE_TRANSPORT       true
	UNITS
	        time           sec
	        horizontal     cm
	        vertical       cm
	        head           cm
	        hydraulic_conductivity cm/s            
	        specific_storage  1/cm
	        dispersivity   cm
	        flux           cm/s
	GRID
	        uniform X 
	                0 12    121
	        uniform Y
	                0 1     2
	        uniform Z 
	                0 1     2
	        print_orientation XY
	        chemistry_dimensions   X
	MEDIA
	        zone   0 0 0 12 1 1
	                kx     .12
	                ky     .12
	                kz     .12
	                porosity                       .1
	                storage                        0
	                longitudinal_dispersivity      .1
	                horizontal_dispersivity        .1
	                vertical_dispersivity          .1
	FREE_SURFACE_BC false
	SPECIFIED_HEAD_BC
	        zone   0 0 0 0 1 1
	                head		0	1
	                associated_solution_composition	0	2
	        zone   12 0 0 12 1 1
	                head		0	0
	                associated_solution_composition	0	1
	HEAD_IC
	        zone   0 0 0 12 1 1
	                head   X 1.0 0.0 0.0 12.0
	CHEMISTRY_IC
	        zone   0 0 0 12 1 1
	                solution 1
	                kinetics 1
	SOLUTION_METHOD
	        direct_solver
	        space_differencing  0.5
	        time_differencing   0.5
	PRINT_INITIAL
	        components     true
	PRINT_FREQUENCY
		0
	        xyz_chemistry  60      sec
	TIME_CONTROL
	        time_step      0	.5      sec
	        time_change    60      sec
	END

PHASTINPUT done.

Running PHAST.

Running PHREEQC for initial conditions.

Processing database file.
	SOLUTION_MASTER_SPECIES
	SOLUTION_SPECIES
	PHASES
	EXCHANGE_MASTER_SPECIES
	EXCHANGE_SPECIES
	SURFACE_MASTER_SPECIES
	SURFACE_SPECIES
	RATES
	END

Processing chemical data file.
	SOLUTION 1
	END
	SOLUTION 2
	END
	KINETICS 1
	RATES
	END
	SELECTED_OUTPUT
	USER_PUNCH
	END
PHREEQC done.
..       1D analytic transport with decay from MOC
.
Reading static data for flow and transport simulation
A4 array dimension requirement (D4 direct solver)................ NRAL .        0 elements
Primary storage requirement (D4 direct solver)................... NPRIST     2160 elements
Overhead storage requirement (D4 direct solver).................. NOHST .    4599 elements
                    *** Calculation Information ***
Equilibration of cells for initial conditions.

Beginning transient simulation.
Reading transient data for simulation: Set  1
     Time at which next set of transient parameters will be read .......... TIMCHG   60.0      (s)

Beginning time step no.      1
     Beginning flow calculation.
     Beginning solute-transport calculation.
          H
          O
          Cl
          Na
          Sr
          Charge
     Beginning chemistry calculation.
     End of Time Step No.     1
     Time ..................................................   0.500     (s)

Beginning time step no.      2
     Beginning flow calculation.
     Beginning solute-transport calculation.
          H
          O
          Cl
          Na
          Sr
          Charge
     Beginning chemistry calculation.
     End of Time Step No.     2
     Time ..................................................    1.00     (s)

Beginning time step no.      3
     Beginning flow calculation.
     Beginning solute-transport calculation.
          H
          O
          Cl
          Na
          Sr
          Charge
     Beginning chemistry calculation.
     End of Time Step No.     3
     Time ..................................................    1.50     (s)

Beginning time step no.      4
     Beginning flow calculation.
     Beginning solute-transport calculation.
          H
          O
          Cl
          Na
          Sr
          Charge
     Beginning chemistry calculation.
     End of Time Step No.     4
     Time ..................................................    2.00     (s)

Beginning time step no.      5
     Beginning flow calculation.
     Beginning solute-transport calculation.
          H
          O
          Cl
          Na
          Sr
          Charge
     Beginning chemistry calculation.
     End of Time Step No.     5
     Time ..................................................    2.50     (s)

Beginning time step no.      6
     Beginning flow calculation.
     Beginning solute-transport calculation.
          H
          O
          Cl
          Na
          Sr
          Charge
     Beginning chemistry calculation.
     End of Time Step No.     6
     Time ..................................................    3.00     (s)

Beginning time step no.      7
     Beginning flow calculation.
     Beginning solute-transport calculation.
          H
          O
          Cl
          Na
          Sr
          Charge
     Beginning chemistry calculation.
     End of Time Step No.     7
     Time ..................................................    3.50     (s)

Beginning time step no.      8
     Beginning flow calculation.
     Beginning solute-transport calculation.
          H
          O
          Cl
          Na
          Sr
          Charge
     Beginning chemistry calculation.
     End of Time Step No.     8
     Time ..................................................    4.00     (s)

Beginning time step no.      9
     Beginning flow calculation.
     Beginning solute-transport calculation.
          H
          O
          Cl
          Na
          Sr
          Charge
     Beginning chemistry calculation.
     End of Time Step No.     9
     Time ..................................................    4.50     (s)

Beginning time step no.     10
     Beginning flow calculation.
     Beginning solute-transport calculation.
          H
          O
          Cl
          Na
          Sr
          Charge
     Beginning chemistry calculation.
     End of Time Step No.    10
     Time ..................................................    5.00     (s)

Beginning time step no.     11
     Beginning flow calculation.
     Beginning solute-transport calculation.
          H
          O
          Cl
          Na
          Sr
          Charge
     Beginning chemistry calculation.
     End of Time Step No.    11
     Time ..................................................    5.50     (s)

Beginning time step no.     12
     Beginning flow calculation.
     Beginning solute-transport calculation.
          H
          O
          Cl
          Na
          Sr
          Charge
     Beginning chemistry calculation.
     End of Time Step No.    12
     Time ..................................................    6.00     (s)

Beginning time step no.     13
     Beginning flow calculation.
     Beginning solute-transport calculation.
          H
          O
          Cl
          Na
          Sr
          Charge
     Beginning chemistry calculation.
     End of Time Step No.    13
     Time ..................................................    6.50     (s)

Beginning time step no.     14
     Beginning flow calculation.
     Beginning solute-transport calculation.
          H
          O
          Cl
          Na
          Sr
          Charge
     Beginning chemistry calculation.
     End of Time Step No.    14
     Time ..................................................    7.00     (s)

Beginning time step no.     15
     Beginning flow calculation.
     Beginning solute-transport calculation.
          H
          O
          Cl
          Na
          Sr
          Charge
     Beginning chemistry calculation.
     End of Time Step No.    15
     Time ..................................................    7.50     (s)

Beginning time step no.     16
     Beginning flow calculation.
     Beginning solute-transport calculation.
          H
          O
          Cl
          Na
          Sr
          Charge
     Beginning chemistry calculation.
     End of Time Step No.    16
     Time ..................................................    8.00     (s)

Beginning time step no.     17
     Beginning flow calculation.
     Beginning solute-transport calculation.
          H
          O
          Cl
          Na
          Sr
          Charge
     Beginning chemistry calculation.
     End of Time Step No.    17
     Time ..................................................    8.50     (s)

Beginning time step no.     18
     Beginning flow calculation.
     Beginning solute-transport calculation.
          H
          O
          Cl
          Na
          Sr
          Charge
     Beginning chemistry calculation.
     End of Time Step No.    18
     Time ..................................................    9.00     (s)

Beginning time step no.     19
     Beginning flow calculation.
     Beginning solute-transport calculation.
          H
          O
          Cl
          Na
          Sr
          Charge
     Beginning chemistry calculation.
     End of Time Step No.    19
     Time ..................................................    9.50     (s)

Beginning time step no.     20
     Beginning flow calculation.
     Beginning solute-transport calculation.
          H
          O
          Cl
          Na
          Sr
          Charge
     Beginning chemistry calculation.
     End of Time Step No.    20
     Time ..................................................    10.0     (s)

Beginning time step no.     21
     Beginning flow calculation.
     Beginning solute-transport calculation.
          H
          O
          Cl
          Na
          Sr
          Charge
     Beginning chemistry calculation.
     End of Time Step No.    21
     Time ..................................................    10.5     (s)

Beginning time step no.     22
     Beginning flow calculation.
     Beginning solute-transport calculation.
          H
          O
          Cl
          Na
          Sr
          Charge
     Beginning chemistry calculation.
     End of Time Step No.    22
     Time ..................................................    11.0     (s)

Beginning time step no.     23
     Beginning flow calculation.
     Beginning solute-transport calculation.
          H
          O
          Cl
          Na
          Sr
          Charge
     Beginning chemistry calculation.
     End of Time Step No.    23
     Time ..................................................    11.5     (s)

Beginning time step no.     24
     Beginning flow calculation.
     Beginning solute-transport calculation.
          H
          O
          Cl
          Na
          Sr
          Charge
     Beginning chemistry calculation.
     End of Time Step No.    24
     Time ..................................................    12.0     (s)

Beginning time step no.     25
     Beginning flow calculation.
     Beginning solute-transport calculation.
          H
          O
          Cl
          Na
          Sr
          Charge
     Beginning chemistry calculation.
     End of Time Step No.    25
     Time ..................................................    12.5     (s)

Beginning time step no.     26
     Beginning flow calculation.
     Beginning solute-transport calculation.
          H
          O
          Cl
          Na
          Sr
          Charge
     Beginning chemistry calculation.
     End of Time Step No.    26
     Time ..................................................    13.0     (s)

Beginning time step no.     27
     Beginning flow calculation.
     Beginning solute-transport calculation.
          H
          O
          Cl
          Na
          Sr
          Charge
     Beginning chemistry calculation.
     End of Time Step No.    27
     Time ..................................................    13.5     (s)

Beginning time step no.     28
     Beginning flow calculation.
     Beginning solute-transport calculation.
          H
          O
          Cl
          Na
          Sr
          Charge
     Beginning chemistry calculation.
     End of Time Step No.    28
     Time ..................................................    14.0     (s)

Beginning time step no.     29
     Beginning flow calculation.
     Beginning solute-transport calculation.
          H
          O
          Cl
          Na
          Sr
          Charge
     Beginning chemistry calculation.
     End of Time Step No.    29
     Time ..................................................    14.5     (s)

Beginning time step no.     30
     Beginning flow calculation.
     Beginning solute-transport calculation.
          H
          O
          Cl
          Na
          Sr
          Charge
     Beginning chemistry calculation.
     End of Time Step No.    30
     Time ..................................................    15.0     (s)

Beginning time step no.     31
     Beginning flow calculation.
     Beginning solute-transport calculation.
          H
          O
          Cl
          Na
          Sr
          Charge
     Beginning chemistry calculation.
     End of Time Step No.    31
     Time ..................................................    15.5     (s)

Beginning time step no.     32
     Beginning flow calculation.
     Beginning solute-transport calculation.
          H
          O
          Cl
          Na
          Sr
          Charge
     Beginning chemistry calculation.
     End of Time Step No.    32
     Time ..................................................    16.0     (s)

Beginning time step no.     33
     Beginning flow calculation.
     Beginning solute-transport calculation.
          H
          O
          Cl
          Na
          Sr
          Charge
     Beginning chemistry calculation.
     End of Time Step No.    33
     Time ..................................................    16.5     (s)

Beginning time step no.     34
     Beginning flow calculation.
     Beginning solute-transport calculation.
          H
          O
          Cl
          Na
          Sr
          Charge
     Beginning chemistry calculation.
     End of Time Step No.    34
     Time ..................................................    17.0     (s)

Beginning time step no.     35
     Beginning flow calculation.
     Beginning solute-transport calculation.
          H
          O
          Cl
          Na
          Sr
          Charge
     Beginning chemistry calculation.
     End of Time Step No.    35
     Time ..................................................    17.5     (s)

Beginning time step no.     36
     Beginning flow calculation.
     Beginning solute-transport calculation.
          H
          O
          Cl
          Na
          Sr
          Charge
     Beginning chemistry calculation.
     End of Time Step No.    36
     Time ..................................................    18.0     (s)

Beginning time step no.     37
     Beginning flow calculation.
     Beginning solute-transport calculation.
          H
          O
          Cl
          Na
          Sr
          Charge
     Beginning chemistry calculation.
     End of Time Step No.    37
     Time ..................................................    18.5     (s)

Beginning time step no.     38
     Beginning flow calculation.
     Beginning solute-transport calculation.
          H
          O
          Cl
          Na
          Sr
          Charge
     Beginning chemistry calculation.
     End of Time Step No.    38
     Time ..................................................    19.0     (s)

Beginning time step no.     39
     Beginning flow calculation.
     Beginning solute-transport calculation.
          H
          O
          Cl
          Na
          Sr
          Charge
     Beginning chemistry calculation.
     End of Time Step No.    39
     Time ..................................................    19.5     (s)

Beginning time step no.     40
     Beginning flow calculation.
     Beginning solute-transport calculation.
          H
          O
          Cl
          Na
          Sr
          Charge
     Beginning chemistry calculation.
     End of Time Step No.    40
     Time ..................................................    20.0     (s)

Beginning time step no.     41
     Beginning flow calculation.
     Beginning solute-transport calculation.
          H
          O
          Cl
          Na
          Sr
          Charge
     Beginning chemistry calculation.
     End of Time Step No.    41
     Time ..................................................    20.5     (s)

Beginning time step no.     42
     Beginning flow calculation.
     Beginning solute-transport calculation.
          H
          O
          Cl
          Na
          Sr
          Charge
     Beginning chemistry calculation.
     End of Time Step No.    42
     Time ..................................................    21.0     (s)

Beginning time step no.     43
     Beginning flow calculation.
     Beginning solute-transport calculation.
          H
          O
          Cl
          Na
          Sr
          Charge
     Beginning chemistry calculation.
     End of Time Step No.    43
     Time ..................................................    21.5     (s)

Beginning time step no.     44
     Beginning flow calculation.
     Beginning solute-transport calculation.
          H
          O
          Cl
          Na
          Sr
          Charge
     Beginning chemistry calculation.
     End of Time Step No.    44
     Time ..................................................    22.0     (s)

Beginning time step no.     45
     Beginning flow calculation.
     Beginning solute-transport calculation.
          H
          O
          Cl
          Na
          Sr
          Charge
     Beginning chemistry calculation.
     End of Time Step No.    45
     Time ..................................................    22.5     (s)

Beginning time step no.     46
     Beginning flow calculation.
     Beginning solute-transport calculation.
          H
          O
          Cl
          Na
          Sr
          Charge
     Beginning chemistry calculation.
     End of Time Step No.    46
     Time ..................................................    23.0     (s)

Beginning time step no.     47
     Beginning flow calculation.
     Beginning solute-transport calculation.
          H
          O
          Cl
          Na
          Sr
          Charge
     Beginning chemistry calculation.
     End of Time Step No.    47
     Time ..................................................    23.5     (s)

Beginning time step no.     48
     Beginning flow calculation.
     Beginning solute-transport calculation.
          H
          O
          Cl
          Na
          Sr
          Charge
     Beginning chemistry calculation.
     End of Time Step No.    48
     Time ..................................................    24.0     (s)

Beginning time step no.     49
     Beginning flow calculation.
     Beginning solute-transport calculation.
          H
          O
          Cl
          Na
          Sr
          Charge
     Beginning chemistry calculation.
     End of Time Step No.    49
     Time ..................................................    24.5     (s)

Beginning time step no.     50
     Beginning flow calculation.
     Beginning solute-transport calculation.
          H
          O
          Cl
          Na
          Sr
          Charge
     Beginning chemistry calculation.
     End of Time Step No.    50
     Time ..................................................    25.0     (s)

Beginning time step no.     51
     Beginning flow calculation.
     Beginning solute-transport calculation.
          H
          O
          Cl
          Na
          Sr
          Charge
     Beginning chemistry calculation.
     End of Time Step No.    51
     Time ..................................................    25.5     (s)

Beginning time step no.     52
     Beginning flow calculation.
     Beginning solute-transport calculation.
          H
          O
          Cl
          Na
          Sr
          Charge
     Beginning chemistry calculation.
     End of Time Step No.    52
     Time ..................................................    26.0     (s)

Beginning time step no.     53
     Beginning flow calculation.
     Beginning solute-transport calculation.
          H
          O
          Cl
          Na
          Sr
          Charge
     Beginning chemistry calculation.
     End of Time Step No.    53
     Time ..................................................    26.5     (s)

Beginning time step no.     54
     Beginning flow calculation.
     Beginning solute-transport calculation.
          H
          O
          Cl
          Na
          Sr
          Charge
     Beginning chemistry calculation.
     End of Time Step No.    54
     Time ..................................................    27.0     (s)

Beginning time step no.     55
     Beginning flow calculation.
     Beginning solute-transport calculation.
          H
          O
          Cl
          Na
          Sr
          Charge
     Beginning chemistry calculation.
     End of Time Step No.    55
     Time ..................................................    27.5     (s)

Beginning time step no.     56
     Beginning flow calculation.
     Beginning solute-transport calculation.
          H
          O
          Cl
          Na
          Sr
          Charge
     Beginning chemistry calculation.
     End of Time Step No.    56
     Time ..................................................    28.0     (s)

Beginning time step no.     57
     Beginning flow calculation.
     Beginning solute-transport calculation.
          H
          O
          Cl
          Na
          Sr
          Charge
     Beginning chemistry calculation.
     End of Time Step No.    57
     Time ..................................................    28.5     (s)

Beginning time step no.     58
     Beginning flow calculation.
     Beginning solute-transport calculation.
          H
          O
          Cl
          Na
          Sr
          Charge
     Beginning chemistry calculation.
     End of Time Step No.    58
     Time ..................................................    29.0     (s)

Beginning time step no.     59
     Beginning flow calculation.
     Beginning solute-transport calculation.
          H
          O
          Cl
          Na
          Sr
          Charge
     Beginning chemistry calculation.
     End of Time Step No.    59
     Time ..................................................    29.5     (s)

Beginning time step no.     60
     Beginning flow calculation.
     Beginning solute-transport calculation.
          H
          O
          Cl
          Na
          Sr
          Charge
     Beginning chemistry calculation.
     End of Time Step No.    60
     Time ..................................................    30.0     (s)

Beginning time step no.     61
     Beginning flow calculation.
     Beginning solute-transport calculation.
          H
          O
          Cl
          Na
          Sr
          Charge
     Beginning chemistry calculation.
     End of Time Step No.    61
     Time ..................................................    30.5     (s)

Beginning time step no.     62
     Beginning flow calculation.
     Beginning solute-transport calculation.
          H
          O
          Cl
          Na
          Sr
          Charge
     Beginning chemistry calculation.
     End of Time Step No.    62
     Time ..................................................    31.0     (s)

Beginning time step no.     63
     Beginning flow calculation.
     Beginning solute-transport calculation.
          H
          O
          Cl
          Na
          Sr
          Charge
     Beginning chemistry calculation.
     End of Time Step No.    63
     Time ..................................................    31.5     (s)

Beginning time step no.     64
     Beginning flow calculation.
     Beginning solute-transport calculation.
          H
          O
          Cl
          Na
          Sr
          Charge
     Beginning chemistry calculation.
     End of Time Step No.    64
     Time ..................................................    32.0     (s)

Beginning time step no.     65
     Beginning flow calculation.
     Beginning solute-transport calculation.
          H
          O
          Cl
          Na
          Sr
          Charge
     Beginning chemistry calculation.
     End of Time Step No.    65
     Time ..................................................    32.5     (s)

Beginning time step no.     66
     Beginning flow calculation.
     Beginning solute-transport calculation.
          H
          O
          Cl
          Na
          Sr
          Charge
     Beginning chemistry calculation.
     End of Time Step No.    66
     Time ..................................................    33.0     (s)

Beginning time step no.     67
     Beginning flow calculation.
     Beginning solute-transport calculation.
          H
          O
          Cl
          Na
          Sr
          Charge
     Beginning chemistry calculation.
     End of Time Step No.    67
     Time ..................................................    33.5     (s)

Beginning time step no.     68
     Beginning flow calculation.
     Beginning solute-transport calculation.
          H
          O
          Cl
          Na
          Sr
          Charge
     Beginning chemistry calculation.
     End of Time Step No.    68
     Time ..................................................    34.0     (s)

Beginning time step no.     69
     Beginning flow calculation.
     Beginning solute-transport calculation.
          H
          O
          Cl
          Na
          Sr
          Charge
     Beginning chemistry calculation.
     End of Time Step No.    69
     Time ..................................................    34.5     (s)

Beginning time step no.     70
     Beginning flow calculation.
     Beginning solute-transport calculation.
          H
          O
          Cl
          Na
          Sr
          Charge
     Beginning chemistry calculation.
     End of Time Step No.    70
     Time ..................................................    35.0     (s)

Beginning time step no.     71
     Beginning flow calculation.
     Beginning solute-transport calculation.
          H
          O
          Cl
          Na
          Sr
          Charge
     Beginning chemistry calculation.
     End of Time Step No.    71
     Time ..................................................    35.5     (s)

Beginning time step no.     72
     Beginning flow calculation.
     Beginning solute-transport calculation.
          H
          O
          Cl
          Na
          Sr
          Charge
     Beginning chemistry calculation.
     End of Time Step No.    72
     Time ..................................................    36.0     (s)

Beginning time step no.     73
     Beginning flow calculation.
     Beginning solute-transport calculation.
          H
          O
          Cl
          Na
          Sr
          Charge
     Beginning chemistry calculation.
     End of Time Step No.    73
     Time ..................................................    36.5     (s)

Beginning time step no.     74
     Beginning flow calculation.
     Beginning solute-transport calculation.
          H
          O
          Cl
          Na
          Sr
          Charge
     Beginning chemistry calculation.
     End of Time Step No.    74
     Time ..................................................    37.0     (s)

Beginning time step no.     75
     Beginning flow calculation.
     Beginning solute-transport calculation.
          H
          O
          Cl
          Na
          Sr
          Charge
     Beginning chemistry calculation.
     End of Time Step No.    75
     Time ..................................................    37.5     (s)

Beginning time step no.     76
     Beginning flow calculation.
     Beginning solute-transport calculation.
          H
          O
          Cl
          Na
          Sr
          Charge
     Beginning chemistry calculation.
     End of Time Step No.    76
     Time ..................................................    38.0     (s)

Beginning time step no.     77
     Beginning flow calculation.
     Beginning solute-transport calculation.
          H
          O
          Cl
          Na
          Sr
          Charge
     Beginning chemistry calculation.
     End of Time Step No.    77
     Time ..................................................    38.5     (s)

Beginning time step no.     78
     Beginning flow calculation.
     Beginning solute-transport calculation.
          H
          O
          Cl
          Na
          Sr
          Charge
     Beginning chemistry calculation.
     End of Time Step No.    78
     Time ..................................................    39.0     (s)

Beginning time step no.     79
     Beginning flow calculation.
     Beginning solute-transport calculation.
          H
          O
          Cl
          Na
          Sr
          Charge
     Beginning chemistry calculation.
     End of Time Step No.    79
     Time ..................................................    39.5     (s)

Beginning time step no.     80
     Beginning flow calculation.
     Beginning solute-transport calculation.
          H
          O
          Cl
          Na
          Sr
          Charge
     Beginning chemistry calculation.
     End of Time Step No.    80
     Time ..................................................    40.0     (s)

Beginning time step no.     81
     Beginning flow calculation.
     Beginning solute-transport calculation.
          H
          O
          Cl
          Na
          Sr
          Charge
     Beginning chemistry calculation.
     End of Time Step No.    81
     Time ..................................................    40.5     (s)

Beginning time step no.     82
     Beginning flow calculation.
     Beginning solute-transport calculation.
          H
          O
          Cl
          Na
          Sr
          Charge
     Beginning chemistry calculation.
     End of Time Step No.    82
     Time ..................................................    41.0     (s)

Beginning time step no.     83
     Beginning flow calculation.
     Beginning solute-transport calculation.
          H
          O
          Cl
          Na
          Sr
          Charge
     Beginning chemistry calculation.
     End of Time Step No.    83
     Time ..................................................    41.5     (s)

Beginning time step no.     84
     Beginning flow calculation.
     Beginning solute-transport calculation.
          H
          O
          Cl
          Na
          Sr
          Charge
     Beginning chemistry calculation.
     End of Time Step No.    84
     Time ..................................................    42.0     (s)

Beginning time step no.     85
     Beginning flow calculation.
     Beginning solute-transport calculation.
          H
          O
          Cl
          Na
          Sr
          Charge
     Beginning chemistry calculation.
     End of Time Step No.    85
     Time ..................................................    42.5     (s)

Beginning time step no.     86
     Beginning flow calculation.
     Beginning solute-transport calculation.
          H
          O
          Cl
          Na
          Sr
          Charge
     Beginning chemistry calculation.
     End of Time Step No.    86
     Time ..................................................    43.0     (s)

Beginning time step no.     87
     Beginning flow calculation.
     Beginning solute-transport calculation.
          H
          O
          Cl
          Na
          Sr
          Charge
     Beginning chemistry calculation.
     End of Time Step No.    87
     Time ..................................................    43.5     (s)

Beginning time step no.     88
     Beginning flow calculation.
     Beginning solute-transport calculation.
          H
          O
          Cl
          Na
          Sr
          Charge
     Beginning chemistry calculation.
     End of Time Step No.    88
     Time ..................................................    44.0     (s)

Beginning time step no.     89
     Beginning flow calculation.
     Beginning solute-transport calculation.
          H
          O
          Cl
          Na
          Sr
          Charge
     Beginning chemistry calculation.
     End of Time Step No.    89
     Time ..................................................    44.5     (s)

Beginning time step no.     90
     Beginning flow calculation.
     Beginning solute-transport calculation.
          H
          O
          Cl
          Na
          Sr
          Charge
     Beginning chemistry calculation.
     End of Time Step No.    90
     Time ..................................................    45.0     (s)

Beginning time step no.     91
     Beginning flow calculation.
     Beginning solute-transport calculation.
          H
          O
          Cl
          Na
          Sr
          Charge
     Beginning chemistry calculation.
     End of Time Step No.    91
     Time ..................................................    45.5     (s)

Beginning time step no.     92
     Beginning flow calculation.
     Beginning solute-transport calculation.
          H
          O
          Cl
          Na
          Sr
          Charge
     Beginning chemistry calculation.
     End of Time Step No.    92
     Time ..................................................    46.0     (s)

Beginning time step no.     93
     Beginning flow calculation.
     Beginning solute-transport calculation.
          H
          O
          Cl
          Na
          Sr
          Charge
     Beginning chemistry calculation.
     End of Time Step No.    93
     Time ..................................................    46.5     (s)

Beginning time step no.     94
     Beginning flow calculation.
     Beginning solute-transport calculation.
          H
          O
          Cl
          Na
          Sr
          Charge
     Beginning chemistry calculation.
     End of Time Step No.    94
     Time ..................................................    47.0     (s)

Beginning time step no.     95
     Beginning flow calculation.
     Beginning solute-transport calculation.
          H
          O
          Cl
          Na
          Sr
          Charge
     Beginning chemistry calculation.
     End of Time Step No.    95
     Time ..................................................    47.5     (s)

Beginning time step no.     96
     Beginning flow calculation.
     Beginning solute-transport calculation.
          H
          O
          Cl
          Na
          Sr
          Charge
     Beginning chemistry calculation.
     End of Time Step No.    96
     Time ..................................................    48.0     (s)

Beginning time step no.     97
     Beginning flow calculation.
     Beginning solute-transport calculation.
          H
          O
          Cl
          Na
          Sr
          Charge
     Beginning chemistry calculation.
     End of Time Step No.    97
     Time ..................................................    48.5     (s)

Beginning time step no.     98
     Beginning flow calculation.
     Beginning solute-transport calculation.
          H
          O
          Cl
          Na
          Sr
          Charge
     Beginning chemistry calculation.
     End of Time Step No.    98
     Time ..................................................    49.0     (s)

Beginning time step no.     99
     Beginning flow calculation.
     Beginning solute-transport calculation.
          H
          O
          Cl
          Na
          Sr
          Charge
     Beginning chemistry calculation.
     End of Time Step No.    99
     Time ..................................................    49.5     (s)

Beginning time step no.    100
     Beginning flow calculation.
     Beginning solute-transport calculation.
          H
          O
          Cl
          Na
          Sr
          Charge
     Beginning chemistry calculation.
     End of Time Step No.   100
     Time ..................................................    50.0     (s)

Beginning time step no.    101
     Beginning flow calculation.
     Beginning solute-transport calculation.
          H
          O
          Cl
          Na
          Sr
          Charge
     Beginning chemistry calculation.
     End of Time Step No.   101
     Time ..................................................    50.5     (s)

Beginning time step no.    102
     Beginning flow calculation.
     Beginning solute-transport calculation.
          H
          O
          Cl
          Na
          Sr
          Charge
     Beginning chemistry calculation.
     End of Time Step No.   102
     Time ..................................................    51.0     (s)

Beginning time step no.    103
     Beginning flow calculation.
     Beginning solute-transport calculation.
          H
          O
          Cl
          Na
          Sr
          Charge
     Beginning chemistry calculation.
     End of Time Step No.   103
     Time ..................................................    51.5     (s)

Beginning time step no.    104
     Beginning flow calculation.
     Beginning solute-transport calculation.
          H
          O
          Cl
          Na
          Sr
          Charge
     Beginning chemistry calculation.
     End of Time Step No.   104
     Time ..................................................    52.0     (s)

Beginning time step no.    105
     Beginning flow calculation.
     Beginning solute-transport calculation.
          H
          O
          Cl
          Na
          Sr
          Charge
     Beginning chemistry calculation.
     End of Time Step No.   105
     Time ..................................................    52.5     (s)

Beginning time step no.    106
     Beginning flow calculation.
     Beginning solute-transport calculation.
          H
          O
          Cl
          Na
          Sr
          Charge
     Beginning chemistry calculation.
     End of Time Step No.   106
     Time ..................................................    53.0     (s)

Beginning time step no.    107
     Beginning flow calculation.
     Beginning solute-transport calculation.
          H
          O
          Cl
          Na
          Sr
          Charge
     Beginning chemistry calculation.
     End of Time Step No.   107
     Time ..................................................    53.5     (s)

Beginning time step no.    108
     Beginning flow calculation.
     Beginning solute-transport calculation.
          H
          O
          Cl
          Na
          Sr
          Charge
     Beginning chemistry calculation.
     End of Time Step No.   108
     Time ..................................................    54.0     (s)

Beginning time step no.    109
     Beginning flow calculation.
     Beginning solute-transport calculation.
          H
          O
          Cl
          Na
          Sr
          Charge
     Beginning chemistry calculation.
     End of Time Step No.   109
     Time ..................................................    54.5     (s)

Beginning time step no.    110
     Beginning flow calculation.
     Beginning solute-transport calculation.
          H
          O
          Cl
          Na
          Sr
          Charge
     Beginning chemistry calculation.
     End of Time Step No.   110
     Time ..................................................    55.0     (s)

Beginning time step no.    111
     Beginning flow calculation.
     Beginning solute-transport calculation.
          H
          O
          Cl
          Na
          Sr
          Charge
     Beginning chemistry calculation.
     End of Time Step No.   111
     Time ..................................................    55.5     (s)

Beginning time step no.    112
     Beginning flow calculation.
     Beginning solute-transport calculation.
          H
          O
          Cl
          Na
          Sr
          Charge
     Beginning chemistry calculation.
     End of Time Step No.   112
     Time ..................................................    56.0     (s)

Beginning time step no.    113
     Beginning flow calculation.
     Beginning solute-transport calculation.
          H
          O
          Cl
          Na
          Sr
          Charge
     Beginning chemistry calculation.
     End of Time Step No.   113
     Time ..................................................    56.5     (s)

Beginning time step no.    114
     Beginning flow calculation.
     Beginning solute-transport calculation.
          H
          O
          Cl
          Na
          Sr
          Charge
     Beginning chemistry calculation.
     End of Time Step No.   114
     Time ..................................................    57.0     (s)

Beginning time step no.    115
     Beginning flow calculation.
     Beginning solute-transport calculation.
          H
          O
          Cl
          Na
          Sr
          Charge
     Beginning chemistry calculation.
     End of Time Step No.   115
     Time ..................................................    57.5     (s)

Beginning time step no.    116
     Beginning flow calculation.
     Beginning solute-transport calculation.
          H
          O
          Cl
          Na
          Sr
          Charge
     Beginning chemistry calculation.
     End of Time Step No.   116
     Time ..................................................    58.0     (s)

Beginning time step no.    117
     Beginning flow calculation.
     Beginning solute-transport calculation.
          H
          O
          Cl
          Na
          Sr
          Charge
     Beginning chemistry calculation.
     End of Time Step No.   117
     Time ..................................................    58.5     (s)

Beginning time step no.    118
     Beginning flow calculation.
     Beginning solute-transport calculation.
          H
          O
          Cl
          Na
          Sr
          Charge
     Beginning chemistry calculation.
     End of Time Step No.   118
     Time ..................................................    59.0     (s)

Beginning time step no.    119
     Beginning flow calculation.
     Beginning solute-transport calculation.
          H
          O
          Cl
          Na
          Sr
          Charge
     Beginning chemistry calculation.
     End of Time Step No.   119
     Time ..................................................    59.5     (s)

Beginning time step no.    120
     Current time step length ...................................   0.500     (s)
     Beginning flow calculation.
     Beginning solute-transport calculation.
          H
          O
          Cl
          Na
          Sr
          Charge
     Beginning chemistry calculation.
          Cells processed by root: 71
          Number of root cells with same aqueous model: 71
          Total iterations all root cells: 236
          Number of root cells with zero iterations: 4
          Maximum iterations for single root cell: 6
     End of Time Step No.   120
     Time ..................................................    60.0     (s)
     Maximum change in potentiometric head  -8.1733E-16      (m ) at location ( 8.000E-02, 1.000E-02, 1.000E-02)(m)
     Maximum change in H ..................  5.2178E-11 (mol/kgw) at location ( 6.000E-02, 0.000    , 1.000E-02)(m)
     Maximum change in O ..................  8.5936E-10 (mol/kgw) at location ( 0.103    , 1.000E-02, 1.000E-02)(m)
     Maximum change in Cl .................  1.8433E-05 (mol/kgw) at location ( 6.000E-02, 1.000E-02, 0.000    )(m)
     Maximum change in Na .................  1.8433E-05 (mol/kgw) at location ( 6.000E-02, 1.000E-02, 0.000    )(m)
     Maximum change in Sr .................  1.1612E-11 (mol/kgw) at location ( 5.900E-02, 0.000    , 1.000E-02)(m)
     Maximum change in Charge ............. -1.4177E-11 (mol/kgw) at location ( 6.000E-03, 1.000E-02, 0.000    )(m)
Done with transient simulation.

                             ***** Simulation Completed *****
     Last time value calculated ......................................  60.00     (s)
     Last time step index ............................................     120
