Running PHASTINPUT.

Processing flow and transport data file.

	TITLE
	 Central Oklahoma aquifer,
	 demonstration of PHAST
	UNITS
	        time                                 years
	        horizontal_grid                      meters
	        vertical_grid                        meters
	        head                                 meters
	        hydraulic_conductivity               m/s
	        specific_storage                     1/m
	        dispersivity                         m
	        leaky_k                              m/sec
	        leaky_thickness                      m
	        flux                                 m/yr
	        river_bed_thickness                  m
	        river_bed_hydraulic_conductivity     m/s     
	        well_diameter                        in
	        well_flow_rate                       L/day
	GRID
	        uniform x    0    90000    16
	        uniform y    0    48000    9
	        uniform z    0    400      3
	        print_orientation                    XY 
	SOLUTE_TRANSPORT true
	STEADY_FLOW false
	MEDIA
	        zone   0. 0. 0. 90000.  48000. 400.
	                porosity                     0.22
	                long_dispersivity            2000.
	                horizontal_dispersivity      50.
	                vertical_dispersivity        50.
	                kx                           1.5e-5
	                ky                           1.5e-5
	                kz                           1.5e-7
	                storage                      0
	        zone   48000. 0. 0. 90000. 48000. 100.
	                active                       0
	RIVER 1 Little River
	        point  44000. 15000.
	                width                        200.
	                depth                        1.
	                bed_thickness                1.
	                bed_hydraulic_conductivity   1.
	                head                         0         335.
	                solution                     0         1
	        point  44000. 0.
	        point  90000. 0.
	                width                        200.
	                depth                        1.
	                bed_thickness                1.
	                bed_hydraulic_conductivity   1.
	                head                         0         275.
	                solution                     0         1
	RIVER 2 North Fork River
	        point  30000. 36000.
	                width                        200.
	                depth                        1.
	                bed_thickness                1.
	                bed_hydraulic_conductivity   1
	                head                         0         335.
	                solution                     0         1
	        point  30000. 48000.
	        point  90000. 48000.
	                width                        200.
	                depth                        1.
	                bed_thickness                1.
	                bed_hydraulic_conductivity   1
	                head                         0         280.
	                solution                     0         1
	RIVER 3 North Canadian River
	        point  60000. 30000.
	                width                        200.
	                depth                        1.
	                bed_thickness                1.
	                bed_hydraulic_conductivity   1
	                head                         0         350.
	                solution                     0         1
	        point  90000. 20000.
	                width                        200.
	                depth                        1.
	                bed_thickness                1.
	                bed_hydraulic_conductivity   1
	                head                         0         305.
	                solution                     0         1
	FLUX_BC
	        zone   27000. 3000. 400.  90000. 45000. 400.
	                flux                         0         -0.055
	                associated_solution          0         1
	SPECIFIED_HEAD_BC
	        zone   30000. 14000 300. 32000.  20000.  400.
	                head                         0         348.
	                associated_solution_composition          0         1
	LEAKY_BC
	        zone   0. 48000. 0. 27000. 48000. 400.
	                hydraulic_conductivity                    1.5e-5
	                thickness                   30000.
	                head                         0         305.0
	                associated_solution                   0         1
	       zone 0 0 0 39000 0 400
	                hydraulic_conductivity       1.5E-5
	                thickness                    20000
	                head                         0         320
	                associated_solution          0         2
	FREE_SURFACE_BC true
	WELL 1 Observation well 1 in arsenic zone
	        12000 36000
	                diameter       2                               # inches
	                pumping                      0         1       # L/day
	                elevation      90 110                          # m
	HEAD_IC
	        zone   0. 0. 0. 90000. 48000. 400.
			 head   file print_check_ss.head.dat
	CHEMISTRY_IC
	        zone   0. 0. 0. 90000. 48000. 400.
	                solution               2
	                equilibrium_phases     2
	                exchange               2
	                surface                2       
	SOLUTION_METHOD
	        iterative_solver       true
	        tolerance              1e-10
	        space_differencing     0.
	        time_differencing      1.
	TIME_CONTROL
	        delta_time     0               2000    yr
	        end_time                       31000   yr
	PRINT_INITIAL
		echo_input             false
WARNING: Horizontal, vertical, and longitudinal dispersivities are not equal for at least one element.
	However, cross-dispersion calculation is disabled (-cross_dispersion in SOLUTION_METHOD).

PHASTINPUT done.

Running PHAST.

Output file:    print_check_transient.O.chem
Chemistry file: print_check_transient.chem.dat
Database file:  phast.dat

Running PHREEQC for initial conditions.

Processing database file.
	SOLUTION_MASTER_SPECIES
	SOLUTION_SPECIES
	PHASES
	EXCHANGE_MASTER_SPECIES
	EXCHANGE_SPECIES
	SURFACE_MASTER_SPECIES
	SURFACE_SPECIES
	RATES
	END

Processing chemical data file.
	SURFACE_MASTER_SPECIES
	SURFACE_SPECIES
	SOLUTION_MASTER_SPECIES
	        As       H3AsO4        -1.0     74.9216         74.9216
	SOLUTION_SPECIES
	SOLUTION 1 20 x precipitation
	END
	USE solution 1
	EQUILIBRIUM_PHASES 1
	SAVE solution 1
	END
	SOLUTION 2 Brine
	END
	USE solution 2
	EQUILIBRIUM_PHASES 2
	SAVE solution 2
	END
	EXCHANGE 2
	SURFACE 2
	END
	SELECTED_OUTPUT
	USER_PUNCH
	END
PHREEQC done.
. Central Oklahoma aquifer,
. demonstration of PHAST
Reading static data for flow and transport simulation
A4 array dimension requirement (D4ZGCG iterative solver)......... NRAL .        0 elements
Primary storage requirement (D4ZGCG iterative solver)............ NPRIST     4104 elements
Overhead storage requirement (D4ZGCG iterative solver)........... NOHST .   27568 elements
Equilibration of cells for initial conditions.

Beginning transient simulation.
Reading transient data for simulation: Set  1
WARNING:  2 print control intervals are less than defined time step length.
     Time at which next set of transient parameters will be read .......... TIMCHG  1.500E+04  (yr)

Beginning time step no.      1
     Beginning flow calculation.
     Beginning solute-transport calculation.
          H
          O
          As
          C
          Ca
          Cl
          Mg
          Na
          S
          Charge
     Beginning chemistry calculation.
     End of Time Step No.     1
     Time ..................................................    1000.00     (yr)

Beginning time step no.      2
     Beginning flow calculation.
     Beginning solute-transport calculation.
          H
          O
          As
          C
          Ca
          Cl
          Mg
          Na
          S
          Charge
     Beginning chemistry calculation.
     End of Time Step No.     2
     Time ..................................................    2000.00     (yr)

Beginning time step no.      3
     Beginning flow calculation.
     Beginning solute-transport calculation.
          H
          O
          As
          C
          Ca
          Cl
          Mg
          Na
          S
          Charge
     Beginning chemistry calculation.
     End of Time Step No.     3
     Time ..................................................    3000.00     (yr)

Beginning time step no.      4
     Beginning flow calculation.
     Beginning solute-transport calculation.
          H
          O
          As
          C
          Ca
          Cl
          Mg
          Na
          S
          Charge
     Beginning chemistry calculation.
     End of Time Step No.     4
     Time ..................................................    4000.00     (yr)

Beginning time step no.      5
     Beginning flow calculation.
     Beginning solute-transport calculation.
          H
          O
          As
          C
          Ca
          Cl
          Mg
          Na
          S
          Charge
     Beginning chemistry calculation.
     End of Time Step No.     5
     Time ..................................................    5000.00     (yr)

Beginning time step no.      6
     Beginning flow calculation.
     Beginning solute-transport calculation.
          H
          O
          As
          C
          Ca
          Cl
          Mg
          Na
          S
          Charge
     Beginning chemistry calculation.
     End of Time Step No.     6
     Time ..................................................    6000.00     (yr)

Beginning time step no.      7
     Beginning flow calculation.
     Beginning solute-transport calculation.
          H
          O
          As
          C
          Ca
          Cl
          Mg
          Na
          S
          Charge
     Beginning chemistry calculation.
     End of Time Step No.     7
     Time ..................................................    7000.00     (yr)

Beginning time step no.      8
     Beginning flow calculation.
     Beginning solute-transport calculation.
          H
          O
          As
          C
          Ca
          Cl
          Mg
          Na
          S
          Charge
     Beginning chemistry calculation.
     End of Time Step No.     8
     Time ..................................................    8000.00     (yr)

Beginning time step no.      9
     Current time step length ...................................   1.000E+03 (yr)
     Beginning flow calculation.
          No. of solver iterations, Relative residual:   11      2.0107488E-11
     Beginning solute-transport calculation.
          H
          No. of solver iterations, Relative residual:    6      1.7475497E-11
          O
          No. of solver iterations, Relative residual:    6      9.2382494E-12
          As
          No. of solver iterations, Relative residual:    5      8.5899802E-11
          C
          No. of solver iterations, Relative residual:    6      9.4283750E-12
          Ca
          No. of solver iterations, Relative residual:    6      7.2620257E-12
          Cl
          No. of solver iterations, Relative residual:    6      6.2746297E-12
          Mg
          No. of solver iterations, Relative residual:    6      1.1230318E-11
          Na
          No. of solver iterations, Relative residual:    6      5.6856514E-12
          S
          No. of solver iterations, Relative residual:    6      6.2746297E-12
          Charge
          No. of solver iterations, Relative residual:    6      1.7059542E-11
     Beginning chemistry calculation.
          Total cells: 369
          Number of cells with same aqueous model: 359
          Total iterations all cells: 2305
          Number of cells with zero iterations: 0
          Maximum iterations for one cell: 14

     End of Time Step No.     9
     Time ..................................................    9000.00     (yr)
     Maximum change in potentiometric head   6.7365E-10      (m ) at location (  0.00    , 2.400E+04,  400.    )(m)
     Maximum change in H .................. -9.7866E-03 (mol/kgw) at location ( 4.200E+04,  0.00    ,  0.00    )(m)
     Maximum change in O .................. -1.9894E-02 (mol/kgw) at location ( 4.200E+04,  0.00    ,  0.00    )(m)
     Maximum change in As ................. -9.1363E-08 (mol/kgw) at location ( 9.000E+04, 1.800E+04,  400.    )(m)
     Maximum change in C .................. -6.5986E-03 (mol/kgw) at location ( 4.200E+04,  0.00    ,  0.00    )(m)
     Maximum change in Ca ................. -3.3598E-02 (mol/kgw) at location ( 2.400E+04, 4.800E+04,  200.    )(m)
     Maximum change in Cl ................. -5.0042E-01 (mol/kgw) at location ( 2.400E+04, 4.800E+04,  200.    )(m)
     Maximum change in Mg ................. -1.3296E-02 (mol/kgw) at location ( 2.400E+04, 4.200E+04,  0.00    )(m)
     Maximum change in Na ................. -4.0371E-01 (mol/kgw) at location ( 2.400E+04, 4.800E+04,  200.    )(m)
     Maximum change in S .................. -3.3831E-04 (mol/kgw) at location ( 2.400E+04, 4.800E+04,  200.    )(m)
     Maximum change in Charge ............. -1.0145E-02 (mol/kgw) at location ( 4.200E+04,  0.00    ,  0.00    )(m)

Beginning time step no.     10
     Beginning flow calculation.
     Beginning solute-transport calculation.
          H
          O
          As
          C
          Ca
          Cl
          Mg
          Na
          S
          Charge
     Beginning chemistry calculation.
     End of Time Step No.    10
     Time ..................................................    10000.0     (yr)

Beginning time step no.     11
     Beginning flow calculation.
     Beginning solute-transport calculation.
          H
          O
          As
          C
          Ca
          Cl
          Mg
          Na
          S
          Charge
     Beginning chemistry calculation.
     End of Time Step No.    11
     Time ..................................................    11000.0     (yr)

Beginning time step no.     12
     Beginning flow calculation.
     Beginning solute-transport calculation.
          H
          O
          As
          C
          Ca
          Cl
          Mg
          Na
          S
          Charge
     Beginning chemistry calculation.
     End of Time Step No.    12
     Time ..................................................    12000.0     (yr)

Beginning time step no.     13
     Beginning flow calculation.
     Beginning solute-transport calculation.
          H
          O
          As
          C
          Ca
          Cl
          Mg
          Na
          S
          Charge
     Beginning chemistry calculation.
     End of Time Step No.    13
     Time ..................................................    13000.0     (yr)

Beginning time step no.     14
     Beginning flow calculation.
     Beginning solute-transport calculation.
          H
          O
          As
          C
          Ca
          Cl
          Mg
          Na
          S
          Charge
     Beginning chemistry calculation.
     End of Time Step No.    14
     Time ..................................................    14000.0     (yr)

Beginning time step no.     15
     Current time step length ...................................   1.000E+03 (yr)
     Beginning flow calculation.
          No. of solver iterations, Relative residual:   11      2.2309542E-11
     Beginning solute-transport calculation.
          H
          No. of solver iterations, Relative residual:    6      1.2516820E-11
          O
          No. of solver iterations, Relative residual:    6      9.9400323E-12
          As
          No. of solver iterations, Relative residual:    6      2.1279365E-12
          C
          No. of solver iterations, Relative residual:    6      9.9699156E-12
          Ca
          No. of solver iterations, Relative residual:    6      3.5084893E-12
          Cl
          No. of solver iterations, Relative residual:    6      3.8413874E-12
          Mg
          No. of solver iterations, Relative residual:    6      4.0548290E-12
          Na
          No. of solver iterations, Relative residual:    6      3.8433242E-12
          S
          No. of solver iterations, Relative residual:    6      3.8413874E-12
          Charge
          No. of solver iterations, Relative residual:    6      1.2693861E-11
     Beginning chemistry calculation.
          Total cells: 369
          Number of cells with same aqueous model: 359
          Total iterations all cells: 2721
          Number of cells with zero iterations: 0
          Maximum iterations for one cell: 19

     End of Time Step No.    15
     Time ..................................................    15000.0     (yr)
     Maximum change in potentiometric head   3.4367E-13      (m ) at location (  0.00    , 2.400E+04,  400.    )(m)
     Maximum change in H .................. -5.6874E-03 (mol/kgw) at location ( 2.400E+04, 3.600E+04,  200.    )(m)
     Maximum change in O .................. -1.0840E-02 (mol/kgw) at location ( 2.400E+04, 3.600E+04,  200.    )(m)
     Maximum change in As ................. -5.1763E-07 (mol/kgw) at location ( 9.000E+04,  0.00    ,  200.    )(m)
     Maximum change in C .................. -3.6046E-03 (mol/kgw) at location ( 3.000E+04, 4.800E+04,  0.00    )(m)
     Maximum change in Ca ................. -2.2781E-02 (mol/kgw) at location ( 1.200E+04, 4.800E+04,  0.00    )(m)
     Maximum change in Cl ................. -3.2400E-01 (mol/kgw) at location ( 1.200E+04, 4.800E+04,  0.00    )(m)
     Maximum change in Mg ................. -8.9990E-03 (mol/kgw) at location ( 1.800E+04, 4.800E+04,  0.00    )(m)
     Maximum change in Na ................. -2.5930E-01 (mol/kgw) at location ( 1.200E+04, 4.800E+04,  0.00    )(m)
     Maximum change in S .................. -2.1904E-04 (mol/kgw) at location ( 1.200E+04, 4.800E+04,  0.00    )(m)
     Maximum change in Charge ............. -5.9396E-03 (mol/kgw) at location ( 2.400E+04, 3.600E+04,  200.    )(m)
Reading transient data for simulation: Set  2
WARNING:  2 print control intervals are less than defined time step length.
     Time at which next set of transient parameters will be read .......... TIMCHG  3.000E+04  (yr)

Beginning time step no.     16
     Beginning flow calculation.
     Beginning solute-transport calculation.
          H
          O
          As
          C
          Ca
          Cl
          Mg
          Na
          S
          Charge
     Beginning chemistry calculation.
     End of Time Step No.    16
     Time ..................................................    16000.0     (yr)

Beginning time step no.     17
     Beginning flow calculation.
     Beginning solute-transport calculation.
          H
          O
          As
          C
          Ca
          Cl
          Mg
          Na
          S
          Charge
     Beginning chemistry calculation.
     End of Time Step No.    17
     Time ..................................................    17000.0     (yr)

Beginning time step no.     18
     Beginning flow calculation.
     Beginning solute-transport calculation.
          H
          O
          As
          C
          Ca
          Cl
          Mg
          Na
          S
          Charge
     Beginning chemistry calculation.
     End of Time Step No.    18
     Time ..................................................    18000.0     (yr)

Beginning time step no.     19
     Beginning flow calculation.
     Beginning solute-transport calculation.
          H
          O
          As
          C
          Ca
          Cl
          Mg
          Na
          S
          Charge
     Beginning chemistry calculation.
     End of Time Step No.    19
     Time ..................................................    19000.0     (yr)

Beginning time step no.     20
     Beginning flow calculation.
     Beginning solute-transport calculation.
          H
          O
          As
          C
          Ca
          Cl
          Mg
          Na
          S
          Charge
     Beginning chemistry calculation.
     End of Time Step No.    20
     Time ..................................................    20000.0     (yr)

Beginning time step no.     21
     Current time step length ...................................   1.000E+03 (yr)
     Beginning flow calculation.
          No. of solver iterations, Relative residual:   11      6.8365520E-11
     Beginning solute-transport calculation.
          H
          No. of solver iterations, Relative residual:    6      8.8076716E-12
          O
          No. of solver iterations, Relative residual:    6      1.2850940E-11
          As
          No. of solver iterations, Relative residual:    6      2.9117916E-11
          C
          No. of solver iterations, Relative residual:    6      1.2839942E-11
          Ca
          No. of solver iterations, Relative residual:    6      3.5476536E-12
          Cl
          No. of solver iterations, Relative residual:    6      3.1061957E-12
          Mg
          No. of solver iterations, Relative residual:    6      4.4655679E-12
          Na
          No. of solver iterations, Relative residual:    6      3.3364901E-12
          S
          No. of solver iterations, Relative residual:    6      3.1061957E-12
          Charge
          No. of solver iterations, Relative residual:    6      8.4231965E-12
     Beginning chemistry calculation.
          Total cells: 369
          Number of cells with same aqueous model: 358
          Total iterations all cells: 2851
          Number of cells with zero iterations: 0
          Maximum iterations for one cell: 15

     End of Time Step No.    21
     Time ..................................................    21000.0     (yr)
     Maximum change in potentiometric head  -2.6763E-14      (m ) at location ( 3.600E+04, 4.800E+04,  0.00    )(m)
     Maximum change in H .................. -5.5549E-03 (mol/kgw) at location ( 2.400E+04, 4.800E+04,  200.    )(m)
     Maximum change in O .................. -1.0299E-02 (mol/kgw) at location ( 2.400E+04, 4.800E+04,  200.    )(m)
     Maximum change in As ................. -3.8616E-07 (mol/kgw) at location ( 4.800E+04, 2.400E+04,  0.00    )(m)
     Maximum change in C .................. -3.4113E-03 (mol/kgw) at location ( 2.400E+04, 4.800E+04,  200.    )(m)
     Maximum change in Ca ................. -1.6651E-02 (mol/kgw) at location ( 6.000E+03, 4.800E+04,  0.00    )(m)
     Maximum change in Cl ................. -2.3475E-01 (mol/kgw) at location ( 6.000E+03, 4.800E+04,  0.00    )(m)
     Maximum change in Mg ................. -6.6924E-03 (mol/kgw) at location ( 1.200E+04, 4.800E+04,  0.00    )(m)
     Maximum change in Na ................. -1.9037E-01 (mol/kgw) at location ( 1.200E+04, 4.800E+04,  0.00    )(m)
     Maximum change in S .................. -1.5870E-04 (mol/kgw) at location ( 6.000E+03, 4.800E+04,  0.00    )(m)
     Maximum change in Charge ............. -5.8250E-03 (mol/kgw) at location ( 2.400E+04, 4.800E+04,  200.    )(m)

Beginning time step no.     22
     Beginning flow calculation.
     Beginning solute-transport calculation.
          H
          O
          As
          C
          Ca
          Cl
          Mg
          Na
          S
          Charge
     Beginning chemistry calculation.
     End of Time Step No.    22
     Time ..................................................    22000.0     (yr)

Beginning time step no.     23
     Beginning flow calculation.
     Beginning solute-transport calculation.
          H
          O
          As
          C
          Ca
          Cl
          Mg
          Na
          S
          Charge
     Beginning chemistry calculation.
     End of Time Step No.    23
     Time ..................................................    23000.0     (yr)

Beginning time step no.     24
     Beginning flow calculation.
     Beginning solute-transport calculation.
          H
          O
          As
          C
          Ca
          Cl
          Mg
          Na
          S
          Charge
     Beginning chemistry calculation.
     End of Time Step No.    24
     Time ..................................................    24000.0     (yr)

Beginning time step no.     25
     Beginning flow calculation.
     Beginning solute-transport calculation.
          H
          O
          As
          C
          Ca
          Cl
          Mg
          Na
          S
          Charge
     Beginning chemistry calculation.
     End of Time Step No.    25
     Time ..................................................    25000.0     (yr)

Beginning time step no.     26
     Beginning flow calculation.
     Beginning solute-transport calculation.
          H
          O
          As
          C
          Ca
          Cl
          Mg
          Na
          S
          Charge
     Beginning chemistry calculation.
     End of Time Step No.    26
     Time ..................................................    26000.0     (yr)

Beginning time step no.     27
     Beginning flow calculation.
     Beginning solute-transport calculation.
          H
          O
          As
          C
          Ca
          Cl
          Mg
          Na
          S
          Charge
     Beginning chemistry calculation.
     End of Time Step No.    27
     Time ..................................................    27000.0     (yr)

Beginning time step no.     28
     Current time step length ...................................   1.000E+03 (yr)
     Beginning flow calculation.
          No. of solver iterations, Relative residual:   11      7.3795197E-11
     Beginning solute-transport calculation.
          H
          No. of solver iterations, Relative residual:    6      4.4313198E-12
          O
          No. of solver iterations, Relative residual:    6      7.1618881E-12
          As
          No. of solver iterations, Relative residual:    6      2.4823579E-11
          C
          No. of solver iterations, Relative residual:    6      7.1491949E-12
          Ca
          No. of solver iterations, Relative residual:    6      3.4686046E-12
          Cl
          No. of solver iterations, Relative residual:    6      2.4356632E-12
          Mg
          No. of solver iterations, Relative residual:    6      5.1264391E-12
          Na
          No. of solver iterations, Relative residual:    6      2.7126539E-12
          S
          No. of solver iterations, Relative residual:    6      2.4356632E-12
          Charge
          No. of solver iterations, Relative residual:    6      4.3203244E-12
     Beginning chemistry calculation.
          Total cells: 369
          Number of cells with same aqueous model: 358
          Total iterations all cells: 3032
          Number of cells with zero iterations: 0
          Maximum iterations for one cell: 22

     End of Time Step No.    28
     Time ..................................................    28000.0     (yr)
     Maximum change in potentiometric head   3.4929E-14      (m ) at location ( 3.600E+04, 4.800E+04,  0.00    )(m)
     Maximum change in H .................. -4.5898E-03 (mol/kgw) at location ( 1.800E+04, 4.800E+04,  0.00    )(m)
     Maximum change in O .................. -8.3339E-03 (mol/kgw) at location ( 1.800E+04, 4.800E+04,  200.    )(m)
     Maximum change in As ................. -3.7048E-07 (mol/kgw) at location ( 4.200E+04, 4.800E+04,  0.00    )(m)
     Maximum change in C .................. -2.7626E-03 (mol/kgw) at location ( 1.800E+04, 4.800E+04,  200.    )(m)
     Maximum change in Ca ................. -1.2229E-02 (mol/kgw) at location ( 6.000E+03, 4.800E+04,  0.00    )(m)
     Maximum change in Cl ................. -1.8812E-01 (mol/kgw) at location ( 6.000E+03, 4.800E+04,  0.00    )(m)
     Maximum change in Mg ................. -5.1588E-03 (mol/kgw) at location ( 6.000E+03, 4.800E+04,  400.    )(m)
     Maximum change in Na ................. -1.5244E-01 (mol/kgw) at location ( 6.000E+03, 4.800E+04,  0.00    )(m)
     Maximum change in S .................. -1.2718E-04 (mol/kgw) at location ( 6.000E+03, 4.800E+04,  0.00    )(m)
     Maximum change in Charge ............. -4.8117E-03 (mol/kgw) at location ( 1.800E+04, 4.800E+04,  0.00    )(m)

Beginning time step no.     29
     Beginning flow calculation.
     Beginning solute-transport calculation.
          H
          O
          As
          C
          Ca
          Cl
          Mg
          Na
          S
          Charge
     Beginning chemistry calculation.
     End of Time Step No.    29
     Time ..................................................    29000.0     (yr)

Beginning time step no.     30
     Current time step length ...................................   1.000E+03 (yr)
     Beginning flow calculation.
          No. of solver iterations, Relative residual:   11      7.2425989E-11
     Beginning solute-transport calculation.
          H
          No. of solver iterations, Relative residual:    6      4.0184081E-12
          O
          No. of solver iterations, Relative residual:    6      2.6427367E-12
          As
          No. of solver iterations, Relative residual:    6      3.3365138E-11
          C
          No. of solver iterations, Relative residual:    6      2.6442676E-12
          Ca
          No. of solver iterations, Relative residual:    6      3.5492727E-12
          Cl
          No. of solver iterations, Relative residual:    5      9.5245049E-11
          Mg
          No. of solver iterations, Relative residual:    6      5.2825850E-12
          Na
          No. of solver iterations, Relative residual:    6      2.6202990E-12
          S
          No. of solver iterations, Relative residual:    5      9.5245047E-11
          Charge
          No. of solver iterations, Relative residual:    6      3.9380934E-12
     Beginning chemistry calculation.
          Total cells: 369
          Number of cells with same aqueous model: 358
          Total iterations all cells: 3132
          Number of cells with zero iterations: 0
          Maximum iterations for one cell: 17

     End of Time Step No.    30
     Time ..................................................    30000.0     (yr)
     Maximum change in potentiometric head   3.4535E-14      (m ) at location ( 3.600E+04, 4.800E+04,  0.00    )(m)
     Maximum change in H .................. -4.3266E-03 (mol/kgw) at location ( 1.800E+04, 4.800E+04,  0.00    )(m)
     Maximum change in O .................. -8.0560E-03 (mol/kgw) at location ( 1.800E+04, 4.800E+04,  0.00    )(m)
     Maximum change in As ................. -3.4319E-07 (mol/kgw) at location ( 4.200E+04, 4.800E+04,  0.00    )(m)
     Maximum change in C .................. -2.6743E-03 (mol/kgw) at location ( 1.800E+04, 4.800E+04,  0.00    )(m)
     Maximum change in Ca ................. -1.1834E-02 (mol/kgw) at location (  0.00    , 4.800E+04,  0.00    )(m)
     Maximum change in Cl ................. -1.6905E-01 (mol/kgw) at location ( 6.000E+03, 4.800E+04,  0.00    )(m)
     Maximum change in Mg ................. -4.8176E-03 (mol/kgw) at location ( 6.000E+03, 4.800E+04,  0.00    )(m)
     Maximum change in Na ................. -1.3792E-01 (mol/kgw) at location ( 6.000E+03, 4.800E+04,  0.00    )(m)
     Maximum change in S .................. -1.1428E-04 (mol/kgw) at location ( 6.000E+03, 4.800E+04,  0.00    )(m)
     Maximum change in Charge ............. -4.4912E-03 (mol/kgw) at location ( 1.800E+04, 4.800E+04,  0.00    )(m)
Reading transient data for simulation: Set  3
WARNING:  2 print control intervals are less than defined time step length.
     Time at which next set of transient parameters will be read .......... TIMCHG  3.100E+04  (yr)

Beginning time step no.     31
     Current time step length ...................................   1.000E+03 (yr)
     Beginning flow calculation.
          No. of solver iterations, Relative residual:   11      3.3711232E-11
     Beginning solute-transport calculation.
          H
          No. of solver iterations, Relative residual:    6      3.8900849E-12
          O
          No. of solver iterations, Relative residual:    6      4.9796634E-12
          As
          No. of solver iterations, Relative residual:    6      3.6121937E-11
          C
          No. of solver iterations, Relative residual:    6      4.9789631E-12
          Ca
          No. of solver iterations, Relative residual:    6      3.6069504E-12
          Cl
          No. of solver iterations, Relative residual:    5      8.4086166E-11
          Mg
          No. of solver iterations, Relative residual:    6      5.3577032E-12
          Na
          No. of solver iterations, Relative residual:    6      2.5529779E-12
          S
          No. of solver iterations, Relative residual:    5      8.4086165E-11
          Charge
          No. of solver iterations, Relative residual:    6      3.8182114E-12
     Beginning chemistry calculation.
          Total cells: 369
          Number of cells with same aqueous model: 358
          Total iterations all cells: 3141
          Number of cells with zero iterations: 0
          Maximum iterations for one cell: 27

     End of Time Step No.    31
     Time ..................................................    31000.0     (yr)
     Maximum change in potentiometric head  -2.9133E-14      (m ) at location ( 3.600E+04, 4.200E+04,  0.00    )(m)
     Maximum change in H .................. -4.1495E-03 (mol/kgw) at location ( 1.800E+04, 4.800E+04,  0.00    )(m)
     Maximum change in O .................. -7.8524E-03 (mol/kgw) at location ( 1.800E+04, 4.800E+04,  0.00    )(m)
     Maximum change in As ................. -3.2820E-07 (mol/kgw) at location ( 4.200E+04, 4.800E+04,  0.00    )(m)
     Maximum change in C .................. -2.6081E-03 (mol/kgw) at location ( 1.800E+04, 4.800E+04,  0.00    )(m)
     Maximum change in Ca ................. -1.1667E-02 (mol/kgw) at location (  0.00    , 4.800E+04,  0.00    )(m)
     Maximum change in Cl ................. -1.6501E-01 (mol/kgw) at location (  0.00    , 4.800E+04,  0.00    )(m)
     Maximum change in Mg ................. -4.6190E-03 (mol/kgw) at location ( 6.000E+03, 4.800E+04,  0.00    )(m)
     Maximum change in Na ................. -1.3163E-01 (mol/kgw) at location (  0.00    , 4.800E+04,  0.00    )(m)
     Maximum change in S .................. -1.1156E-04 (mol/kgw) at location (  0.00    , 4.800E+04,  0.00    )(m)
     Maximum change in Charge ............. -4.2911E-03 (mol/kgw) at location ( 1.800E+04, 4.800E+04,  0.00    )(m)
Done with transient simulation.

                             ***** Simulation Completed *****
     Last time value calculated ...................................... 3.1000E+04 (yr)
     Last time step index ............................................      31
