Running PHASTINPUT.

Processing flow and transport data file.

	TITLE
	.       Well flow Lohman, 1972, p. 19
	SOLUTE_TRANSPORT false
	UNITS
	        time           min
	        horizontal     ft
	        vertical       ft
	        head           ft
	        hydraulic_conductivity      ft/day
	        specific_storage  1/ft
	        well_diameter  ft
	        well_flow_rate ft^3/day
	GRID
	        uniform X 
	                0 4000  41
	        uniform Y
	                0 4000  41
	        uniform Z 
	                -100 0   2
	        print_orientation XY
	MEDIA
	        zone   0 0 -100 4000 4000 0
	                kx                     137
	                ky                     137
	                kz                     137
	                porosity               .20
	                specific_storage       2e-6   # storage coef / aq thickness
	FREE_SURFACE_BC false
	WELL 1
	        2000    2000
	                diameter       1
	                elevation      0.      -100.
	                pumping_rate   0	96000
	WELL 2
	        2200    2000
	                diameter       1
	                elevation      0.      -10.
	                pumping_rate   0	0
	WELL 3
	        2400    2000
	                diameter       1
	                elevation      0.      -10.
	                pumping_rate   0	0
	HEAD_IC
	        zone   0 0 -100 4000 4000 0
	                head   0
	SOLUTION_METHOD
	        iterative_solver
	        save_directions 10
	        space_differencing  0
	        time_differencing   1
	TIME_CONTROL
	        time_step      0	30  sec
	        time_change		600 sec
	PRINT_FREQUENCY
		0
	        head                   600 sec
	        hdf_heads               600 sec
	        xyz_head               600 sec
	        hdf_velocity           600 sec
	        xyz_velocity           600 sec
	        wells                   600 sec
	END

PHASTINPUT done.

Running PHAST.

..       Well flow Lohman, 1972, p. 19
.
Reading static data for flow and transport simulation
A4 array dimension requirement (D4ZGCG iterative solver)......... NRAL .        0 elements
Primary storage requirement (D4ZGCG iterative solver)............ NPRIST    31939 elements
Overhead storage requirement (D4ZGCG iterative solver)........... NOHST .  175318 elements
                    *** Calculation Information ***
          Direction index for d4 zig-zag renumbering ............ IDIR..    1
          Incomplete LU [f] or modified ILU [t] factorization ... MILU..     T
          Number of search directions before restart ............ NSDR..   10
          Tolerance on iterative solution ....................... EPSSLV 1.0E-10

Beginning transient simulation.
Reading transient data for simulation: Set  1
     Time at which next set of transient parameters will be read .......... TIMCHG   10.0      (min)

Beginning time step no.      1
     Beginning flow calculation.
     Beginning solute-transport calculation.
     End of Time Step No.     1
     Time ..................................................   0.500     (min)

Beginning time step no.      2
     Beginning flow calculation.
     Beginning solute-transport calculation.
     End of Time Step No.     2
     Time ..................................................    1.00     (min)

Beginning time step no.      3
     Beginning flow calculation.
     Beginning solute-transport calculation.
     End of Time Step No.     3
     Time ..................................................    1.50     (min)

Beginning time step no.      4
     Beginning flow calculation.
     Beginning solute-transport calculation.
     End of Time Step No.     4
     Time ..................................................    2.00     (min)

Beginning time step no.      5
     Beginning flow calculation.
     Beginning solute-transport calculation.
     End of Time Step No.     5
     Time ..................................................    2.50     (min)

Beginning time step no.      6
     Beginning flow calculation.
     Beginning solute-transport calculation.
     End of Time Step No.     6
     Time ..................................................    3.00     (min)

Beginning time step no.      7
     Beginning flow calculation.
     Beginning solute-transport calculation.
     End of Time Step No.     7
     Time ..................................................    3.50     (min)

Beginning time step no.      8
     Beginning flow calculation.
     Beginning solute-transport calculation.
     End of Time Step No.     8
     Time ..................................................    4.00     (min)

Beginning time step no.      9
     Beginning flow calculation.
     Beginning solute-transport calculation.
     End of Time Step No.     9
     Time ..................................................    4.50     (min)

Beginning time step no.     10
     Beginning flow calculation.
     Beginning solute-transport calculation.
     End of Time Step No.    10
     Time ..................................................    5.00     (min)

Beginning time step no.     11
     Beginning flow calculation.
     Beginning solute-transport calculation.
     End of Time Step No.    11
     Time ..................................................    5.50     (min)

Beginning time step no.     12
     Beginning flow calculation.
     Beginning solute-transport calculation.
     End of Time Step No.    12
     Time ..................................................    6.00     (min)

Beginning time step no.     13
     Beginning flow calculation.
     Beginning solute-transport calculation.
     End of Time Step No.    13
     Time ..................................................    6.50     (min)

Beginning time step no.     14
     Beginning flow calculation.
     Beginning solute-transport calculation.
     End of Time Step No.    14
     Time ..................................................    7.00     (min)

Beginning time step no.     15
     Beginning flow calculation.
     Beginning solute-transport calculation.
     End of Time Step No.    15
     Time ..................................................    7.50     (min)

Beginning time step no.     16
     Beginning flow calculation.
     Beginning solute-transport calculation.
     End of Time Step No.    16
     Time ..................................................    8.00     (min)

Beginning time step no.     17
     Beginning flow calculation.
     Beginning solute-transport calculation.
     End of Time Step No.    17
     Time ..................................................    8.50     (min)

Beginning time step no.     18
     Beginning flow calculation.
     Beginning solute-transport calculation.
     End of Time Step No.    18
     Time ..................................................    9.00     (min)

Beginning time step no.     19
     Beginning flow calculation.
     Beginning solute-transport calculation.
     End of Time Step No.    19
     Time ..................................................    9.50     (min)

Beginning time step no.     20
     Current time step length ...................................   0.500     (min)
     Beginning flow calculation.
          No. of solver iterations, Relative residual:    6  3.7170725E-11
     Beginning solute-transport calculation.
     End of Time Step No.    20
     Time ..................................................    10.0     (min)
     Maximum change in potentiometric head  -8.9885E-03      (m ) at location (  610.    ,  610.    , -30.5    )(m)
Done with transient simulation.

                             ***** Simulation Completed *****
     Last time value calculated ......................................  10.00     (min)
     Last time step index ............................................      20
