Running PHASTINPUT.

Processing flow and transport data file.

	TITLE
	        Kindred and Celia, WRR, 1989, v. 25, p. 1154
	        Problem 4.1. Aerobic Biodegradation
	UNITS
	        time                                   days
	        horizontal_grid                        meters
	        vertical_grid                          meters
	        head                                   meters
	        hydraulic_conductivity                 m/s
	        specific_storage                       1/m
	        dispersivity                           m
	SOLUTE_TRANSPORT                                true
	GRID
	        uniform x     0.0      50.      101
	        uniform y     0.0      1.0      2
	        uniform z     0.0      1.0      2
	        chemistry_dimensions                   X
	        print_orientation                      XZ 
	MEDIA
	        zone   0. 0. 0. 50.  1. 1.
	                porosity                       0.38
	                long_dispersivity              0.2
	                horizontal_dispersivity        0.2
	                vertical_dispersivity          0.2
	                kx                             1e-4
	                ky                             1e-4
	                kz                             1e-4
	                specific_storage               0
	HEAD_IC
	        zone   0. 0. 0. 100. 1. 1.
	                head   X   2.199074 0.  0. 50.
	SPECIFIED_HEAD_BC
	        zone   0. 0. 0. 0.  1.  1.
	                head                           0       2.199074
	                associated_solution_composition            0       2
	        zone   50. 0. 0. 50.  1.  1.
	                head                           0       0.
	                associated_solution_composition            0       1
	FREE_SURFACE_BC                                 false
	CHEMISTRY_IC
	        zone   0. 0. 0. 50. 1. 1.
	                solution                       1
	                kinetics                       1
	        zone   0. 0. 0. 0. 1. 1.
	                kinetics                       2
	SOLUTION_METHOD
	        direct_solver                          true
	        space_differencing                     0.5
	        time_differencing                      0.5
	PRINT_INITIAL
	        components                             true
	TIME_CONTROL
	        delta_time                             0       0.2 day
	        end_time                               37  day
	PRINT_FREQUENCY
	        0
	        xyz_chemistry                          10  day
	        hdf_chemistry                          1   day
	        hdf_velocity                           100 day
	END

PHASTINPUT done.

Running PHAST.

Running PHREEQC for initial conditions.

Processing database file.
	SOLUTION_MASTER_SPECIES
	SOLUTION_SPECIES
	PHASES
	EXCHANGE_MASTER_SPECIES
	EXCHANGE_SPECIES
	SURFACE_MASTER_SPECIES
	SURFACE_SPECIES
	RATES
	END

Processing chemical data file.
	TITLE 
	        Kindred and Celia, WRR, 1989, v. 25, p. 1154
	        Problem 4.1. Aerobic Biodegradation
	SOLUTION_MASTER_SPECIES
	        Substrate       Substrate       0       1.0     1.0
	SOLUTION_SPECIES
	SOLUTION 1  Initial condition
	SOLUTION 2  Infilling
	END
	RATES
	KINETICS 1
	KINETICS 2
	SELECTED_OUTPUT
	USER_PUNCH
	END
PHREEQC done.
.        Kindred and Celia, WRR, 1989, v. 25, p. 1154
.        Problem 4.1. Aerobic Biodegradation
Reading static data for flow and transport simulation
A4 array dimension requirement (D4 direct solver)................ NRAL .        0 elements
Primary storage requirement (D4 direct solver)................... NPRIST     1800 elements
Overhead storage requirement (D4 direct solver).................. NOHST .    3839 elements
                    *** Calculation Information ***
Equilibration of cells for initial conditions.

Beginning transient simulation.
Reading transient data for simulation: Set  1
     Time at which next set of transient parameters will be read .......... TIMCHG   37.0      (d)

Beginning time step no.      1
     Beginning flow calculation.
     Beginning solute-transport calculation.
          H
          O
          Substrate
          Charge
     Beginning chemistry calculation.
     End of Time Step No.     1
     Time ..................................................   0.200     (d)

Beginning time step no.      2
     Beginning flow calculation.
     Beginning solute-transport calculation.
          H
          O
          Substrate
          Charge
     Beginning chemistry calculation.
     End of Time Step No.     2
     Time ..................................................   0.400     (d)

Beginning time step no.      3
     Beginning flow calculation.
     Beginning solute-transport calculation.
          H
          O
          Substrate
          Charge
     Beginning chemistry calculation.
     End of Time Step No.     3
     Time ..................................................   0.600     (d)

Beginning time step no.      4
     Beginning flow calculation.
     Beginning solute-transport calculation.
          H
          O
          Substrate
          Charge
     Beginning chemistry calculation.
     End of Time Step No.     4
     Time ..................................................   0.800     (d)

Beginning time step no.      5
     Beginning flow calculation.
     Beginning solute-transport calculation.
          H
          O
          Substrate
          Charge
     Beginning chemistry calculation.
     End of Time Step No.     5
     Time ..................................................    1.00     (d)

Beginning time step no.      6
     Beginning flow calculation.
     Beginning solute-transport calculation.
          H
          O
          Substrate
          Charge
     Beginning chemistry calculation.
     End of Time Step No.     6
     Time ..................................................    1.20     (d)

Beginning time step no.      7
     Beginning flow calculation.
     Beginning solute-transport calculation.
          H
          O
          Substrate
          Charge
     Beginning chemistry calculation.
     End of Time Step No.     7
     Time ..................................................    1.40     (d)

Beginning time step no.      8
     Beginning flow calculation.
     Beginning solute-transport calculation.
          H
          O
          Substrate
          Charge
     Beginning chemistry calculation.
     End of Time Step No.     8
     Time ..................................................    1.60     (d)

Beginning time step no.      9
     Beginning flow calculation.
     Beginning solute-transport calculation.
          H
          O
          Substrate
          Charge
     Beginning chemistry calculation.
     End of Time Step No.     9
     Time ..................................................    1.80     (d)

Beginning time step no.     10
     Beginning flow calculation.
     Beginning solute-transport calculation.
          H
          O
          Substrate
          Charge
     Beginning chemistry calculation.
     End of Time Step No.    10
     Time ..................................................    2.00     (d)

Beginning time step no.     11
     Beginning flow calculation.
     Beginning solute-transport calculation.
          H
          O
          Substrate
          Charge
     Beginning chemistry calculation.
     End of Time Step No.    11
     Time ..................................................    2.20     (d)

Beginning time step no.     12
     Beginning flow calculation.
     Beginning solute-transport calculation.
          H
          O
          Substrate
          Charge
     Beginning chemistry calculation.
     End of Time Step No.    12
     Time ..................................................    2.40     (d)

Beginning time step no.     13
     Beginning flow calculation.
     Beginning solute-transport calculation.
          H
          O
          Substrate
          Charge
     Beginning chemistry calculation.
     End of Time Step No.    13
     Time ..................................................    2.60     (d)

Beginning time step no.     14
     Beginning flow calculation.
     Beginning solute-transport calculation.
          H
          O
          Substrate
          Charge
     Beginning chemistry calculation.
     End of Time Step No.    14
     Time ..................................................    2.80     (d)

Beginning time step no.     15
     Beginning flow calculation.
     Beginning solute-transport calculation.
          H
          O
          Substrate
          Charge
     Beginning chemistry calculation.
     End of Time Step No.    15
     Time ..................................................    3.00     (d)

Beginning time step no.     16
     Beginning flow calculation.
     Beginning solute-transport calculation.
          H
          O
          Substrate
          Charge
     Beginning chemistry calculation.
     End of Time Step No.    16
     Time ..................................................    3.20     (d)

Beginning time step no.     17
     Beginning flow calculation.
     Beginning solute-transport calculation.
          H
          O
          Substrate
          Charge
     Beginning chemistry calculation.
     End of Time Step No.    17
     Time ..................................................    3.40     (d)

Beginning time step no.     18
     Beginning flow calculation.
     Beginning solute-transport calculation.
          H
          O
          Substrate
          Charge
     Beginning chemistry calculation.
     End of Time Step No.    18
     Time ..................................................    3.60     (d)

Beginning time step no.     19
     Beginning flow calculation.
     Beginning solute-transport calculation.
          H
          O
          Substrate
          Charge
     Beginning chemistry calculation.
     End of Time Step No.    19
     Time ..................................................    3.80     (d)

Beginning time step no.     20
     Beginning flow calculation.
     Beginning solute-transport calculation.
          H
          O
          Substrate
          Charge
     Beginning chemistry calculation.
     End of Time Step No.    20
     Time ..................................................    4.00     (d)

Beginning time step no.     21
     Beginning flow calculation.
     Beginning solute-transport calculation.
          H
          O
          Substrate
          Charge
     Beginning chemistry calculation.
     End of Time Step No.    21
     Time ..................................................    4.20     (d)

Beginning time step no.     22
     Beginning flow calculation.
     Beginning solute-transport calculation.
          H
          O
          Substrate
          Charge
     Beginning chemistry calculation.
     End of Time Step No.    22
     Time ..................................................    4.40     (d)

Beginning time step no.     23
     Beginning flow calculation.
     Beginning solute-transport calculation.
          H
          O
          Substrate
          Charge
     Beginning chemistry calculation.
     End of Time Step No.    23
     Time ..................................................    4.60     (d)

Beginning time step no.     24
     Beginning flow calculation.
     Beginning solute-transport calculation.
          H
          O
          Substrate
          Charge
     Beginning chemistry calculation.
     End of Time Step No.    24
     Time ..................................................    4.80     (d)

Beginning time step no.     25
     Beginning flow calculation.
     Beginning solute-transport calculation.
          H
          O
          Substrate
          Charge
     Beginning chemistry calculation.
     End of Time Step No.    25
     Time ..................................................    5.00     (d)

Beginning time step no.     26
     Beginning flow calculation.
     Beginning solute-transport calculation.
          H
          O
          Substrate
          Charge
     Beginning chemistry calculation.
     End of Time Step No.    26
     Time ..................................................    5.20     (d)

Beginning time step no.     27
     Beginning flow calculation.
     Beginning solute-transport calculation.
          H
          O
          Substrate
          Charge
     Beginning chemistry calculation.
     End of Time Step No.    27
     Time ..................................................    5.40     (d)

Beginning time step no.     28
     Beginning flow calculation.
     Beginning solute-transport calculation.
          H
          O
          Substrate
          Charge
     Beginning chemistry calculation.
     End of Time Step No.    28
     Time ..................................................    5.60     (d)

Beginning time step no.     29
     Beginning flow calculation.
     Beginning solute-transport calculation.
          H
          O
          Substrate
          Charge
     Beginning chemistry calculation.
     End of Time Step No.    29
     Time ..................................................    5.80     (d)

Beginning time step no.     30
     Beginning flow calculation.
     Beginning solute-transport calculation.
          H
          O
          Substrate
          Charge
     Beginning chemistry calculation.
     End of Time Step No.    30
     Time ..................................................    6.00     (d)

Beginning time step no.     31
     Beginning flow calculation.
     Beginning solute-transport calculation.
          H
          O
          Substrate
          Charge
     Beginning chemistry calculation.
     End of Time Step No.    31
     Time ..................................................    6.20     (d)

Beginning time step no.     32
     Beginning flow calculation.
     Beginning solute-transport calculation.
          H
          O
          Substrate
          Charge
     Beginning chemistry calculation.
     End of Time Step No.    32
     Time ..................................................    6.40     (d)

Beginning time step no.     33
     Beginning flow calculation.
     Beginning solute-transport calculation.
          H
          O
          Substrate
          Charge
     Beginning chemistry calculation.
     End of Time Step No.    33
     Time ..................................................    6.60     (d)

Beginning time step no.     34
     Beginning flow calculation.
     Beginning solute-transport calculation.
          H
          O
          Substrate
          Charge
     Beginning chemistry calculation.
     End of Time Step No.    34
     Time ..................................................    6.80     (d)

Beginning time step no.     35
     Beginning flow calculation.
     Beginning solute-transport calculation.
          H
          O
          Substrate
          Charge
     Beginning chemistry calculation.
     End of Time Step No.    35
     Time ..................................................    7.00     (d)

Beginning time step no.     36
     Beginning flow calculation.
     Beginning solute-transport calculation.
          H
          O
          Substrate
          Charge
     Beginning chemistry calculation.
     End of Time Step No.    36
     Time ..................................................    7.20     (d)

Beginning time step no.     37
     Beginning flow calculation.
     Beginning solute-transport calculation.
          H
          O
          Substrate
          Charge
     Beginning chemistry calculation.
     End of Time Step No.    37
     Time ..................................................    7.40     (d)

Beginning time step no.     38
     Beginning flow calculation.
     Beginning solute-transport calculation.
          H
          O
          Substrate
          Charge
     Beginning chemistry calculation.
     End of Time Step No.    38
     Time ..................................................    7.60     (d)

Beginning time step no.     39
     Beginning flow calculation.
     Beginning solute-transport calculation.
          H
          O
          Substrate
          Charge
     Beginning chemistry calculation.
     End of Time Step No.    39
     Time ..................................................    7.80     (d)

Beginning time step no.     40
     Beginning flow calculation.
     Beginning solute-transport calculation.
          H
          O
          Substrate
          Charge
     Beginning chemistry calculation.
     End of Time Step No.    40
     Time ..................................................    8.00     (d)

Beginning time step no.     41
     Beginning flow calculation.
     Beginning solute-transport calculation.
          H
          O
          Substrate
          Charge
     Beginning chemistry calculation.
     End of Time Step No.    41
     Time ..................................................    8.20     (d)

Beginning time step no.     42
     Beginning flow calculation.
     Beginning solute-transport calculation.
          H
          O
          Substrate
          Charge
     Beginning chemistry calculation.
     End of Time Step No.    42
     Time ..................................................    8.40     (d)

Beginning time step no.     43
     Beginning flow calculation.
     Beginning solute-transport calculation.
          H
          O
          Substrate
          Charge
     Beginning chemistry calculation.
     End of Time Step No.    43
     Time ..................................................    8.60     (d)

Beginning time step no.     44
     Beginning flow calculation.
     Beginning solute-transport calculation.
          H
          O
          Substrate
          Charge
     Beginning chemistry calculation.
     End of Time Step No.    44
     Time ..................................................    8.80     (d)

Beginning time step no.     45
     Beginning flow calculation.
     Beginning solute-transport calculation.
          H
          O
          Substrate
          Charge
     Beginning chemistry calculation.
     End of Time Step No.    45
     Time ..................................................    9.00     (d)

Beginning time step no.     46
     Beginning flow calculation.
     Beginning solute-transport calculation.
          H
          O
          Substrate
          Charge
     Beginning chemistry calculation.
     End of Time Step No.    46
     Time ..................................................    9.20     (d)

Beginning time step no.     47
     Beginning flow calculation.
     Beginning solute-transport calculation.
          H
          O
          Substrate
          Charge
     Beginning chemistry calculation.
     End of Time Step No.    47
     Time ..................................................    9.40     (d)

Beginning time step no.     48
     Beginning flow calculation.
     Beginning solute-transport calculation.
          H
          O
          Substrate
          Charge
     Beginning chemistry calculation.
     End of Time Step No.    48
     Time ..................................................    9.60     (d)

Beginning time step no.     49
     Beginning flow calculation.
     Beginning solute-transport calculation.
          H
          O
          Substrate
          Charge
     Beginning chemistry calculation.
     End of Time Step No.    49
     Time ..................................................    9.80     (d)

Beginning time step no.     50
     Beginning flow calculation.
     Beginning solute-transport calculation.
          H
          O
          Substrate
          Charge
     Beginning chemistry calculation.
     End of Time Step No.    50
     Time ..................................................    10.0     (d)

Beginning time step no.     51
     Beginning flow calculation.
     Beginning solute-transport calculation.
          H
          O
          Substrate
          Charge
     Beginning chemistry calculation.
     End of Time Step No.    51
     Time ..................................................    10.2     (d)

Beginning time step no.     52
     Beginning flow calculation.
     Beginning solute-transport calculation.
          H
          O
          Substrate
          Charge
     Beginning chemistry calculation.
     End of Time Step No.    52
     Time ..................................................    10.4     (d)

Beginning time step no.     53
     Beginning flow calculation.
     Beginning solute-transport calculation.
          H
          O
          Substrate
          Charge
     Beginning chemistry calculation.
     End of Time Step No.    53
     Time ..................................................    10.6     (d)

Beginning time step no.     54
     Beginning flow calculation.
     Beginning solute-transport calculation.
          H
          O
          Substrate
          Charge
     Beginning chemistry calculation.
     End of Time Step No.    54
     Time ..................................................    10.8     (d)

Beginning time step no.     55
     Beginning flow calculation.
     Beginning solute-transport calculation.
          H
          O
          Substrate
          Charge
     Beginning chemistry calculation.
     End of Time Step No.    55
     Time ..................................................    11.0     (d)

Beginning time step no.     56
     Beginning flow calculation.
     Beginning solute-transport calculation.
          H
          O
          Substrate
          Charge
     Beginning chemistry calculation.
     End of Time Step No.    56
     Time ..................................................    11.2     (d)

Beginning time step no.     57
     Beginning flow calculation.
     Beginning solute-transport calculation.
          H
          O
          Substrate
          Charge
     Beginning chemistry calculation.
     End of Time Step No.    57
     Time ..................................................    11.4     (d)

Beginning time step no.     58
     Beginning flow calculation.
     Beginning solute-transport calculation.
          H
          O
          Substrate
          Charge
     Beginning chemistry calculation.
     End of Time Step No.    58
     Time ..................................................    11.6     (d)

Beginning time step no.     59
     Beginning flow calculation.
     Beginning solute-transport calculation.
          H
          O
          Substrate
          Charge
     Beginning chemistry calculation.
     End of Time Step No.    59
     Time ..................................................    11.8     (d)

Beginning time step no.     60
     Beginning flow calculation.
     Beginning solute-transport calculation.
          H
          O
          Substrate
          Charge
     Beginning chemistry calculation.
     End of Time Step No.    60
     Time ..................................................    12.0     (d)

Beginning time step no.     61
     Beginning flow calculation.
     Beginning solute-transport calculation.
          H
          O
          Substrate
          Charge
     Beginning chemistry calculation.
     End of Time Step No.    61
     Time ..................................................    12.2     (d)

Beginning time step no.     62
     Beginning flow calculation.
     Beginning solute-transport calculation.
          H
          O
          Substrate
          Charge
     Beginning chemistry calculation.
     End of Time Step No.    62
     Time ..................................................    12.4     (d)

Beginning time step no.     63
     Beginning flow calculation.
     Beginning solute-transport calculation.
          H
          O
          Substrate
          Charge
     Beginning chemistry calculation.
     End of Time Step No.    63
     Time ..................................................    12.6     (d)

Beginning time step no.     64
     Beginning flow calculation.
     Beginning solute-transport calculation.
          H
          O
          Substrate
          Charge
     Beginning chemistry calculation.
     End of Time Step No.    64
     Time ..................................................    12.8     (d)

Beginning time step no.     65
     Beginning flow calculation.
     Beginning solute-transport calculation.
          H
          O
          Substrate
          Charge
     Beginning chemistry calculation.
     End of Time Step No.    65
     Time ..................................................    13.0     (d)

Beginning time step no.     66
     Beginning flow calculation.
     Beginning solute-transport calculation.
          H
          O
          Substrate
          Charge
     Beginning chemistry calculation.
     End of Time Step No.    66
     Time ..................................................    13.2     (d)

Beginning time step no.     67
     Beginning flow calculation.
     Beginning solute-transport calculation.
          H
          O
          Substrate
          Charge
     Beginning chemistry calculation.
     End of Time Step No.    67
     Time ..................................................    13.4     (d)

Beginning time step no.     68
     Beginning flow calculation.
     Beginning solute-transport calculation.
          H
          O
          Substrate
          Charge
     Beginning chemistry calculation.
     End of Time Step No.    68
     Time ..................................................    13.6     (d)

Beginning time step no.     69
     Beginning flow calculation.
     Beginning solute-transport calculation.
          H
          O
          Substrate
          Charge
     Beginning chemistry calculation.
     End of Time Step No.    69
     Time ..................................................    13.8     (d)

Beginning time step no.     70
     Beginning flow calculation.
     Beginning solute-transport calculation.
          H
          O
          Substrate
          Charge
     Beginning chemistry calculation.
     End of Time Step No.    70
     Time ..................................................    14.0     (d)

Beginning time step no.     71
     Beginning flow calculation.
     Beginning solute-transport calculation.
          H
          O
          Substrate
          Charge
     Beginning chemistry calculation.
     End of Time Step No.    71
     Time ..................................................    14.2     (d)

Beginning time step no.     72
     Beginning flow calculation.
     Beginning solute-transport calculation.
          H
          O
          Substrate
          Charge
     Beginning chemistry calculation.
     End of Time Step No.    72
     Time ..................................................    14.4     (d)

Beginning time step no.     73
     Beginning flow calculation.
     Beginning solute-transport calculation.
          H
          O
          Substrate
          Charge
     Beginning chemistry calculation.
     End of Time Step No.    73
     Time ..................................................    14.6     (d)

Beginning time step no.     74
     Beginning flow calculation.
     Beginning solute-transport calculation.
          H
          O
          Substrate
          Charge
     Beginning chemistry calculation.
     End of Time Step No.    74
     Time ..................................................    14.8     (d)

Beginning time step no.     75
     Beginning flow calculation.
     Beginning solute-transport calculation.
          H
          O
          Substrate
          Charge
     Beginning chemistry calculation.
     End of Time Step No.    75
     Time ..................................................    15.0     (d)

Beginning time step no.     76
     Beginning flow calculation.
     Beginning solute-transport calculation.
          H
          O
          Substrate
          Charge
     Beginning chemistry calculation.
     End of Time Step No.    76
     Time ..................................................    15.2     (d)

Beginning time step no.     77
     Beginning flow calculation.
     Beginning solute-transport calculation.
          H
          O
          Substrate
          Charge
     Beginning chemistry calculation.
     End of Time Step No.    77
     Time ..................................................    15.4     (d)

Beginning time step no.     78
     Beginning flow calculation.
     Beginning solute-transport calculation.
          H
          O
          Substrate
          Charge
     Beginning chemistry calculation.
     End of Time Step No.    78
     Time ..................................................    15.6     (d)

Beginning time step no.     79
     Beginning flow calculation.
     Beginning solute-transport calculation.
          H
          O
          Substrate
          Charge
     Beginning chemistry calculation.
     End of Time Step No.    79
     Time ..................................................    15.8     (d)

Beginning time step no.     80
     Beginning flow calculation.
     Beginning solute-transport calculation.
          H
          O
          Substrate
          Charge
     Beginning chemistry calculation.
     End of Time Step No.    80
     Time ..................................................    16.0     (d)

Beginning time step no.     81
     Beginning flow calculation.
     Beginning solute-transport calculation.
          H
          O
          Substrate
          Charge
     Beginning chemistry calculation.
     End of Time Step No.    81
     Time ..................................................    16.2     (d)

Beginning time step no.     82
     Beginning flow calculation.
     Beginning solute-transport calculation.
          H
          O
          Substrate
          Charge
     Beginning chemistry calculation.
     End of Time Step No.    82
     Time ..................................................    16.4     (d)

Beginning time step no.     83
     Beginning flow calculation.
     Beginning solute-transport calculation.
          H
          O
          Substrate
          Charge
     Beginning chemistry calculation.
     End of Time Step No.    83
     Time ..................................................    16.6     (d)

Beginning time step no.     84
     Beginning flow calculation.
     Beginning solute-transport calculation.
          H
          O
          Substrate
          Charge
     Beginning chemistry calculation.
     End of Time Step No.    84
     Time ..................................................    16.8     (d)

Beginning time step no.     85
     Beginning flow calculation.
     Beginning solute-transport calculation.
          H
          O
          Substrate
          Charge
     Beginning chemistry calculation.
     End of Time Step No.    85
     Time ..................................................    17.0     (d)

Beginning time step no.     86
     Beginning flow calculation.
     Beginning solute-transport calculation.
          H
          O
          Substrate
          Charge
     Beginning chemistry calculation.
     End of Time Step No.    86
     Time ..................................................    17.2     (d)

Beginning time step no.     87
     Beginning flow calculation.
     Beginning solute-transport calculation.
          H
          O
          Substrate
          Charge
     Beginning chemistry calculation.
     End of Time Step No.    87
     Time ..................................................    17.4     (d)

Beginning time step no.     88
     Beginning flow calculation.
     Beginning solute-transport calculation.
          H
          O
          Substrate
          Charge
     Beginning chemistry calculation.
     End of Time Step No.    88
     Time ..................................................    17.6     (d)

Beginning time step no.     89
     Beginning flow calculation.
     Beginning solute-transport calculation.
          H
          O
          Substrate
          Charge
     Beginning chemistry calculation.
     End of Time Step No.    89
     Time ..................................................    17.8     (d)

Beginning time step no.     90
     Beginning flow calculation.
     Beginning solute-transport calculation.
          H
          O
          Substrate
          Charge
     Beginning chemistry calculation.
     End of Time Step No.    90
     Time ..................................................    18.0     (d)

Beginning time step no.     91
     Beginning flow calculation.
     Beginning solute-transport calculation.
          H
          O
          Substrate
          Charge
     Beginning chemistry calculation.
     End of Time Step No.    91
     Time ..................................................    18.2     (d)

Beginning time step no.     92
     Beginning flow calculation.
     Beginning solute-transport calculation.
          H
          O
          Substrate
          Charge
     Beginning chemistry calculation.
     End of Time Step No.    92
     Time ..................................................    18.4     (d)

Beginning time step no.     93
     Beginning flow calculation.
     Beginning solute-transport calculation.
          H
          O
          Substrate
          Charge
     Beginning chemistry calculation.
     End of Time Step No.    93
     Time ..................................................    18.6     (d)

Beginning time step no.     94
     Beginning flow calculation.
     Beginning solute-transport calculation.
          H
          O
          Substrate
          Charge
     Beginning chemistry calculation.
     End of Time Step No.    94
     Time ..................................................    18.8     (d)

Beginning time step no.     95
     Beginning flow calculation.
     Beginning solute-transport calculation.
          H
          O
          Substrate
          Charge
     Beginning chemistry calculation.
     End of Time Step No.    95
     Time ..................................................    19.0     (d)

Beginning time step no.     96
     Beginning flow calculation.
     Beginning solute-transport calculation.
          H
          O
          Substrate
          Charge
     Beginning chemistry calculation.
     End of Time Step No.    96
     Time ..................................................    19.2     (d)

Beginning time step no.     97
     Beginning flow calculation.
     Beginning solute-transport calculation.
          H
          O
          Substrate
          Charge
     Beginning chemistry calculation.
     End of Time Step No.    97
     Time ..................................................    19.4     (d)

Beginning time step no.     98
     Beginning flow calculation.
     Beginning solute-transport calculation.
          H
          O
          Substrate
          Charge
     Beginning chemistry calculation.
     End of Time Step No.    98
     Time ..................................................    19.6     (d)

Beginning time step no.     99
     Beginning flow calculation.
     Beginning solute-transport calculation.
          H
          O
          Substrate
          Charge
     Beginning chemistry calculation.
     End of Time Step No.    99
     Time ..................................................    19.8     (d)

Beginning time step no.    100
     Beginning flow calculation.
     Beginning solute-transport calculation.
          H
          O
          Substrate
          Charge
     Beginning chemistry calculation.
     End of Time Step No.   100
     Time ..................................................    20.0     (d)

Beginning time step no.    101
     Beginning flow calculation.
     Beginning solute-transport calculation.
          H
          O
          Substrate
          Charge
     Beginning chemistry calculation.
     End of Time Step No.   101
     Time ..................................................    20.2     (d)

Beginning time step no.    102
     Beginning flow calculation.
     Beginning solute-transport calculation.
          H
          O
          Substrate
          Charge
     Beginning chemistry calculation.
     End of Time Step No.   102
     Time ..................................................    20.4     (d)

Beginning time step no.    103
     Beginning flow calculation.
     Beginning solute-transport calculation.
          H
          O
          Substrate
          Charge
     Beginning chemistry calculation.
     End of Time Step No.   103
     Time ..................................................    20.6     (d)

Beginning time step no.    104
     Beginning flow calculation.
     Beginning solute-transport calculation.
          H
          O
          Substrate
          Charge
     Beginning chemistry calculation.
     End of Time Step No.   104
     Time ..................................................    20.8     (d)

Beginning time step no.    105
     Beginning flow calculation.
     Beginning solute-transport calculation.
          H
          O
          Substrate
          Charge
     Beginning chemistry calculation.
     End of Time Step No.   105
     Time ..................................................    21.0     (d)

Beginning time step no.    106
     Beginning flow calculation.
     Beginning solute-transport calculation.
          H
          O
          Substrate
          Charge
     Beginning chemistry calculation.
     End of Time Step No.   106
     Time ..................................................    21.2     (d)

Beginning time step no.    107
     Beginning flow calculation.
     Beginning solute-transport calculation.
          H
          O
          Substrate
          Charge
     Beginning chemistry calculation.
     End of Time Step No.   107
     Time ..................................................    21.4     (d)

Beginning time step no.    108
     Beginning flow calculation.
     Beginning solute-transport calculation.
          H
          O
          Substrate
          Charge
     Beginning chemistry calculation.
     End of Time Step No.   108
     Time ..................................................    21.6     (d)

Beginning time step no.    109
     Beginning flow calculation.
     Beginning solute-transport calculation.
          H
          O
          Substrate
          Charge
     Beginning chemistry calculation.
     End of Time Step No.   109
     Time ..................................................    21.8     (d)

Beginning time step no.    110
     Beginning flow calculation.
     Beginning solute-transport calculation.
          H
          O
          Substrate
          Charge
     Beginning chemistry calculation.
     End of Time Step No.   110
     Time ..................................................    22.0     (d)

Beginning time step no.    111
     Beginning flow calculation.
     Beginning solute-transport calculation.
          H
          O
          Substrate
          Charge
     Beginning chemistry calculation.
     End of Time Step No.   111
     Time ..................................................    22.2     (d)

Beginning time step no.    112
     Beginning flow calculation.
     Beginning solute-transport calculation.
          H
          O
          Substrate
          Charge
     Beginning chemistry calculation.
     End of Time Step No.   112
     Time ..................................................    22.4     (d)

Beginning time step no.    113
     Beginning flow calculation.
     Beginning solute-transport calculation.
          H
          O
          Substrate
          Charge
     Beginning chemistry calculation.
     End of Time Step No.   113
     Time ..................................................    22.6     (d)

Beginning time step no.    114
     Beginning flow calculation.
     Beginning solute-transport calculation.
          H
          O
          Substrate
          Charge
     Beginning chemistry calculation.
     End of Time Step No.   114
     Time ..................................................    22.8     (d)

Beginning time step no.    115
     Beginning flow calculation.
     Beginning solute-transport calculation.
          H
          O
          Substrate
          Charge
     Beginning chemistry calculation.
     End of Time Step No.   115
     Time ..................................................    23.0     (d)

Beginning time step no.    116
     Beginning flow calculation.
     Beginning solute-transport calculation.
          H
          O
          Substrate
          Charge
     Beginning chemistry calculation.
     End of Time Step No.   116
     Time ..................................................    23.2     (d)

Beginning time step no.    117
     Beginning flow calculation.
     Beginning solute-transport calculation.
          H
          O
          Substrate
          Charge
     Beginning chemistry calculation.
     End of Time Step No.   117
     Time ..................................................    23.4     (d)

Beginning time step no.    118
     Beginning flow calculation.
     Beginning solute-transport calculation.
          H
          O
          Substrate
          Charge
     Beginning chemistry calculation.
     End of Time Step No.   118
     Time ..................................................    23.6     (d)

Beginning time step no.    119
     Beginning flow calculation.
     Beginning solute-transport calculation.
          H
          O
          Substrate
          Charge
     Beginning chemistry calculation.
     End of Time Step No.   119
     Time ..................................................    23.8     (d)

Beginning time step no.    120
     Beginning flow calculation.
     Beginning solute-transport calculation.
          H
          O
          Substrate
          Charge
     Beginning chemistry calculation.
     End of Time Step No.   120
     Time ..................................................    24.0     (d)

Beginning time step no.    121
     Beginning flow calculation.
     Beginning solute-transport calculation.
          H
          O
          Substrate
          Charge
     Beginning chemistry calculation.
     End of Time Step No.   121
     Time ..................................................    24.2     (d)

Beginning time step no.    122
     Beginning flow calculation.
     Beginning solute-transport calculation.
          H
          O
          Substrate
          Charge
     Beginning chemistry calculation.
     End of Time Step No.   122
     Time ..................................................    24.4     (d)

Beginning time step no.    123
     Beginning flow calculation.
     Beginning solute-transport calculation.
          H
          O
          Substrate
          Charge
     Beginning chemistry calculation.
     End of Time Step No.   123
     Time ..................................................    24.6     (d)

Beginning time step no.    124
     Beginning flow calculation.
     Beginning solute-transport calculation.
          H
          O
          Substrate
          Charge
     Beginning chemistry calculation.
     End of Time Step No.   124
     Time ..................................................    24.8     (d)

Beginning time step no.    125
     Beginning flow calculation.
     Beginning solute-transport calculation.
          H
          O
          Substrate
          Charge
     Beginning chemistry calculation.
     End of Time Step No.   125
     Time ..................................................    25.0     (d)

Beginning time step no.    126
     Beginning flow calculation.
     Beginning solute-transport calculation.
          H
          O
          Substrate
          Charge
     Beginning chemistry calculation.
     End of Time Step No.   126
     Time ..................................................    25.2     (d)

Beginning time step no.    127
     Beginning flow calculation.
     Beginning solute-transport calculation.
          H
          O
          Substrate
          Charge
     Beginning chemistry calculation.
     End of Time Step No.   127
     Time ..................................................    25.4     (d)

Beginning time step no.    128
     Beginning flow calculation.
     Beginning solute-transport calculation.
          H
          O
          Substrate
          Charge
     Beginning chemistry calculation.
     End of Time Step No.   128
     Time ..................................................    25.6     (d)

Beginning time step no.    129
     Beginning flow calculation.
     Beginning solute-transport calculation.
          H
          O
          Substrate
          Charge
     Beginning chemistry calculation.
     End of Time Step No.   129
     Time ..................................................    25.8     (d)

Beginning time step no.    130
     Beginning flow calculation.
     Beginning solute-transport calculation.
          H
          O
          Substrate
          Charge
     Beginning chemistry calculation.
     End of Time Step No.   130
     Time ..................................................    26.0     (d)

Beginning time step no.    131
     Beginning flow calculation.
     Beginning solute-transport calculation.
          H
          O
          Substrate
          Charge
     Beginning chemistry calculation.
     End of Time Step No.   131
     Time ..................................................    26.2     (d)

Beginning time step no.    132
     Beginning flow calculation.
     Beginning solute-transport calculation.
          H
          O
          Substrate
          Charge
     Beginning chemistry calculation.
     End of Time Step No.   132
     Time ..................................................    26.4     (d)

Beginning time step no.    133
     Beginning flow calculation.
     Beginning solute-transport calculation.
          H
          O
          Substrate
          Charge
     Beginning chemistry calculation.
     End of Time Step No.   133
     Time ..................................................    26.6     (d)

Beginning time step no.    134
     Beginning flow calculation.
     Beginning solute-transport calculation.
          H
          O
          Substrate
          Charge
     Beginning chemistry calculation.
     End of Time Step No.   134
     Time ..................................................    26.8     (d)

Beginning time step no.    135
     Beginning flow calculation.
     Beginning solute-transport calculation.
          H
          O
          Substrate
          Charge
     Beginning chemistry calculation.
     End of Time Step No.   135
     Time ..................................................    27.0     (d)

Beginning time step no.    136
     Beginning flow calculation.
     Beginning solute-transport calculation.
          H
          O
          Substrate
          Charge
     Beginning chemistry calculation.
     End of Time Step No.   136
     Time ..................................................    27.2     (d)

Beginning time step no.    137
     Beginning flow calculation.
     Beginning solute-transport calculation.
          H
          O
          Substrate
          Charge
     Beginning chemistry calculation.
     End of Time Step No.   137
     Time ..................................................    27.4     (d)

Beginning time step no.    138
     Beginning flow calculation.
     Beginning solute-transport calculation.
          H
          O
          Substrate
          Charge
     Beginning chemistry calculation.
     End of Time Step No.   138
     Time ..................................................    27.6     (d)

Beginning time step no.    139
     Beginning flow calculation.
     Beginning solute-transport calculation.
          H
          O
          Substrate
          Charge
     Beginning chemistry calculation.
     End of Time Step No.   139
     Time ..................................................    27.8     (d)

Beginning time step no.    140
     Beginning flow calculation.
     Beginning solute-transport calculation.
          H
          O
          Substrate
          Charge
     Beginning chemistry calculation.
     End of Time Step No.   140
     Time ..................................................    28.0     (d)

Beginning time step no.    141
     Beginning flow calculation.
     Beginning solute-transport calculation.
          H
          O
          Substrate
          Charge
     Beginning chemistry calculation.
     End of Time Step No.   141
     Time ..................................................    28.2     (d)

Beginning time step no.    142
     Beginning flow calculation.
     Beginning solute-transport calculation.
          H
          O
          Substrate
          Charge
     Beginning chemistry calculation.
     End of Time Step No.   142
     Time ..................................................    28.4     (d)

Beginning time step no.    143
     Beginning flow calculation.
     Beginning solute-transport calculation.
          H
          O
          Substrate
          Charge
     Beginning chemistry calculation.
     End of Time Step No.   143
     Time ..................................................    28.6     (d)

Beginning time step no.    144
     Beginning flow calculation.
     Beginning solute-transport calculation.
          H
          O
          Substrate
          Charge
     Beginning chemistry calculation.
     End of Time Step No.   144
     Time ..................................................    28.8     (d)

Beginning time step no.    145
     Beginning flow calculation.
     Beginning solute-transport calculation.
          H
          O
          Substrate
          Charge
     Beginning chemistry calculation.
     End of Time Step No.   145
     Time ..................................................    29.0     (d)

Beginning time step no.    146
     Beginning flow calculation.
     Beginning solute-transport calculation.
          H
          O
          Substrate
          Charge
     Beginning chemistry calculation.
     End of Time Step No.   146
     Time ..................................................    29.2     (d)

Beginning time step no.    147
     Beginning flow calculation.
     Beginning solute-transport calculation.
          H
          O
          Substrate
          Charge
     Beginning chemistry calculation.
     End of Time Step No.   147
     Time ..................................................    29.4     (d)

Beginning time step no.    148
     Beginning flow calculation.
     Beginning solute-transport calculation.
          H
          O
          Substrate
          Charge
     Beginning chemistry calculation.
     End of Time Step No.   148
     Time ..................................................    29.6     (d)

Beginning time step no.    149
     Beginning flow calculation.
     Beginning solute-transport calculation.
          H
          O
          Substrate
          Charge
     Beginning chemistry calculation.
     End of Time Step No.   149
     Time ..................................................    29.8     (d)

Beginning time step no.    150
     Beginning flow calculation.
     Beginning solute-transport calculation.
          H
          O
          Substrate
          Charge
     Beginning chemistry calculation.
     End of Time Step No.   150
     Time ..................................................    30.0     (d)

Beginning time step no.    151
     Beginning flow calculation.
     Beginning solute-transport calculation.
          H
          O
          Substrate
          Charge
     Beginning chemistry calculation.
     End of Time Step No.   151
     Time ..................................................    30.2     (d)

Beginning time step no.    152
     Beginning flow calculation.
     Beginning solute-transport calculation.
          H
          O
          Substrate
          Charge
     Beginning chemistry calculation.
     End of Time Step No.   152
     Time ..................................................    30.4     (d)

Beginning time step no.    153
     Beginning flow calculation.
     Beginning solute-transport calculation.
          H
          O
          Substrate
          Charge
     Beginning chemistry calculation.
     End of Time Step No.   153
     Time ..................................................    30.6     (d)

Beginning time step no.    154
     Beginning flow calculation.
     Beginning solute-transport calculation.
          H
          O
          Substrate
          Charge
     Beginning chemistry calculation.
     End of Time Step No.   154
     Time ..................................................    30.8     (d)

Beginning time step no.    155
     Beginning flow calculation.
     Beginning solute-transport calculation.
          H
          O
          Substrate
          Charge
     Beginning chemistry calculation.
     End of Time Step No.   155
     Time ..................................................    31.0     (d)

Beginning time step no.    156
     Beginning flow calculation.
     Beginning solute-transport calculation.
          H
          O
          Substrate
          Charge
     Beginning chemistry calculation.
     End of Time Step No.   156
     Time ..................................................    31.2     (d)

Beginning time step no.    157
     Beginning flow calculation.
     Beginning solute-transport calculation.
          H
          O
          Substrate
          Charge
     Beginning chemistry calculation.
     End of Time Step No.   157
     Time ..................................................    31.4     (d)

Beginning time step no.    158
     Beginning flow calculation.
     Beginning solute-transport calculation.
          H
          O
          Substrate
          Charge
     Beginning chemistry calculation.
     End of Time Step No.   158
     Time ..................................................    31.6     (d)

Beginning time step no.    159
     Beginning flow calculation.
     Beginning solute-transport calculation.
          H
          O
          Substrate
          Charge
     Beginning chemistry calculation.
     End of Time Step No.   159
     Time ..................................................    31.8     (d)

Beginning time step no.    160
     Beginning flow calculation.
     Beginning solute-transport calculation.
          H
          O
          Substrate
          Charge
     Beginning chemistry calculation.
     End of Time Step No.   160
     Time ..................................................    32.0     (d)

Beginning time step no.    161
     Beginning flow calculation.
     Beginning solute-transport calculation.
          H
          O
          Substrate
          Charge
     Beginning chemistry calculation.
     End of Time Step No.   161
     Time ..................................................    32.2     (d)

Beginning time step no.    162
     Beginning flow calculation.
     Beginning solute-transport calculation.
          H
          O
          Substrate
          Charge
     Beginning chemistry calculation.
     End of Time Step No.   162
     Time ..................................................    32.4     (d)

Beginning time step no.    163
     Beginning flow calculation.
     Beginning solute-transport calculation.
          H
          O
          Substrate
          Charge
     Beginning chemistry calculation.
     End of Time Step No.   163
     Time ..................................................    32.6     (d)

Beginning time step no.    164
     Beginning flow calculation.
     Beginning solute-transport calculation.
          H
          O
          Substrate
          Charge
     Beginning chemistry calculation.
     End of Time Step No.   164
     Time ..................................................    32.8     (d)

Beginning time step no.    165
     Beginning flow calculation.
     Beginning solute-transport calculation.
          H
          O
          Substrate
          Charge
     Beginning chemistry calculation.
     End of Time Step No.   165
     Time ..................................................    33.0     (d)

Beginning time step no.    166
     Beginning flow calculation.
     Beginning solute-transport calculation.
          H
          O
          Substrate
          Charge
     Beginning chemistry calculation.
     End of Time Step No.   166
     Time ..................................................    33.2     (d)

Beginning time step no.    167
     Beginning flow calculation.
     Beginning solute-transport calculation.
          H
          O
          Substrate
          Charge
     Beginning chemistry calculation.
     End of Time Step No.   167
     Time ..................................................    33.4     (d)

Beginning time step no.    168
     Beginning flow calculation.
     Beginning solute-transport calculation.
          H
          O
          Substrate
          Charge
     Beginning chemistry calculation.
     End of Time Step No.   168
     Time ..................................................    33.6     (d)

Beginning time step no.    169
     Beginning flow calculation.
     Beginning solute-transport calculation.
          H
          O
          Substrate
          Charge
     Beginning chemistry calculation.
     End of Time Step No.   169
     Time ..................................................    33.8     (d)

Beginning time step no.    170
     Beginning flow calculation.
     Beginning solute-transport calculation.
          H
          O
          Substrate
          Charge
     Beginning chemistry calculation.
     End of Time Step No.   170
     Time ..................................................    34.0     (d)

Beginning time step no.    171
     Beginning flow calculation.
     Beginning solute-transport calculation.
          H
          O
          Substrate
          Charge
     Beginning chemistry calculation.
     End of Time Step No.   171
     Time ..................................................    34.2     (d)

Beginning time step no.    172
     Beginning flow calculation.
     Beginning solute-transport calculation.
          H
          O
          Substrate
          Charge
     Beginning chemistry calculation.
     End of Time Step No.   172
     Time ..................................................    34.4     (d)

Beginning time step no.    173
     Beginning flow calculation.
     Beginning solute-transport calculation.
          H
          O
          Substrate
          Charge
     Beginning chemistry calculation.
     End of Time Step No.   173
     Time ..................................................    34.6     (d)

Beginning time step no.    174
     Beginning flow calculation.
     Beginning solute-transport calculation.
          H
          O
          Substrate
          Charge
     Beginning chemistry calculation.
     End of Time Step No.   174
     Time ..................................................    34.8     (d)

Beginning time step no.    175
     Beginning flow calculation.
     Beginning solute-transport calculation.
          H
          O
          Substrate
          Charge
     Beginning chemistry calculation.
     End of Time Step No.   175
     Time ..................................................    35.0     (d)

Beginning time step no.    176
     Beginning flow calculation.
     Beginning solute-transport calculation.
          H
          O
          Substrate
          Charge
     Beginning chemistry calculation.
     End of Time Step No.   176
     Time ..................................................    35.2     (d)

Beginning time step no.    177
     Beginning flow calculation.
     Beginning solute-transport calculation.
          H
          O
          Substrate
          Charge
     Beginning chemistry calculation.
     End of Time Step No.   177
     Time ..................................................    35.4     (d)

Beginning time step no.    178
     Beginning flow calculation.
     Beginning solute-transport calculation.
          H
          O
          Substrate
          Charge
     Beginning chemistry calculation.
     End of Time Step No.   178
     Time ..................................................    35.6     (d)

Beginning time step no.    179
     Beginning flow calculation.
     Beginning solute-transport calculation.
          H
          O
          Substrate
          Charge
     Beginning chemistry calculation.
     End of Time Step No.   179
     Time ..................................................    35.8     (d)

Beginning time step no.    180
     Beginning flow calculation.
     Beginning solute-transport calculation.
          H
          O
          Substrate
          Charge
     Beginning chemistry calculation.
     End of Time Step No.   180
     Time ..................................................    36.0     (d)

Beginning time step no.    181
     Beginning flow calculation.
     Beginning solute-transport calculation.
          H
          O
          Substrate
          Charge
     Beginning chemistry calculation.
     End of Time Step No.   181
     Time ..................................................    36.2     (d)

Beginning time step no.    182
     Beginning flow calculation.
     Beginning solute-transport calculation.
          H
          O
          Substrate
          Charge
     Beginning chemistry calculation.
     End of Time Step No.   182
     Time ..................................................    36.4     (d)

Beginning time step no.    183
     Beginning flow calculation.
     Beginning solute-transport calculation.
          H
          O
          Substrate
          Charge
     Beginning chemistry calculation.
     End of Time Step No.   183
     Time ..................................................    36.6     (d)

Beginning time step no.    184
     Beginning flow calculation.
     Beginning solute-transport calculation.
          H
          O
          Substrate
          Charge
     Beginning chemistry calculation.
     End of Time Step No.   184
     Time ..................................................    36.8     (d)

Beginning time step no.    185
     Current time step length ...................................   0.200     (d)
     Beginning flow calculation.
     Beginning solute-transport calculation.
          H
          O
          Substrate
          Charge
     Beginning chemistry calculation.
          Cells processed by root: 41
          Number of root cells with same aqueous model: 41
          Total iterations all root cells: 791
          Number of root cells with zero iterations: 14
          Maximum iterations for single root cell: 305
     End of Time Step No.   185
     Time ..................................................    37.0     (d)
     Maximum change in potentiometric head  -1.1075E-12      (m ) at location (  22.5    ,  1.00    , 0.000    )(m)
     Maximum change in H .................. -3.3851E-13 (mol/kgw) at location (  36.5    ,  1.00    , 0.000    )(m)
     Maximum change in O .................. -8.9219E-06 (mol/kgw) at location (  42.0    ,  1.00    ,  1.00    )(m)
     Maximum change in Substrate ..........  2.0734E-04 (mol/kgw) at location (  37.0    , 0.000    , 0.000    )(m)
     Maximum change in Charge .............  3.5290E-13 (mol/kgw) at location (  37.0    ,  1.00    ,  1.00    )(m)
Done with transient simulation.

                             ***** Simulation Completed *****
     Last time value calculated ......................................  37.00     (d)
     Last time step index ............................................     185
