Running PHASTINPUT.

Processing flow and transport data file.

	TITLE
	        One dimensional unconfined flow with recharge
	        Bear, parabolic analytical solution
	SOLUTE_TRANSPORT  false
	UNITS
	        time           s
	        horizontal     m
	        vertical       m
	        head           m
	        hydraulic_conductivity      m/s
	        specific_storage       1/m
	        flux           m/s
	GRID
	        uniform X 
	                0 400 5
	        uniform Y 
	                0 400 5
	        uniform Z 
	                0 275 2
	        print_orientation XY
	MEDIA
	        zone   0 0 0 400 400 275
	                kx     .011572
	                ky     .0011572
	                kz     115.72
	                porosity       .15
	                storage        8.70340E-10 
	SPECIFIED_HEAD_BC
	        zone   0 0 0 400 0 275
	                head   0   200
	        zone   0 400 0 400 400 275
	                head   0   150
	FLUX_BC
	        zone   0 51 275 400 349 275
	                face Z
	                flux   0	-1.157e-3
	FREE_SURFACE_BC true
	HEAD_IC
	        zone   0 0 0 400 400 275
	                head   200
	SOLUTION_METHOD
	        direct_solver
	        space_differencing  0
	        time_differencing   1
	TIME_CONTROL
	        time_step      0	43200
	        time_change		172800
	PRINT_FREQUENCY
		0
	        hdf_heads       2       step
	        hdf_velocity   2       step
	        xyz_head       4       step
	        xyz_velocity   4       step
	        bc_flow_rates  2       step
	        head           4       step
	        solver_statistics         1       step
	        velocity       4       step
	END

PHASTINPUT done.

Running PHAST.

.        One dimensional unconfined flow with recharge
.        Bear, parabolic analytical solution
Reading static data for flow and transport simulation
A4 array dimension requirement (D4 direct solver)................ NRAL .        0 elements
Primary storage requirement (D4 direct solver)................... NPRIST      361 elements
Overhead storage requirement (D4 direct solver).................. NOHST .     476 elements
                    *** Calculation Information ***

Beginning transient simulation.
Reading transient data for simulation: Set  1
     Time at which next set of transient parameters will be read .......... TIMCHG  1.728E+05  (s)

Beginning time step no.      1
     Current time step length ...................................   4.320E+04 (s)
     Beginning flow calculation.
     Beginning solute-transport calculation.
     End of Time Step No.     1
     Time ..................................................   4.320E+04 (s)
     Maximum change in potentiometric head   6.0042E+01      (m ) at location (  100.    ,  200.    ,  275.    )(m)

Beginning time step no.      2
     Current time step length ...................................   4.320E+04 (s)
     Beginning flow calculation.
     Beginning solute-transport calculation.
     End of Time Step No.     2
     Time ..................................................   8.640E+04 (s)
     Maximum change in potentiometric head   1.0375E+01      (m ) at location (  100.    ,  300.    ,  275.    )(m)

Beginning time step no.      3
     Current time step length ...................................   4.320E+04 (s)
     Beginning flow calculation.
     Beginning solute-transport calculation.
     End of Time Step No.     3
     Time ..................................................   1.296E+05 (s)
     Maximum change in potentiometric head   1.8715E-01      (m ) at location (  200.    ,  300.    ,  275.    )(m)

Beginning time step no.      4
     Current time step length ...................................   4.320E+04 (s)
     Beginning flow calculation.
     Beginning solute-transport calculation.
     End of Time Step No.     4
     Time ..................................................   1.728E+05 (s)
     Maximum change in potentiometric head  -1.3877E-02      (m ) at location (  300.    ,  200.    ,  275.    )(m)
Done with transient simulation.

                             ***** Simulation Completed *****
     Last time value calculated ...................................... 1.7280E+05 (s)
     Last time step index ............................................       4
