Running PHASTINPUT.

Processing flow and transport data file.

	TITLE
	.       Diffusion
	.
	SOLUTE_TRANSPORT true
			 diffusivity 1e-9
	UNITS
	      time		sec
	      horizontal_grid	mm
	      vertical_grid	mm
	      head		mm
	      hydraulic_conductivity meters/seconds
	      specific_storage 1/meters
	      dispersivity	meters
	      flux		mm/s
	      leaky_hydraulic_conductivity meters/seconds
	      leaky_thickness		    meters
	      well_diameter		    in
	      well_flow_rate		    liter/days
	      river_bed_hydraulic_conductivity meters/seconds
	      river_bed_thickness		meters
	GRID
	      uniform   X   0 0.5	501   # 0.001 mm
	      uniform   Y   0 1	2
	      uniform   Z   0 1	2
	      chemistry_dimensions X
	      print_orientation XY
	MEDIA
	      zone 0 0 0 10 10 1
	            kx 1e-10
	            ky 1e-10
	            kz 1e-10
	            porosity 1.0
	            specific_storage 0
	            longitudinal_dispersivity 0
	            horizontal_dispersivity   0
	            vertical_dispersivity     0
		    active 1
	STEADY_FLOW true
	      head_tolerance 1e-10
	      flow_balance_tolerance 0.001e-3
	SOLUTION_METHOD
	      iterative_solver true
	      tolerance 1E-10
	      save_directions 10
	      maximum_iterations 500
	      space_differencing 0.5   # does not matter
	      time_differencing  0.5
	      cross_dispersion	  false
	SPECIFIED_HEAD_BC
	      zone 0 0 0 0 0 1
	            head 
			0 1
		     fixed_solution_composition 
		          0     2
			  0     1
	HEAD_IC
	      zone 0 0 0 10 10 1
	            head 1
	CHEMISTRY_IC
	      zone 0 0 0 10 10 1
	            solution 1
	      zone 0 0 0 0 0 1
	            solution 2
	PRINT_INITIAL
	      boundary_conditions false
	      components false
	      conductance false
	      echo_input false

PHASTINPUT done.

Running PHAST.

Running PHREEQC for initial conditions.

Processing database file.
	SOLUTION_MASTER_SPECIES
	SOLUTION_SPECIES
	PHASES
	EXCHANGE_MASTER_SPECIES
	EXCHANGE_SPECIES
	SURFACE_MASTER_SPECIES
	SURFACE_SPECIES
	RATES
	END

Processing chemical data file.
	SOLUTION 1 
	SOLUTION 2
	PRINT
PHREEQC done.
..       Diffusion
..
Reading static data for flow and transport simulation
A4 array dimension requirement (D4ZGCG iterative solver)......... NRAL .        0 elements
Primary storage requirement (D4ZGCG iterative solver)............ NPRIST    19038 elements
Overhead storage requirement (D4ZGCG iterative solver)........... NOHST .  104702 elements

Beginning flow calculation for steady-state i.c.
Reading transient data for simulation: Set  1
Automatic Time Step Control Parameters for Steady Flow
Maximum pressure change allowed per time step.................... DPTAS     2.9      (Pa )
Minimum time step required ...................................... DTIMMN   1.00E-05  (s  )
Maximum time step allowed ....................................... DTIMMX    10.    (s  )

Beginning steady state time step no.      1
     Maximum change in potentiometric head ..    0.0000E+00     (m) at location ( 5.000E-04, 1.000E-03, 1.000E-03)(m)
     Fractional flow residual ...............    0.0000E+00

Done with steady-state flow.
Equilibration of cells for initial conditions.
     Time at which next set of transient parameters will be read .......... TIMCHG   1.00      (s)

Beginning transient simulation.

Beginning time step no.      1
     Beginning solute-transport calculation.
          H
          O
          Cl
          Na
          Charge
     Beginning chemistry calculation.
     End of Time Step No.     1
     Time ..................................................   1.000E-02 (s)

Beginning time step no.      2
     Beginning solute-transport calculation.
          H
          O
          Cl
          Na
          Charge
     Beginning chemistry calculation.
     End of Time Step No.     2
     Time ..................................................   2.000E-02 (s)

Beginning time step no.      3
     Beginning solute-transport calculation.
          H
          O
          Cl
          Na
          Charge
     Beginning chemistry calculation.
     End of Time Step No.     3
     Time ..................................................   3.000E-02 (s)

Beginning time step no.      4
     Beginning solute-transport calculation.
          H
          O
          Cl
          Na
          Charge
     Beginning chemistry calculation.
     End of Time Step No.     4
     Time ..................................................   4.000E-02 (s)

Beginning time step no.      5
     Beginning solute-transport calculation.
          H
          O
          Cl
          Na
          Charge
     Beginning chemistry calculation.
     End of Time Step No.     5
     Time ..................................................   5.000E-02 (s)

Beginning time step no.      6
     Beginning solute-transport calculation.
          H
          O
          Cl
          Na
          Charge
     Beginning chemistry calculation.
     End of Time Step No.     6
     Time ..................................................   6.000E-02 (s)

Beginning time step no.      7
     Beginning solute-transport calculation.
          H
          O
          Cl
          Na
          Charge
     Beginning chemistry calculation.
     End of Time Step No.     7
     Time ..................................................   7.000E-02 (s)

Beginning time step no.      8
     Beginning solute-transport calculation.
          H
          O
          Cl
          Na
          Charge
     Beginning chemistry calculation.
     End of Time Step No.     8
     Time ..................................................   8.000E-02 (s)

Beginning time step no.      9
     Beginning solute-transport calculation.
          H
          O
          Cl
          Na
          Charge
     Beginning chemistry calculation.
     End of Time Step No.     9
     Time ..................................................   9.000E-02 (s)

Beginning time step no.     10
     Beginning solute-transport calculation.
          H
          O
          Cl
          Na
          Charge
     Beginning chemistry calculation.
     End of Time Step No.    10
     Time ..................................................   0.100     (s)

Beginning time step no.     11
     Beginning solute-transport calculation.
          H
          O
          Cl
          Na
          Charge
     Beginning chemistry calculation.
     End of Time Step No.    11
     Time ..................................................   0.110     (s)

Beginning time step no.     12
     Beginning solute-transport calculation.
          H
          O
          Cl
          Na
          Charge
     Beginning chemistry calculation.
     End of Time Step No.    12
     Time ..................................................   0.120     (s)

Beginning time step no.     13
     Beginning solute-transport calculation.
          H
          O
          Cl
          Na
          Charge
     Beginning chemistry calculation.
     End of Time Step No.    13
     Time ..................................................   0.130     (s)

Beginning time step no.     14
     Beginning solute-transport calculation.
          H
          O
          Cl
          Na
          Charge
     Beginning chemistry calculation.
     End of Time Step No.    14
     Time ..................................................   0.140     (s)

Beginning time step no.     15
     Beginning solute-transport calculation.
          H
          O
          Cl
          Na
          Charge
     Beginning chemistry calculation.
     End of Time Step No.    15
     Time ..................................................   0.150     (s)

Beginning time step no.     16
     Beginning solute-transport calculation.
          H
          O
          Cl
          Na
          Charge
     Beginning chemistry calculation.
     End of Time Step No.    16
     Time ..................................................   0.160     (s)

Beginning time step no.     17
     Beginning solute-transport calculation.
          H
          O
          Cl
          Na
          Charge
     Beginning chemistry calculation.
     End of Time Step No.    17
     Time ..................................................   0.170     (s)

Beginning time step no.     18
     Beginning solute-transport calculation.
          H
          O
          Cl
          Na
          Charge
     Beginning chemistry calculation.
     End of Time Step No.    18
     Time ..................................................   0.180     (s)

Beginning time step no.     19
     Beginning solute-transport calculation.
          H
          O
          Cl
          Na
          Charge
     Beginning chemistry calculation.
     End of Time Step No.    19
     Time ..................................................   0.190     (s)

Beginning time step no.     20
     Beginning solute-transport calculation.
          H
          O
          Cl
          Na
          Charge
     Beginning chemistry calculation.
     End of Time Step No.    20
     Time ..................................................   0.200     (s)

Beginning time step no.     21
     Beginning solute-transport calculation.
          H
          O
          Cl
          Na
          Charge
     Beginning chemistry calculation.
     End of Time Step No.    21
     Time ..................................................   0.210     (s)

Beginning time step no.     22
     Beginning solute-transport calculation.
          H
          O
          Cl
          Na
          Charge
     Beginning chemistry calculation.
     End of Time Step No.    22
     Time ..................................................   0.220     (s)

Beginning time step no.     23
     Beginning solute-transport calculation.
          H
          O
          Cl
          Na
          Charge
     Beginning chemistry calculation.
     End of Time Step No.    23
     Time ..................................................   0.230     (s)

Beginning time step no.     24
     Beginning solute-transport calculation.
          H
          O
          Cl
          Na
          Charge
     Beginning chemistry calculation.
     End of Time Step No.    24
     Time ..................................................   0.240     (s)

Beginning time step no.     25
     Beginning solute-transport calculation.
          H
          O
          Cl
          Na
          Charge
     Beginning chemistry calculation.
     End of Time Step No.    25
     Time ..................................................   0.250     (s)

Beginning time step no.     26
     Beginning solute-transport calculation.
          H
          O
          Cl
          Na
          Charge
     Beginning chemistry calculation.
     End of Time Step No.    26
     Time ..................................................   0.260     (s)

Beginning time step no.     27
     Beginning solute-transport calculation.
          H
          O
          Cl
          Na
          Charge
     Beginning chemistry calculation.
     End of Time Step No.    27
     Time ..................................................   0.270     (s)

Beginning time step no.     28
     Beginning solute-transport calculation.
          H
          O
          Cl
          Na
          Charge
     Beginning chemistry calculation.
     End of Time Step No.    28
     Time ..................................................   0.280     (s)

Beginning time step no.     29
     Beginning solute-transport calculation.
          H
          O
          Cl
          Na
          Charge
     Beginning chemistry calculation.
     End of Time Step No.    29
     Time ..................................................   0.290     (s)

Beginning time step no.     30
     Beginning solute-transport calculation.
          H
          O
          Cl
          Na
          Charge
     Beginning chemistry calculation.
     End of Time Step No.    30
     Time ..................................................   0.300     (s)

Beginning time step no.     31
     Beginning solute-transport calculation.
          H
          O
          Cl
          Na
          Charge
     Beginning chemistry calculation.
     End of Time Step No.    31
     Time ..................................................   0.310     (s)

Beginning time step no.     32
     Beginning solute-transport calculation.
          H
          O
          Cl
          Na
          Charge
     Beginning chemistry calculation.
     End of Time Step No.    32
     Time ..................................................   0.320     (s)

Beginning time step no.     33
     Beginning solute-transport calculation.
          H
          O
          Cl
          Na
          Charge
     Beginning chemistry calculation.
     End of Time Step No.    33
     Time ..................................................   0.330     (s)

Beginning time step no.     34
     Beginning solute-transport calculation.
          H
          O
          Cl
          Na
          Charge
     Beginning chemistry calculation.
     End of Time Step No.    34
     Time ..................................................   0.340     (s)

Beginning time step no.     35
     Beginning solute-transport calculation.
          H
          O
          Cl
          Na
          Charge
     Beginning chemistry calculation.
     End of Time Step No.    35
     Time ..................................................   0.350     (s)

Beginning time step no.     36
     Beginning solute-transport calculation.
          H
          O
          Cl
          Na
          Charge
     Beginning chemistry calculation.
     End of Time Step No.    36
     Time ..................................................   0.360     (s)

Beginning time step no.     37
     Beginning solute-transport calculation.
          H
          O
          Cl
          Na
          Charge
     Beginning chemistry calculation.
     End of Time Step No.    37
     Time ..................................................   0.370     (s)

Beginning time step no.     38
     Beginning solute-transport calculation.
          H
          O
          Cl
          Na
          Charge
     Beginning chemistry calculation.
     End of Time Step No.    38
     Time ..................................................   0.380     (s)

Beginning time step no.     39
     Beginning solute-transport calculation.
          H
          O
          Cl
          Na
          Charge
     Beginning chemistry calculation.
     End of Time Step No.    39
     Time ..................................................   0.390     (s)

Beginning time step no.     40
     Beginning solute-transport calculation.
          H
          O
          Cl
          Na
          Charge
     Beginning chemistry calculation.
     End of Time Step No.    40
     Time ..................................................   0.400     (s)

Beginning time step no.     41
     Beginning solute-transport calculation.
          H
          O
          Cl
          Na
          Charge
     Beginning chemistry calculation.
     End of Time Step No.    41
     Time ..................................................   0.410     (s)

Beginning time step no.     42
     Beginning solute-transport calculation.
          H
          O
          Cl
          Na
          Charge
     Beginning chemistry calculation.
     End of Time Step No.    42
     Time ..................................................   0.420     (s)

Beginning time step no.     43
     Beginning solute-transport calculation.
          H
          O
          Cl
          Na
          Charge
     Beginning chemistry calculation.
     End of Time Step No.    43
     Time ..................................................   0.430     (s)

Beginning time step no.     44
     Beginning solute-transport calculation.
          H
          O
          Cl
          Na
          Charge
     Beginning chemistry calculation.
     End of Time Step No.    44
     Time ..................................................   0.440     (s)

Beginning time step no.     45
     Beginning solute-transport calculation.
          H
          O
          Cl
          Na
          Charge
     Beginning chemistry calculation.
     End of Time Step No.    45
     Time ..................................................   0.450     (s)

Beginning time step no.     46
     Beginning solute-transport calculation.
          H
          O
          Cl
          Na
          Charge
     Beginning chemistry calculation.
     End of Time Step No.    46
     Time ..................................................   0.460     (s)

Beginning time step no.     47
     Beginning solute-transport calculation.
          H
          O
          Cl
          Na
          Charge
     Beginning chemistry calculation.
     End of Time Step No.    47
     Time ..................................................   0.470     (s)

Beginning time step no.     48
     Beginning solute-transport calculation.
          H
          O
          Cl
          Na
          Charge
     Beginning chemistry calculation.
     End of Time Step No.    48
     Time ..................................................   0.480     (s)

Beginning time step no.     49
     Beginning solute-transport calculation.
          H
          O
          Cl
          Na
          Charge
     Beginning chemistry calculation.
     End of Time Step No.    49
     Time ..................................................   0.490     (s)

Beginning time step no.     50
     Beginning solute-transport calculation.
          H
          O
          Cl
          Na
          Charge
     Beginning chemistry calculation.
     End of Time Step No.    50
     Time ..................................................   0.500     (s)

Beginning time step no.     51
     Beginning solute-transport calculation.
          H
          O
          Cl
          Na
          Charge
     Beginning chemistry calculation.
     End of Time Step No.    51
     Time ..................................................   0.510     (s)

Beginning time step no.     52
     Beginning solute-transport calculation.
          H
          O
          Cl
          Na
          Charge
     Beginning chemistry calculation.
     End of Time Step No.    52
     Time ..................................................   0.520     (s)

Beginning time step no.     53
     Beginning solute-transport calculation.
          H
          O
          Cl
          Na
          Charge
     Beginning chemistry calculation.
     End of Time Step No.    53
     Time ..................................................   0.530     (s)

Beginning time step no.     54
     Beginning solute-transport calculation.
          H
          O
          Cl
          Na
          Charge
     Beginning chemistry calculation.
     End of Time Step No.    54
     Time ..................................................   0.540     (s)

Beginning time step no.     55
     Beginning solute-transport calculation.
          H
          O
          Cl
          Na
          Charge
     Beginning chemistry calculation.
     End of Time Step No.    55
     Time ..................................................   0.550     (s)

Beginning time step no.     56
     Beginning solute-transport calculation.
          H
          O
          Cl
          Na
          Charge
     Beginning chemistry calculation.
     End of Time Step No.    56
     Time ..................................................   0.560     (s)

Beginning time step no.     57
     Beginning solute-transport calculation.
          H
          O
          Cl
          Na
          Charge
     Beginning chemistry calculation.
     End of Time Step No.    57
     Time ..................................................   0.570     (s)

Beginning time step no.     58
     Beginning solute-transport calculation.
          H
          O
          Cl
          Na
          Charge
     Beginning chemistry calculation.
     End of Time Step No.    58
     Time ..................................................   0.580     (s)

Beginning time step no.     59
     Beginning solute-transport calculation.
          H
          O
          Cl
          Na
          Charge
     Beginning chemistry calculation.
     End of Time Step No.    59
     Time ..................................................   0.590     (s)

Beginning time step no.     60
     Beginning solute-transport calculation.
          H
          O
          Cl
          Na
          Charge
     Beginning chemistry calculation.
     End of Time Step No.    60
     Time ..................................................   0.600     (s)

Beginning time step no.     61
     Beginning solute-transport calculation.
          H
          O
          Cl
          Na
          Charge
     Beginning chemistry calculation.
     End of Time Step No.    61
     Time ..................................................   0.610     (s)

Beginning time step no.     62
     Beginning solute-transport calculation.
          H
          O
          Cl
          Na
          Charge
     Beginning chemistry calculation.
     End of Time Step No.    62
     Time ..................................................   0.620     (s)

Beginning time step no.     63
     Beginning solute-transport calculation.
          H
          O
          Cl
          Na
          Charge
     Beginning chemistry calculation.
     End of Time Step No.    63
     Time ..................................................   0.630     (s)

Beginning time step no.     64
     Beginning solute-transport calculation.
          H
          O
          Cl
          Na
          Charge
     Beginning chemistry calculation.
     End of Time Step No.    64
     Time ..................................................   0.640     (s)

Beginning time step no.     65
     Beginning solute-transport calculation.
          H
          O
          Cl
          Na
          Charge
     Beginning chemistry calculation.
     End of Time Step No.    65
     Time ..................................................   0.650     (s)

Beginning time step no.     66
     Beginning solute-transport calculation.
          H
          O
          Cl
          Na
          Charge
     Beginning chemistry calculation.
     End of Time Step No.    66
     Time ..................................................   0.660     (s)

Beginning time step no.     67
     Beginning solute-transport calculation.
          H
          O
          Cl
          Na
          Charge
     Beginning chemistry calculation.
     End of Time Step No.    67
     Time ..................................................   0.670     (s)

Beginning time step no.     68
     Beginning solute-transport calculation.
          H
          O
          Cl
          Na
          Charge
     Beginning chemistry calculation.
     End of Time Step No.    68
     Time ..................................................   0.680     (s)

Beginning time step no.     69
     Beginning solute-transport calculation.
          H
          O
          Cl
          Na
          Charge
     Beginning chemistry calculation.
     End of Time Step No.    69
     Time ..................................................   0.690     (s)

Beginning time step no.     70
     Beginning solute-transport calculation.
          H
          O
          Cl
          Na
          Charge
     Beginning chemistry calculation.
     End of Time Step No.    70
     Time ..................................................   0.700     (s)

Beginning time step no.     71
     Beginning solute-transport calculation.
          H
          O
          Cl
          Na
          Charge
     Beginning chemistry calculation.
     End of Time Step No.    71
     Time ..................................................   0.710     (s)

Beginning time step no.     72
     Beginning solute-transport calculation.
          H
          O
          Cl
          Na
          Charge
     Beginning chemistry calculation.
     End of Time Step No.    72
     Time ..................................................   0.720     (s)

Beginning time step no.     73
     Beginning solute-transport calculation.
          H
          O
          Cl
          Na
          Charge
     Beginning chemistry calculation.
     End of Time Step No.    73
     Time ..................................................   0.730     (s)

Beginning time step no.     74
     Beginning solute-transport calculation.
          H
          O
          Cl
          Na
          Charge
     Beginning chemistry calculation.
     End of Time Step No.    74
     Time ..................................................   0.740     (s)

Beginning time step no.     75
     Beginning solute-transport calculation.
          H
          O
          Cl
          Na
          Charge
     Beginning chemistry calculation.
     End of Time Step No.    75
     Time ..................................................   0.750     (s)

Beginning time step no.     76
     Beginning solute-transport calculation.
          H
          O
          Cl
          Na
          Charge
     Beginning chemistry calculation.
     End of Time Step No.    76
     Time ..................................................   0.760     (s)

Beginning time step no.     77
     Beginning solute-transport calculation.
          H
          O
          Cl
          Na
          Charge
     Beginning chemistry calculation.
     End of Time Step No.    77
     Time ..................................................   0.770     (s)

Beginning time step no.     78
     Beginning solute-transport calculation.
          H
          O
          Cl
          Na
          Charge
     Beginning chemistry calculation.
     End of Time Step No.    78
     Time ..................................................   0.780     (s)

Beginning time step no.     79
     Beginning solute-transport calculation.
          H
          O
          Cl
          Na
          Charge
     Beginning chemistry calculation.
     End of Time Step No.    79
     Time ..................................................   0.790     (s)

Beginning time step no.     80
     Beginning solute-transport calculation.
          H
          O
          Cl
          Na
          Charge
     Beginning chemistry calculation.
     End of Time Step No.    80
     Time ..................................................   0.800     (s)

Beginning time step no.     81
     Beginning solute-transport calculation.
          H
          O
          Cl
          Na
          Charge
     Beginning chemistry calculation.
     End of Time Step No.    81
     Time ..................................................   0.810     (s)

Beginning time step no.     82
     Beginning solute-transport calculation.
          H
          O
          Cl
          Na
          Charge
     Beginning chemistry calculation.
     End of Time Step No.    82
     Time ..................................................   0.820     (s)

Beginning time step no.     83
     Beginning solute-transport calculation.
          H
          O
          Cl
          Na
          Charge
     Beginning chemistry calculation.
     End of Time Step No.    83
     Time ..................................................   0.830     (s)

Beginning time step no.     84
     Beginning solute-transport calculation.
          H
          O
          Cl
          Na
          Charge
     Beginning chemistry calculation.
     End of Time Step No.    84
     Time ..................................................   0.840     (s)

Beginning time step no.     85
     Beginning solute-transport calculation.
          H
          O
          Cl
          Na
          Charge
     Beginning chemistry calculation.
     End of Time Step No.    85
     Time ..................................................   0.850     (s)

Beginning time step no.     86
     Beginning solute-transport calculation.
          H
          O
          Cl
          Na
          Charge
     Beginning chemistry calculation.
     End of Time Step No.    86
     Time ..................................................   0.860     (s)

Beginning time step no.     87
     Beginning solute-transport calculation.
          H
          O
          Cl
          Na
          Charge
     Beginning chemistry calculation.
     End of Time Step No.    87
     Time ..................................................   0.870     (s)

Beginning time step no.     88
     Beginning solute-transport calculation.
          H
          O
          Cl
          Na
          Charge
     Beginning chemistry calculation.
     End of Time Step No.    88
     Time ..................................................   0.880     (s)

Beginning time step no.     89
     Beginning solute-transport calculation.
          H
          O
          Cl
          Na
          Charge
     Beginning chemistry calculation.
     End of Time Step No.    89
     Time ..................................................   0.890     (s)

Beginning time step no.     90
     Beginning solute-transport calculation.
          H
          O
          Cl
          Na
          Charge
     Beginning chemistry calculation.
     End of Time Step No.    90
     Time ..................................................   0.900     (s)

Beginning time step no.     91
     Beginning solute-transport calculation.
          H
          O
          Cl
          Na
          Charge
     Beginning chemistry calculation.
     End of Time Step No.    91
     Time ..................................................   0.910     (s)

Beginning time step no.     92
     Beginning solute-transport calculation.
          H
          O
          Cl
          Na
          Charge
     Beginning chemistry calculation.
     End of Time Step No.    92
     Time ..................................................   0.920     (s)

Beginning time step no.     93
     Beginning solute-transport calculation.
          H
          O
          Cl
          Na
          Charge
     Beginning chemistry calculation.
     End of Time Step No.    93
     Time ..................................................   0.930     (s)

Beginning time step no.     94
     Beginning solute-transport calculation.
          H
          O
          Cl
          Na
          Charge
     Beginning chemistry calculation.
     End of Time Step No.    94
     Time ..................................................   0.940     (s)

Beginning time step no.     95
     Beginning solute-transport calculation.
          H
          O
          Cl
          Na
          Charge
     Beginning chemistry calculation.
     End of Time Step No.    95
     Time ..................................................   0.950     (s)

Beginning time step no.     96
     Beginning solute-transport calculation.
          H
          O
          Cl
          Na
          Charge
     Beginning chemistry calculation.
     End of Time Step No.    96
     Time ..................................................   0.960     (s)

Beginning time step no.     97
     Beginning solute-transport calculation.
          H
          O
          Cl
          Na
          Charge
     Beginning chemistry calculation.
     End of Time Step No.    97
     Time ..................................................   0.970     (s)

Beginning time step no.     98
     Beginning solute-transport calculation.
          H
          O
          Cl
          Na
          Charge
     Beginning chemistry calculation.
     End of Time Step No.    98
     Time ..................................................   0.980     (s)

Beginning time step no.     99
     Beginning solute-transport calculation.
          H
          O
          Cl
          Na
          Charge
     Beginning chemistry calculation.
     End of Time Step No.    99
     Time ..................................................   0.990     (s)

Beginning time step no.    100
     Beginning solute-transport calculation.
          H
          O
          Cl
          Na
          Charge
     Beginning chemistry calculation.
     End of Time Step No.   100
     Time ..................................................    1.00     (s)
Done with transient simulation.

                             ***** Simulation Completed *****
     Last time value calculated ......................................  1.000     (s)
     Last time step index ............................................     100
