Running PHASTINPUT.

Processing flow and transport data file.

	TITLE
	.       Example 1.--Pulse of solute undergoing sorption and decay
	.       Analytical solution from Quantitative Hydrogeology, de Marsily
	SOLUTE_TRANSPORT                           true
	STEADY_FLOW                                true
	UNITS
	        time                               sec
	        horizontal                          cm
	        vertical                            cm
	        head                                cm
	        hydraulic_conductivity                    cm/s            
	        specific_storage                  1/cm
	        dispersivity                        cm
	GRID
	        uniform X  0 12                     61
	        uniform Y  0  1                      2
	        uniform Z  0  1                      2
	        chemistry_dimensions                 X
	        print_orientation                   XY
	MEDIA
	        zone   0 0 0 12 1 1
	                kx                        0.12
	                ky                        0.12
	                kz                        0.12
	                porosity                   0.1
	                storage                      0
	                longitudinal_dispersivity  0.1
	                horizontal_dispersivity    0.1
	                vertical_dispersivity      0.1
	FREE_SURFACE_BC false
	SPECIFIED_HEAD_BC
	        zone   0 0 0 0 1 1
	                head                         0         1
	                associated_solution_composition          0         2
	                                             60         1
	        zone   12 0 0 12 1 1
	                head                         0       0.0
	                associated_solution_composition                   0         1
	HEAD_IC
	        zone   0 0 0 12 1 1
	                head   X 1.0 0.0 0.0 12.0
	CHEMISTRY_IC
	        zone   0 0 0 12 1 1
	                solution                     1
	                surface                      1
	                kinetics                     1
	SOLUTION_METHOD
	        direct_solver
	        space_differencing                              0.5
	        time_differencing                               0.5
	TIME_CONTROL
	        time_step                            0       0.4 sec
	        time_end                           120 sec
	PRINT_FREQUENCY
	        0
	        hdf_chemistry                       10 sec
	        xyz_chemistry                        0 sec
	        60
	        velocity                            60 sec
	        xyz_chemistry                       60 sec
	        force_chemistry_print               60 sec
	END             

PHASTINPUT done.

Running PHAST.

Running PHREEQC for initial conditions.

Processing database file.
	SOLUTION_MASTER_SPECIES
	SOLUTION_SPECIES
	PHASES
	EXCHANGE_MASTER_SPECIES
	EXCHANGE_SPECIES
	SURFACE_MASTER_SPECIES
	SURFACE_SPECIES
	RATES
	END

Processing chemical data file.
	TITLE
	.       Example 1.--Pulse of solute undergoing sorption and decay
	.       Analytical solution from Quantitative Hydrogeology, de Marsily
	SOLUTION_MASTER_SPECIES
	        A       A       0       A       1
	SOLUTION_SPECIES
	SURFACE_MASTER_SPECIES
	        Surf    Surf
	SURFACE_SPECIES
	SOLUTION 1
	END
	SOLUTION 2
	END
	SURFACE 1
	END
	KINETICS 1
	RATES
	END
	SELECTED_OUTPUT
	USER_PUNCH
	END
PHREEQC done.
..       Example 1.--Pulse of solute undergoing sorption and decay
..       Analytical solution from Quantitative Hydrogeology, de Marsily
Reading static data for flow and transport simulation
A4 array dimension requirement (D4 direct solver)................ NRAL .        0 elements
Primary storage requirement (D4 direct solver)................... NPRIST     1080 elements
Overhead storage requirement (D4 direct solver).................. NOHST .    2319 elements
                    *** Calculation Information ***

Beginning flow calculation for steady-state i.c.
Reading transient data for simulation: Set  1
Automatic Time Step Control Parameters for Steady Flow
Maximum pressure change allowed per time step.................... DPTAS     29.      (Pa )
Minimum time step required ...................................... DTIMMN   4.00E-04  (s  )
Maximum time step allowed ....................................... DTIMMX   4.00E+02(s  )

Beginning steady state time step no.      1
     Maximum change in potentiometric head ..    3.4169E-16     (m) at location ( 2.600E-02, 0.000    , 0.000    )(m)
     Fractional flow residual ...............   -3.3881E-16

Done with steady-state flow.
Equilibration of cells for initial conditions.
     Time at which next set of transient parameters will be read .......... TIMCHG   60.0      (s)

Beginning transient simulation.

Beginning time step no.      1
     Beginning solute-transport calculation.
          H
          O
          A
          Charge
     Beginning chemistry calculation.
     End of Time Step No.     1
     Time ..................................................   0.400     (s)

Beginning time step no.      2
     Beginning solute-transport calculation.
          H
          O
          A
          Charge
     Beginning chemistry calculation.
     End of Time Step No.     2
     Time ..................................................   0.800     (s)

Beginning time step no.      3
     Beginning solute-transport calculation.
          H
          O
          A
          Charge
     Beginning chemistry calculation.
     End of Time Step No.     3
     Time ..................................................    1.20     (s)

Beginning time step no.      4
     Beginning solute-transport calculation.
          H
          O
          A
          Charge
     Beginning chemistry calculation.
     End of Time Step No.     4
     Time ..................................................    1.60     (s)

Beginning time step no.      5
     Beginning solute-transport calculation.
          H
          O
          A
          Charge
     Beginning chemistry calculation.
     End of Time Step No.     5
     Time ..................................................    2.00     (s)

Beginning time step no.      6
     Beginning solute-transport calculation.
          H
          O
          A
          Charge
     Beginning chemistry calculation.
     End of Time Step No.     6
     Time ..................................................    2.40     (s)

Beginning time step no.      7
     Beginning solute-transport calculation.
          H
          O
          A
          Charge
     Beginning chemistry calculation.
     End of Time Step No.     7
     Time ..................................................    2.80     (s)

Beginning time step no.      8
     Beginning solute-transport calculation.
          H
          O
          A
          Charge
     Beginning chemistry calculation.
     End of Time Step No.     8
     Time ..................................................    3.20     (s)

Beginning time step no.      9
     Beginning solute-transport calculation.
          H
          O
          A
          Charge
     Beginning chemistry calculation.
     End of Time Step No.     9
     Time ..................................................    3.60     (s)

Beginning time step no.     10
     Beginning solute-transport calculation.
          H
          O
          A
          Charge
     Beginning chemistry calculation.
     End of Time Step No.    10
     Time ..................................................    4.00     (s)

Beginning time step no.     11
     Beginning solute-transport calculation.
          H
          O
          A
          Charge
     Beginning chemistry calculation.
     End of Time Step No.    11
     Time ..................................................    4.40     (s)

Beginning time step no.     12
     Beginning solute-transport calculation.
          H
          O
          A
          Charge
     Beginning chemistry calculation.
     End of Time Step No.    12
     Time ..................................................    4.80     (s)

Beginning time step no.     13
     Beginning solute-transport calculation.
          H
          O
          A
          Charge
     Beginning chemistry calculation.
     End of Time Step No.    13
     Time ..................................................    5.20     (s)

Beginning time step no.     14
     Beginning solute-transport calculation.
          H
          O
          A
          Charge
     Beginning chemistry calculation.
     End of Time Step No.    14
     Time ..................................................    5.60     (s)

Beginning time step no.     15
     Beginning solute-transport calculation.
          H
          O
          A
          Charge
     Beginning chemistry calculation.
     End of Time Step No.    15
     Time ..................................................    6.00     (s)

Beginning time step no.     16
     Beginning solute-transport calculation.
          H
          O
          A
          Charge
     Beginning chemistry calculation.
     End of Time Step No.    16
     Time ..................................................    6.40     (s)

Beginning time step no.     17
     Beginning solute-transport calculation.
          H
          O
          A
          Charge
     Beginning chemistry calculation.
     End of Time Step No.    17
     Time ..................................................    6.80     (s)

Beginning time step no.     18
     Beginning solute-transport calculation.
          H
          O
          A
          Charge
     Beginning chemistry calculation.
     End of Time Step No.    18
     Time ..................................................    7.20     (s)

Beginning time step no.     19
     Beginning solute-transport calculation.
          H
          O
          A
          Charge
     Beginning chemistry calculation.
     End of Time Step No.    19
     Time ..................................................    7.60     (s)

Beginning time step no.     20
     Beginning solute-transport calculation.
          H
          O
          A
          Charge
     Beginning chemistry calculation.
     End of Time Step No.    20
     Time ..................................................    8.00     (s)

Beginning time step no.     21
     Beginning solute-transport calculation.
          H
          O
          A
          Charge
     Beginning chemistry calculation.
     End of Time Step No.    21
     Time ..................................................    8.40     (s)

Beginning time step no.     22
     Beginning solute-transport calculation.
          H
          O
          A
          Charge
     Beginning chemistry calculation.
     End of Time Step No.    22
     Time ..................................................    8.80     (s)

Beginning time step no.     23
     Beginning solute-transport calculation.
          H
          O
          A
          Charge
     Beginning chemistry calculation.
     End of Time Step No.    23
     Time ..................................................    9.20     (s)

Beginning time step no.     24
     Beginning solute-transport calculation.
          H
          O
          A
          Charge
     Beginning chemistry calculation.
     End of Time Step No.    24
     Time ..................................................    9.60     (s)

Beginning time step no.     25
     Beginning solute-transport calculation.
          H
          O
          A
          Charge
     Beginning chemistry calculation.
     End of Time Step No.    25
     Time ..................................................    10.0     (s)

Beginning time step no.     26
     Beginning solute-transport calculation.
          H
          O
          A
          Charge
     Beginning chemistry calculation.
     End of Time Step No.    26
     Time ..................................................    10.4     (s)

Beginning time step no.     27
     Beginning solute-transport calculation.
          H
          O
          A
          Charge
     Beginning chemistry calculation.
     End of Time Step No.    27
     Time ..................................................    10.8     (s)

Beginning time step no.     28
     Beginning solute-transport calculation.
          H
          O
          A
          Charge
     Beginning chemistry calculation.
     End of Time Step No.    28
     Time ..................................................    11.2     (s)

Beginning time step no.     29
     Beginning solute-transport calculation.
          H
          O
          A
          Charge
     Beginning chemistry calculation.
     End of Time Step No.    29
     Time ..................................................    11.6     (s)

Beginning time step no.     30
     Beginning solute-transport calculation.
          H
          O
          A
          Charge
     Beginning chemistry calculation.
     End of Time Step No.    30
     Time ..................................................    12.0     (s)

Beginning time step no.     31
     Beginning solute-transport calculation.
          H
          O
          A
          Charge
     Beginning chemistry calculation.
     End of Time Step No.    31
     Time ..................................................    12.4     (s)

Beginning time step no.     32
     Beginning solute-transport calculation.
          H
          O
          A
          Charge
     Beginning chemistry calculation.
     End of Time Step No.    32
     Time ..................................................    12.8     (s)

Beginning time step no.     33
     Beginning solute-transport calculation.
          H
          O
          A
          Charge
     Beginning chemistry calculation.
     End of Time Step No.    33
     Time ..................................................    13.2     (s)

Beginning time step no.     34
     Beginning solute-transport calculation.
          H
          O
          A
          Charge
     Beginning chemistry calculation.
     End of Time Step No.    34
     Time ..................................................    13.6     (s)

Beginning time step no.     35
     Beginning solute-transport calculation.
          H
          O
          A
          Charge
     Beginning chemistry calculation.
     End of Time Step No.    35
     Time ..................................................    14.0     (s)

Beginning time step no.     36
     Beginning solute-transport calculation.
          H
          O
          A
          Charge
     Beginning chemistry calculation.
     End of Time Step No.    36
     Time ..................................................    14.4     (s)

Beginning time step no.     37
     Beginning solute-transport calculation.
          H
          O
          A
          Charge
     Beginning chemistry calculation.
     End of Time Step No.    37
     Time ..................................................    14.8     (s)

Beginning time step no.     38
     Beginning solute-transport calculation.
          H
          O
          A
          Charge
     Beginning chemistry calculation.
     End of Time Step No.    38
     Time ..................................................    15.2     (s)

Beginning time step no.     39
     Beginning solute-transport calculation.
          H
          O
          A
          Charge
     Beginning chemistry calculation.
     End of Time Step No.    39
     Time ..................................................    15.6     (s)

Beginning time step no.     40
     Beginning solute-transport calculation.
          H
          O
          A
          Charge
     Beginning chemistry calculation.
     End of Time Step No.    40
     Time ..................................................    16.0     (s)

Beginning time step no.     41
     Beginning solute-transport calculation.
          H
          O
          A
          Charge
     Beginning chemistry calculation.
     End of Time Step No.    41
     Time ..................................................    16.4     (s)

Beginning time step no.     42
     Beginning solute-transport calculation.
          H
          O
          A
          Charge
     Beginning chemistry calculation.
     End of Time Step No.    42
     Time ..................................................    16.8     (s)

Beginning time step no.     43
     Beginning solute-transport calculation.
          H
          O
          A
          Charge
     Beginning chemistry calculation.
     End of Time Step No.    43
     Time ..................................................    17.2     (s)

Beginning time step no.     44
     Beginning solute-transport calculation.
          H
          O
          A
          Charge
     Beginning chemistry calculation.
     End of Time Step No.    44
     Time ..................................................    17.6     (s)

Beginning time step no.     45
     Beginning solute-transport calculation.
          H
          O
          A
          Charge
     Beginning chemistry calculation.
     End of Time Step No.    45
     Time ..................................................    18.0     (s)

Beginning time step no.     46
     Beginning solute-transport calculation.
          H
          O
          A
          Charge
     Beginning chemistry calculation.
     End of Time Step No.    46
     Time ..................................................    18.4     (s)

Beginning time step no.     47
     Beginning solute-transport calculation.
          H
          O
          A
          Charge
     Beginning chemistry calculation.
     End of Time Step No.    47
     Time ..................................................    18.8     (s)

Beginning time step no.     48
     Beginning solute-transport calculation.
          H
          O
          A
          Charge
     Beginning chemistry calculation.
     End of Time Step No.    48
     Time ..................................................    19.2     (s)

Beginning time step no.     49
     Beginning solute-transport calculation.
          H
          O
          A
          Charge
     Beginning chemistry calculation.
     End of Time Step No.    49
     Time ..................................................    19.6     (s)

Beginning time step no.     50
     Beginning solute-transport calculation.
          H
          O
          A
          Charge
     Beginning chemistry calculation.
     End of Time Step No.    50
     Time ..................................................    20.0     (s)

Beginning time step no.     51
     Beginning solute-transport calculation.
          H
          O
          A
          Charge
     Beginning chemistry calculation.
     End of Time Step No.    51
     Time ..................................................    20.4     (s)

Beginning time step no.     52
     Beginning solute-transport calculation.
          H
          O
          A
          Charge
     Beginning chemistry calculation.
     End of Time Step No.    52
     Time ..................................................    20.8     (s)

Beginning time step no.     53
     Beginning solute-transport calculation.
          H
          O
          A
          Charge
     Beginning chemistry calculation.
     End of Time Step No.    53
     Time ..................................................    21.2     (s)

Beginning time step no.     54
     Beginning solute-transport calculation.
          H
          O
          A
          Charge
     Beginning chemistry calculation.
     End of Time Step No.    54
     Time ..................................................    21.6     (s)

Beginning time step no.     55
     Beginning solute-transport calculation.
          H
          O
          A
          Charge
     Beginning chemistry calculation.
     End of Time Step No.    55
     Time ..................................................    22.0     (s)

Beginning time step no.     56
     Beginning solute-transport calculation.
          H
          O
          A
          Charge
     Beginning chemistry calculation.
     End of Time Step No.    56
     Time ..................................................    22.4     (s)

Beginning time step no.     57
     Beginning solute-transport calculation.
          H
          O
          A
          Charge
     Beginning chemistry calculation.
     End of Time Step No.    57
     Time ..................................................    22.8     (s)

Beginning time step no.     58
     Beginning solute-transport calculation.
          H
          O
          A
          Charge
     Beginning chemistry calculation.
     End of Time Step No.    58
     Time ..................................................    23.2     (s)

Beginning time step no.     59
     Beginning solute-transport calculation.
          H
          O
          A
          Charge
     Beginning chemistry calculation.
     End of Time Step No.    59
     Time ..................................................    23.6     (s)

Beginning time step no.     60
     Beginning solute-transport calculation.
          H
          O
          A
          Charge
     Beginning chemistry calculation.
     End of Time Step No.    60
     Time ..................................................    24.0     (s)

Beginning time step no.     61
     Beginning solute-transport calculation.
          H
          O
          A
          Charge
     Beginning chemistry calculation.
     End of Time Step No.    61
     Time ..................................................    24.4     (s)

Beginning time step no.     62
     Beginning solute-transport calculation.
          H
          O
          A
          Charge
     Beginning chemistry calculation.
     End of Time Step No.    62
     Time ..................................................    24.8     (s)

Beginning time step no.     63
     Beginning solute-transport calculation.
          H
          O
          A
          Charge
     Beginning chemistry calculation.
     End of Time Step No.    63
     Time ..................................................    25.2     (s)

Beginning time step no.     64
     Beginning solute-transport calculation.
          H
          O
          A
          Charge
     Beginning chemistry calculation.
     End of Time Step No.    64
     Time ..................................................    25.6     (s)

Beginning time step no.     65
     Beginning solute-transport calculation.
          H
          O
          A
          Charge
     Beginning chemistry calculation.
     End of Time Step No.    65
     Time ..................................................    26.0     (s)

Beginning time step no.     66
     Beginning solute-transport calculation.
          H
          O
          A
          Charge
     Beginning chemistry calculation.
     End of Time Step No.    66
     Time ..................................................    26.4     (s)

Beginning time step no.     67
     Beginning solute-transport calculation.
          H
          O
          A
          Charge
     Beginning chemistry calculation.
     End of Time Step No.    67
     Time ..................................................    26.8     (s)

Beginning time step no.     68
     Beginning solute-transport calculation.
          H
          O
          A
          Charge
     Beginning chemistry calculation.
     End of Time Step No.    68
     Time ..................................................    27.2     (s)

Beginning time step no.     69
     Beginning solute-transport calculation.
          H
          O
          A
          Charge
     Beginning chemistry calculation.
     End of Time Step No.    69
     Time ..................................................    27.6     (s)

Beginning time step no.     70
     Beginning solute-transport calculation.
          H
          O
          A
          Charge
     Beginning chemistry calculation.
     End of Time Step No.    70
     Time ..................................................    28.0     (s)

Beginning time step no.     71
     Beginning solute-transport calculation.
          H
          O
          A
          Charge
     Beginning chemistry calculation.
     End of Time Step No.    71
     Time ..................................................    28.4     (s)

Beginning time step no.     72
     Beginning solute-transport calculation.
          H
          O
          A
          Charge
     Beginning chemistry calculation.
     End of Time Step No.    72
     Time ..................................................    28.8     (s)

Beginning time step no.     73
     Beginning solute-transport calculation.
          H
          O
          A
          Charge
     Beginning chemistry calculation.
     End of Time Step No.    73
     Time ..................................................    29.2     (s)

Beginning time step no.     74
     Beginning solute-transport calculation.
          H
          O
          A
          Charge
     Beginning chemistry calculation.
     End of Time Step No.    74
     Time ..................................................    29.6     (s)

Beginning time step no.     75
     Beginning solute-transport calculation.
          H
          O
          A
          Charge
     Beginning chemistry calculation.
     End of Time Step No.    75
     Time ..................................................    30.0     (s)

Beginning time step no.     76
     Beginning solute-transport calculation.
          H
          O
          A
          Charge
     Beginning chemistry calculation.
     End of Time Step No.    76
     Time ..................................................    30.4     (s)

Beginning time step no.     77
     Beginning solute-transport calculation.
          H
          O
          A
          Charge
     Beginning chemistry calculation.
     End of Time Step No.    77
     Time ..................................................    30.8     (s)

Beginning time step no.     78
     Beginning solute-transport calculation.
          H
          O
          A
          Charge
     Beginning chemistry calculation.
     End of Time Step No.    78
     Time ..................................................    31.2     (s)

Beginning time step no.     79
     Beginning solute-transport calculation.
          H
          O
          A
          Charge
     Beginning chemistry calculation.
     End of Time Step No.    79
     Time ..................................................    31.6     (s)

Beginning time step no.     80
     Beginning solute-transport calculation.
          H
          O
          A
          Charge
     Beginning chemistry calculation.
     End of Time Step No.    80
     Time ..................................................    32.0     (s)

Beginning time step no.     81
     Beginning solute-transport calculation.
          H
          O
          A
          Charge
     Beginning chemistry calculation.
     End of Time Step No.    81
     Time ..................................................    32.4     (s)

Beginning time step no.     82
     Beginning solute-transport calculation.
          H
          O
          A
          Charge
     Beginning chemistry calculation.
     End of Time Step No.    82
     Time ..................................................    32.8     (s)

Beginning time step no.     83
     Beginning solute-transport calculation.
          H
          O
          A
          Charge
     Beginning chemistry calculation.
     End of Time Step No.    83
     Time ..................................................    33.2     (s)

Beginning time step no.     84
     Beginning solute-transport calculation.
          H
          O
          A
          Charge
     Beginning chemistry calculation.
     End of Time Step No.    84
     Time ..................................................    33.6     (s)

Beginning time step no.     85
     Beginning solute-transport calculation.
          H
          O
          A
          Charge
     Beginning chemistry calculation.
     End of Time Step No.    85
     Time ..................................................    34.0     (s)

Beginning time step no.     86
     Beginning solute-transport calculation.
          H
          O
          A
          Charge
     Beginning chemistry calculation.
     End of Time Step No.    86
     Time ..................................................    34.4     (s)

Beginning time step no.     87
     Beginning solute-transport calculation.
          H
          O
          A
          Charge
     Beginning chemistry calculation.
     End of Time Step No.    87
     Time ..................................................    34.8     (s)

Beginning time step no.     88
     Beginning solute-transport calculation.
          H
          O
          A
          Charge
     Beginning chemistry calculation.
     End of Time Step No.    88
     Time ..................................................    35.2     (s)

Beginning time step no.     89
     Beginning solute-transport calculation.
          H
          O
          A
          Charge
     Beginning chemistry calculation.
     End of Time Step No.    89
     Time ..................................................    35.6     (s)

Beginning time step no.     90
     Beginning solute-transport calculation.
          H
          O
          A
          Charge
     Beginning chemistry calculation.
     End of Time Step No.    90
     Time ..................................................    36.0     (s)

Beginning time step no.     91
     Beginning solute-transport calculation.
          H
          O
          A
          Charge
     Beginning chemistry calculation.
     End of Time Step No.    91
     Time ..................................................    36.4     (s)

Beginning time step no.     92
     Beginning solute-transport calculation.
          H
          O
          A
          Charge
     Beginning chemistry calculation.
     End of Time Step No.    92
     Time ..................................................    36.8     (s)

Beginning time step no.     93
     Beginning solute-transport calculation.
          H
          O
          A
          Charge
     Beginning chemistry calculation.
     End of Time Step No.    93
     Time ..................................................    37.2     (s)

Beginning time step no.     94
     Beginning solute-transport calculation.
          H
          O
          A
          Charge
     Beginning chemistry calculation.
     End of Time Step No.    94
     Time ..................................................    37.6     (s)

Beginning time step no.     95
     Beginning solute-transport calculation.
          H
          O
          A
          Charge
     Beginning chemistry calculation.
     End of Time Step No.    95
     Time ..................................................    38.0     (s)

Beginning time step no.     96
     Beginning solute-transport calculation.
          H
          O
          A
          Charge
     Beginning chemistry calculation.
     End of Time Step No.    96
     Time ..................................................    38.4     (s)

Beginning time step no.     97
     Beginning solute-transport calculation.
          H
          O
          A
          Charge
     Beginning chemistry calculation.
     End of Time Step No.    97
     Time ..................................................    38.8     (s)

Beginning time step no.     98
     Beginning solute-transport calculation.
          H
          O
          A
          Charge
     Beginning chemistry calculation.
     End of Time Step No.    98
     Time ..................................................    39.2     (s)

Beginning time step no.     99
     Beginning solute-transport calculation.
          H
          O
          A
          Charge
     Beginning chemistry calculation.
     End of Time Step No.    99
     Time ..................................................    39.6     (s)

Beginning time step no.    100
     Beginning solute-transport calculation.
          H
          O
          A
          Charge
     Beginning chemistry calculation.
     End of Time Step No.   100
     Time ..................................................    40.0     (s)

Beginning time step no.    101
     Beginning solute-transport calculation.
          H
          O
          A
          Charge
     Beginning chemistry calculation.
     End of Time Step No.   101
     Time ..................................................    40.4     (s)

Beginning time step no.    102
     Beginning solute-transport calculation.
          H
          O
          A
          Charge
     Beginning chemistry calculation.
     End of Time Step No.   102
     Time ..................................................    40.8     (s)

Beginning time step no.    103
     Beginning solute-transport calculation.
          H
          O
          A
          Charge
     Beginning chemistry calculation.
     End of Time Step No.   103
     Time ..................................................    41.2     (s)

Beginning time step no.    104
     Beginning solute-transport calculation.
          H
          O
          A
          Charge
     Beginning chemistry calculation.
     End of Time Step No.   104
     Time ..................................................    41.6     (s)

Beginning time step no.    105
     Beginning solute-transport calculation.
          H
          O
          A
          Charge
     Beginning chemistry calculation.
     End of Time Step No.   105
     Time ..................................................    42.0     (s)

Beginning time step no.    106
     Beginning solute-transport calculation.
          H
          O
          A
          Charge
     Beginning chemistry calculation.
     End of Time Step No.   106
     Time ..................................................    42.4     (s)

Beginning time step no.    107
     Beginning solute-transport calculation.
          H
          O
          A
          Charge
     Beginning chemistry calculation.
     End of Time Step No.   107
     Time ..................................................    42.8     (s)

Beginning time step no.    108
     Beginning solute-transport calculation.
          H
          O
          A
          Charge
     Beginning chemistry calculation.
     End of Time Step No.   108
     Time ..................................................    43.2     (s)

Beginning time step no.    109
     Beginning solute-transport calculation.
          H
          O
          A
          Charge
     Beginning chemistry calculation.
     End of Time Step No.   109
     Time ..................................................    43.6     (s)

Beginning time step no.    110
     Beginning solute-transport calculation.
          H
          O
          A
          Charge
     Beginning chemistry calculation.
     End of Time Step No.   110
     Time ..................................................    44.0     (s)

Beginning time step no.    111
     Beginning solute-transport calculation.
          H
          O
          A
          Charge
     Beginning chemistry calculation.
     End of Time Step No.   111
     Time ..................................................    44.4     (s)

Beginning time step no.    112
     Beginning solute-transport calculation.
          H
          O
          A
          Charge
     Beginning chemistry calculation.
     End of Time Step No.   112
     Time ..................................................    44.8     (s)

Beginning time step no.    113
     Beginning solute-transport calculation.
          H
          O
          A
          Charge
     Beginning chemistry calculation.
     End of Time Step No.   113
     Time ..................................................    45.2     (s)

Beginning time step no.    114
     Beginning solute-transport calculation.
          H
          O
          A
          Charge
     Beginning chemistry calculation.
     End of Time Step No.   114
     Time ..................................................    45.6     (s)

Beginning time step no.    115
     Beginning solute-transport calculation.
          H
          O
          A
          Charge
     Beginning chemistry calculation.
     End of Time Step No.   115
     Time ..................................................    46.0     (s)

Beginning time step no.    116
     Beginning solute-transport calculation.
          H
          O
          A
          Charge
     Beginning chemistry calculation.
     End of Time Step No.   116
     Time ..................................................    46.4     (s)

Beginning time step no.    117
     Beginning solute-transport calculation.
          H
          O
          A
          Charge
     Beginning chemistry calculation.
     End of Time Step No.   117
     Time ..................................................    46.8     (s)

Beginning time step no.    118
     Beginning solute-transport calculation.
          H
          O
          A
          Charge
     Beginning chemistry calculation.
     End of Time Step No.   118
     Time ..................................................    47.2     (s)

Beginning time step no.    119
     Beginning solute-transport calculation.
          H
          O
          A
          Charge
     Beginning chemistry calculation.
     End of Time Step No.   119
     Time ..................................................    47.6     (s)

Beginning time step no.    120
     Beginning solute-transport calculation.
          H
          O
          A
          Charge
     Beginning chemistry calculation.
     End of Time Step No.   120
     Time ..................................................    48.0     (s)

Beginning time step no.    121
     Beginning solute-transport calculation.
          H
          O
          A
          Charge
     Beginning chemistry calculation.
     End of Time Step No.   121
     Time ..................................................    48.4     (s)

Beginning time step no.    122
     Beginning solute-transport calculation.
          H
          O
          A
          Charge
     Beginning chemistry calculation.
     End of Time Step No.   122
     Time ..................................................    48.8     (s)

Beginning time step no.    123
     Beginning solute-transport calculation.
          H
          O
          A
          Charge
     Beginning chemistry calculation.
     End of Time Step No.   123
     Time ..................................................    49.2     (s)

Beginning time step no.    124
     Beginning solute-transport calculation.
          H
          O
          A
          Charge
     Beginning chemistry calculation.
     End of Time Step No.   124
     Time ..................................................    49.6     (s)

Beginning time step no.    125
     Beginning solute-transport calculation.
          H
          O
          A
          Charge
     Beginning chemistry calculation.
     End of Time Step No.   125
     Time ..................................................    50.0     (s)

Beginning time step no.    126
     Beginning solute-transport calculation.
          H
          O
          A
          Charge
     Beginning chemistry calculation.
     End of Time Step No.   126
     Time ..................................................    50.4     (s)

Beginning time step no.    127
     Beginning solute-transport calculation.
          H
          O
          A
          Charge
     Beginning chemistry calculation.
     End of Time Step No.   127
     Time ..................................................    50.8     (s)

Beginning time step no.    128
     Beginning solute-transport calculation.
          H
          O
          A
          Charge
     Beginning chemistry calculation.
     End of Time Step No.   128
     Time ..................................................    51.2     (s)

Beginning time step no.    129
     Beginning solute-transport calculation.
          H
          O
          A
          Charge
     Beginning chemistry calculation.
     End of Time Step No.   129
     Time ..................................................    51.6     (s)

Beginning time step no.    130
     Beginning solute-transport calculation.
          H
          O
          A
          Charge
     Beginning chemistry calculation.
     End of Time Step No.   130
     Time ..................................................    52.0     (s)

Beginning time step no.    131
     Beginning solute-transport calculation.
          H
          O
          A
          Charge
     Beginning chemistry calculation.
     End of Time Step No.   131
     Time ..................................................    52.4     (s)

Beginning time step no.    132
     Beginning solute-transport calculation.
          H
          O
          A
          Charge
     Beginning chemistry calculation.
     End of Time Step No.   132
     Time ..................................................    52.8     (s)

Beginning time step no.    133
     Beginning solute-transport calculation.
          H
          O
          A
          Charge
     Beginning chemistry calculation.
     End of Time Step No.   133
     Time ..................................................    53.2     (s)

Beginning time step no.    134
     Beginning solute-transport calculation.
          H
          O
          A
          Charge
     Beginning chemistry calculation.
     End of Time Step No.   134
     Time ..................................................    53.6     (s)

Beginning time step no.    135
     Beginning solute-transport calculation.
          H
          O
          A
          Charge
     Beginning chemistry calculation.
     End of Time Step No.   135
     Time ..................................................    54.0     (s)

Beginning time step no.    136
     Beginning solute-transport calculation.
          H
          O
          A
          Charge
     Beginning chemistry calculation.
     End of Time Step No.   136
     Time ..................................................    54.4     (s)

Beginning time step no.    137
     Beginning solute-transport calculation.
          H
          O
          A
          Charge
     Beginning chemistry calculation.
     End of Time Step No.   137
     Time ..................................................    54.8     (s)

Beginning time step no.    138
     Beginning solute-transport calculation.
          H
          O
          A
          Charge
     Beginning chemistry calculation.
     End of Time Step No.   138
     Time ..................................................    55.2     (s)

Beginning time step no.    139
     Beginning solute-transport calculation.
          H
          O
          A
          Charge
     Beginning chemistry calculation.
     End of Time Step No.   139
     Time ..................................................    55.6     (s)

Beginning time step no.    140
     Beginning solute-transport calculation.
          H
          O
          A
          Charge
     Beginning chemistry calculation.
     End of Time Step No.   140
     Time ..................................................    56.0     (s)

Beginning time step no.    141
     Beginning solute-transport calculation.
          H
          O
          A
          Charge
     Beginning chemistry calculation.
     End of Time Step No.   141
     Time ..................................................    56.4     (s)

Beginning time step no.    142
     Beginning solute-transport calculation.
          H
          O
          A
          Charge
     Beginning chemistry calculation.
     End of Time Step No.   142
     Time ..................................................    56.8     (s)

Beginning time step no.    143
     Beginning solute-transport calculation.
          H
          O
          A
          Charge
     Beginning chemistry calculation.
     End of Time Step No.   143
     Time ..................................................    57.2     (s)

Beginning time step no.    144
     Beginning solute-transport calculation.
          H
          O
          A
          Charge
     Beginning chemistry calculation.
     End of Time Step No.   144
     Time ..................................................    57.6     (s)

Beginning time step no.    145
     Beginning solute-transport calculation.
          H
          O
          A
          Charge
     Beginning chemistry calculation.
     End of Time Step No.   145
     Time ..................................................    58.0     (s)

Beginning time step no.    146
     Beginning solute-transport calculation.
          H
          O
          A
          Charge
     Beginning chemistry calculation.
     End of Time Step No.   146
     Time ..................................................    58.4     (s)

Beginning time step no.    147
     Beginning solute-transport calculation.
          H
          O
          A
          Charge
     Beginning chemistry calculation.
     End of Time Step No.   147
     Time ..................................................    58.8     (s)

Beginning time step no.    148
     Beginning solute-transport calculation.
          H
          O
          A
          Charge
     Beginning chemistry calculation.
     End of Time Step No.   148
     Time ..................................................    59.2     (s)

Beginning time step no.    149
     Beginning solute-transport calculation.
          H
          O
          A
          Charge
     Beginning chemistry calculation.
     End of Time Step No.   149
     Time ..................................................    59.6     (s)

Beginning time step no.    150
     Current time step length ...................................   0.400     (s)
     Beginning solute-transport calculation.
          H
          O
          A
          Charge
     Beginning chemistry calculation.
          Cells processed by root: 49
          Number of root cells with same aqueous model: 49
          Total iterations all root cells: 228
          Number of root cells with zero iterations: 11
          Maximum iterations for single root cell: 9
     End of Time Step No.   150
     Time ..................................................    60.0     (s)
     Maximum change in potentiometric head   3.4169E-16      (m ) at location ( 2.600E-02, 0.000    , 0.000    )(m)
     Maximum change in H .................. -4.7649E-13 (mol/kgw) at location ( 6.000E-02, 1.000E-02, 1.000E-02)(m)
     Maximum change in O .................. -2.5991E-13 (mol/kgw) at location ( 6.200E-02, 1.000E-02, 1.000E-02)(m)
     Maximum change in A ..................  1.3541E-05 (mol/kgw) at location ( 2.800E-02, 0.000    , 0.000    )(m)
     Maximum change in Charge .............  2.5531E-14 (mol/kgw) at location ( 6.000E-02, 0.000    , 1.000E-02)(m)
Reading transient data for simulation: Set  2
     Time at which next set of transient parameters will be read .......... TIMCHG   120.      (s)

Beginning time step no.    151
     Beginning solute-transport calculation.
          H
          O
          A
          Charge
     Beginning chemistry calculation.
     End of Time Step No.   151
     Time ..................................................    60.4     (s)

Beginning time step no.    152
     Beginning solute-transport calculation.
          H
          O
          A
          Charge
     Beginning chemistry calculation.
     End of Time Step No.   152
     Time ..................................................    60.8     (s)

Beginning time step no.    153
     Beginning solute-transport calculation.
          H
          O
          A
          Charge
     Beginning chemistry calculation.
     End of Time Step No.   153
     Time ..................................................    61.2     (s)

Beginning time step no.    154
     Beginning solute-transport calculation.
          H
          O
          A
          Charge
     Beginning chemistry calculation.
     End of Time Step No.   154
     Time ..................................................    61.6     (s)

Beginning time step no.    155
     Beginning solute-transport calculation.
          H
          O
          A
          Charge
     Beginning chemistry calculation.
     End of Time Step No.   155
     Time ..................................................    62.0     (s)

Beginning time step no.    156
     Beginning solute-transport calculation.
          H
          O
          A
          Charge
     Beginning chemistry calculation.
     End of Time Step No.   156
     Time ..................................................    62.4     (s)

Beginning time step no.    157
     Beginning solute-transport calculation.
          H
          O
          A
          Charge
     Beginning chemistry calculation.
     End of Time Step No.   157
     Time ..................................................    62.8     (s)

Beginning time step no.    158
     Beginning solute-transport calculation.
          H
          O
          A
          Charge
     Beginning chemistry calculation.
     End of Time Step No.   158
     Time ..................................................    63.2     (s)

Beginning time step no.    159
     Beginning solute-transport calculation.
          H
          O
          A
          Charge
     Beginning chemistry calculation.
     End of Time Step No.   159
     Time ..................................................    63.6     (s)

Beginning time step no.    160
     Beginning solute-transport calculation.
          H
          O
          A
          Charge
     Beginning chemistry calculation.
     End of Time Step No.   160
     Time ..................................................    64.0     (s)

Beginning time step no.    161
     Beginning solute-transport calculation.
          H
          O
          A
          Charge
     Beginning chemistry calculation.
     End of Time Step No.   161
     Time ..................................................    64.4     (s)

Beginning time step no.    162
     Beginning solute-transport calculation.
          H
          O
          A
          Charge
     Beginning chemistry calculation.
     End of Time Step No.   162
     Time ..................................................    64.8     (s)

Beginning time step no.    163
     Beginning solute-transport calculation.
          H
          O
          A
          Charge
     Beginning chemistry calculation.
     End of Time Step No.   163
     Time ..................................................    65.2     (s)

Beginning time step no.    164
     Beginning solute-transport calculation.
          H
          O
          A
          Charge
     Beginning chemistry calculation.
     End of Time Step No.   164
     Time ..................................................    65.6     (s)

Beginning time step no.    165
     Beginning solute-transport calculation.
          H
          O
          A
          Charge
     Beginning chemistry calculation.
     End of Time Step No.   165
     Time ..................................................    66.0     (s)

Beginning time step no.    166
     Beginning solute-transport calculation.
          H
          O
          A
          Charge
     Beginning chemistry calculation.
     End of Time Step No.   166
     Time ..................................................    66.4     (s)

Beginning time step no.    167
     Beginning solute-transport calculation.
          H
          O
          A
          Charge
     Beginning chemistry calculation.
     End of Time Step No.   167
     Time ..................................................    66.8     (s)

Beginning time step no.    168
     Beginning solute-transport calculation.
          H
          O
          A
          Charge
     Beginning chemistry calculation.
     End of Time Step No.   168
     Time ..................................................    67.2     (s)

Beginning time step no.    169
     Beginning solute-transport calculation.
          H
          O
          A
          Charge
     Beginning chemistry calculation.
     End of Time Step No.   169
     Time ..................................................    67.6     (s)

Beginning time step no.    170
     Beginning solute-transport calculation.
          H
          O
          A
          Charge
     Beginning chemistry calculation.
     End of Time Step No.   170
     Time ..................................................    68.0     (s)

Beginning time step no.    171
     Beginning solute-transport calculation.
          H
          O
          A
          Charge
     Beginning chemistry calculation.
     End of Time Step No.   171
     Time ..................................................    68.4     (s)

Beginning time step no.    172
     Beginning solute-transport calculation.
          H
          O
          A
          Charge
     Beginning chemistry calculation.
     End of Time Step No.   172
     Time ..................................................    68.8     (s)

Beginning time step no.    173
     Beginning solute-transport calculation.
          H
          O
          A
          Charge
     Beginning chemistry calculation.
     End of Time Step No.   173
     Time ..................................................    69.2     (s)

Beginning time step no.    174
     Beginning solute-transport calculation.
          H
          O
          A
          Charge
     Beginning chemistry calculation.
     End of Time Step No.   174
     Time ..................................................    69.6     (s)

Beginning time step no.    175
     Beginning solute-transport calculation.
          H
          O
          A
          Charge
     Beginning chemistry calculation.
     End of Time Step No.   175
     Time ..................................................    70.0     (s)

Beginning time step no.    176
     Beginning solute-transport calculation.
          H
          O
          A
          Charge
     Beginning chemistry calculation.
     End of Time Step No.   176
     Time ..................................................    70.4     (s)

Beginning time step no.    177
     Beginning solute-transport calculation.
          H
          O
          A
          Charge
     Beginning chemistry calculation.
     End of Time Step No.   177
     Time ..................................................    70.8     (s)

Beginning time step no.    178
     Beginning solute-transport calculation.
          H
          O
          A
          Charge
     Beginning chemistry calculation.
     End of Time Step No.   178
     Time ..................................................    71.2     (s)

Beginning time step no.    179
     Beginning solute-transport calculation.
          H
          O
          A
          Charge
     Beginning chemistry calculation.
     End of Time Step No.   179
     Time ..................................................    71.6     (s)

Beginning time step no.    180
     Beginning solute-transport calculation.
          H
          O
          A
          Charge
     Beginning chemistry calculation.
     End of Time Step No.   180
     Time ..................................................    72.0     (s)

Beginning time step no.    181
     Beginning solute-transport calculation.
          H
          O
          A
          Charge
     Beginning chemistry calculation.
     End of Time Step No.   181
     Time ..................................................    72.4     (s)

Beginning time step no.    182
     Beginning solute-transport calculation.
          H
          O
          A
          Charge
     Beginning chemistry calculation.
     End of Time Step No.   182
     Time ..................................................    72.8     (s)

Beginning time step no.    183
     Beginning solute-transport calculation.
          H
          O
          A
          Charge
     Beginning chemistry calculation.
     End of Time Step No.   183
     Time ..................................................    73.2     (s)

Beginning time step no.    184
     Beginning solute-transport calculation.
          H
          O
          A
          Charge
     Beginning chemistry calculation.
     End of Time Step No.   184
     Time ..................................................    73.6     (s)

Beginning time step no.    185
     Beginning solute-transport calculation.
          H
          O
          A
          Charge
     Beginning chemistry calculation.
     End of Time Step No.   185
     Time ..................................................    74.0     (s)

Beginning time step no.    186
     Beginning solute-transport calculation.
          H
          O
          A
          Charge
     Beginning chemistry calculation.
     End of Time Step No.   186
     Time ..................................................    74.4     (s)

Beginning time step no.    187
     Beginning solute-transport calculation.
          H
          O
          A
          Charge
     Beginning chemistry calculation.
     End of Time Step No.   187
     Time ..................................................    74.8     (s)

Beginning time step no.    188
     Beginning solute-transport calculation.
          H
          O
          A
          Charge
     Beginning chemistry calculation.
     End of Time Step No.   188
     Time ..................................................    75.2     (s)

Beginning time step no.    189
     Beginning solute-transport calculation.
          H
          O
          A
          Charge
     Beginning chemistry calculation.
     End of Time Step No.   189
     Time ..................................................    75.6     (s)

Beginning time step no.    190
     Beginning solute-transport calculation.
          H
          O
          A
          Charge
     Beginning chemistry calculation.
     End of Time Step No.   190
     Time ..................................................    76.0     (s)

Beginning time step no.    191
     Beginning solute-transport calculation.
          H
          O
          A
          Charge
     Beginning chemistry calculation.
     End of Time Step No.   191
     Time ..................................................    76.4     (s)

Beginning time step no.    192
     Beginning solute-transport calculation.
          H
          O
          A
          Charge
     Beginning chemistry calculation.
     End of Time Step No.   192
     Time ..................................................    76.8     (s)

Beginning time step no.    193
     Beginning solute-transport calculation.
          H
          O
          A
          Charge
     Beginning chemistry calculation.
     End of Time Step No.   193
     Time ..................................................    77.2     (s)

Beginning time step no.    194
     Beginning solute-transport calculation.
          H
          O
          A
          Charge
     Beginning chemistry calculation.
     End of Time Step No.   194
     Time ..................................................    77.6     (s)

Beginning time step no.    195
     Beginning solute-transport calculation.
          H
          O
          A
          Charge
     Beginning chemistry calculation.
     End of Time Step No.   195
     Time ..................................................    78.0     (s)

Beginning time step no.    196
     Beginning solute-transport calculation.
          H
          O
          A
          Charge
     Beginning chemistry calculation.
     End of Time Step No.   196
     Time ..................................................    78.4     (s)

Beginning time step no.    197
     Beginning solute-transport calculation.
          H
          O
          A
          Charge
     Beginning chemistry calculation.
     End of Time Step No.   197
     Time ..................................................    78.8     (s)

Beginning time step no.    198
     Beginning solute-transport calculation.
          H
          O
          A
          Charge
     Beginning chemistry calculation.
     End of Time Step No.   198
     Time ..................................................    79.2     (s)

Beginning time step no.    199
     Beginning solute-transport calculation.
          H
          O
          A
          Charge
     Beginning chemistry calculation.
     End of Time Step No.   199
     Time ..................................................    79.6     (s)

Beginning time step no.    200
     Beginning solute-transport calculation.
          H
          O
          A
          Charge
     Beginning chemistry calculation.
     End of Time Step No.   200
     Time ..................................................    80.0     (s)

Beginning time step no.    201
     Beginning solute-transport calculation.
          H
          O
          A
          Charge
     Beginning chemistry calculation.
     End of Time Step No.   201
     Time ..................................................    80.4     (s)

Beginning time step no.    202
     Beginning solute-transport calculation.
          H
          O
          A
          Charge
     Beginning chemistry calculation.
     End of Time Step No.   202
     Time ..................................................    80.8     (s)

Beginning time step no.    203
     Beginning solute-transport calculation.
          H
          O
          A
          Charge
     Beginning chemistry calculation.
     End of Time Step No.   203
     Time ..................................................    81.2     (s)

Beginning time step no.    204
     Beginning solute-transport calculation.
          H
          O
          A
          Charge
     Beginning chemistry calculation.
     End of Time Step No.   204
     Time ..................................................    81.6     (s)

Beginning time step no.    205
     Beginning solute-transport calculation.
          H
          O
          A
          Charge
     Beginning chemistry calculation.
     End of Time Step No.   205
     Time ..................................................    82.0     (s)

Beginning time step no.    206
     Beginning solute-transport calculation.
          H
          O
          A
          Charge
     Beginning chemistry calculation.
     End of Time Step No.   206
     Time ..................................................    82.4     (s)

Beginning time step no.    207
     Beginning solute-transport calculation.
          H
          O
          A
          Charge
     Beginning chemistry calculation.
     End of Time Step No.   207
     Time ..................................................    82.8     (s)

Beginning time step no.    208
     Beginning solute-transport calculation.
          H
          O
          A
          Charge
     Beginning chemistry calculation.
     End of Time Step No.   208
     Time ..................................................    83.2     (s)

Beginning time step no.    209
     Beginning solute-transport calculation.
          H
          O
          A
          Charge
     Beginning chemistry calculation.
     End of Time Step No.   209
     Time ..................................................    83.6     (s)

Beginning time step no.    210
     Beginning solute-transport calculation.
          H
          O
          A
          Charge
     Beginning chemistry calculation.
     End of Time Step No.   210
     Time ..................................................    84.0     (s)

Beginning time step no.    211
     Beginning solute-transport calculation.
          H
          O
          A
          Charge
     Beginning chemistry calculation.
     End of Time Step No.   211
     Time ..................................................    84.4     (s)

Beginning time step no.    212
     Beginning solute-transport calculation.
          H
          O
          A
          Charge
     Beginning chemistry calculation.
     End of Time Step No.   212
     Time ..................................................    84.8     (s)

Beginning time step no.    213
     Beginning solute-transport calculation.
          H
          O
          A
          Charge
     Beginning chemistry calculation.
     End of Time Step No.   213
     Time ..................................................    85.2     (s)

Beginning time step no.    214
     Beginning solute-transport calculation.
          H
          O
          A
          Charge
     Beginning chemistry calculation.
     End of Time Step No.   214
     Time ..................................................    85.6     (s)

Beginning time step no.    215
     Beginning solute-transport calculation.
          H
          O
          A
          Charge
     Beginning chemistry calculation.
     End of Time Step No.   215
     Time ..................................................    86.0     (s)

Beginning time step no.    216
     Beginning solute-transport calculation.
          H
          O
          A
          Charge
     Beginning chemistry calculation.
     End of Time Step No.   216
     Time ..................................................    86.4     (s)

Beginning time step no.    217
     Beginning solute-transport calculation.
          H
          O
          A
          Charge
     Beginning chemistry calculation.
     End of Time Step No.   217
     Time ..................................................    86.8     (s)

Beginning time step no.    218
     Beginning solute-transport calculation.
          H
          O
          A
          Charge
     Beginning chemistry calculation.
     End of Time Step No.   218
     Time ..................................................    87.2     (s)

Beginning time step no.    219
     Beginning solute-transport calculation.
          H
          O
          A
          Charge
     Beginning chemistry calculation.
     End of Time Step No.   219
     Time ..................................................    87.6     (s)

Beginning time step no.    220
     Beginning solute-transport calculation.
          H
          O
          A
          Charge
     Beginning chemistry calculation.
     End of Time Step No.   220
     Time ..................................................    88.0     (s)

Beginning time step no.    221
     Beginning solute-transport calculation.
          H
          O
          A
          Charge
     Beginning chemistry calculation.
     End of Time Step No.   221
     Time ..................................................    88.4     (s)

Beginning time step no.    222
     Beginning solute-transport calculation.
          H
          O
          A
          Charge
     Beginning chemistry calculation.
     End of Time Step No.   222
     Time ..................................................    88.8     (s)

Beginning time step no.    223
     Beginning solute-transport calculation.
          H
          O
          A
          Charge
     Beginning chemistry calculation.
     End of Time Step No.   223
     Time ..................................................    89.2     (s)

Beginning time step no.    224
     Beginning solute-transport calculation.
          H
          O
          A
          Charge
     Beginning chemistry calculation.
     End of Time Step No.   224
     Time ..................................................    89.6     (s)

Beginning time step no.    225
     Beginning solute-transport calculation.
          H
          O
          A
          Charge
     Beginning chemistry calculation.
     End of Time Step No.   225
     Time ..................................................    90.0     (s)

Beginning time step no.    226
     Beginning solute-transport calculation.
          H
          O
          A
          Charge
     Beginning chemistry calculation.
     End of Time Step No.   226
     Time ..................................................    90.4     (s)

Beginning time step no.    227
     Beginning solute-transport calculation.
          H
          O
          A
          Charge
     Beginning chemistry calculation.
     End of Time Step No.   227
     Time ..................................................    90.8     (s)

Beginning time step no.    228
     Beginning solute-transport calculation.
          H
          O
          A
          Charge
     Beginning chemistry calculation.
     End of Time Step No.   228
     Time ..................................................    91.2     (s)

Beginning time step no.    229
     Beginning solute-transport calculation.
          H
          O
          A
          Charge
     Beginning chemistry calculation.
     End of Time Step No.   229
     Time ..................................................    91.6     (s)

Beginning time step no.    230
     Beginning solute-transport calculation.
          H
          O
          A
          Charge
     Beginning chemistry calculation.
     End of Time Step No.   230
     Time ..................................................    92.0     (s)

Beginning time step no.    231
     Beginning solute-transport calculation.
          H
          O
          A
          Charge
     Beginning chemistry calculation.
     End of Time Step No.   231
     Time ..................................................    92.4     (s)

Beginning time step no.    232
     Beginning solute-transport calculation.
          H
          O
          A
          Charge
     Beginning chemistry calculation.
     End of Time Step No.   232
     Time ..................................................    92.8     (s)

Beginning time step no.    233
     Beginning solute-transport calculation.
          H
          O
          A
          Charge
     Beginning chemistry calculation.
     End of Time Step No.   233
     Time ..................................................    93.2     (s)

Beginning time step no.    234
     Beginning solute-transport calculation.
          H
          O
          A
          Charge
     Beginning chemistry calculation.
     End of Time Step No.   234
     Time ..................................................    93.6     (s)

Beginning time step no.    235
     Beginning solute-transport calculation.
          H
          O
          A
          Charge
     Beginning chemistry calculation.
     End of Time Step No.   235
     Time ..................................................    94.0     (s)

Beginning time step no.    236
     Beginning solute-transport calculation.
          H
          O
          A
          Charge
     Beginning chemistry calculation.
     End of Time Step No.   236
     Time ..................................................    94.4     (s)

Beginning time step no.    237
     Beginning solute-transport calculation.
          H
          O
          A
          Charge
     Beginning chemistry calculation.
     End of Time Step No.   237
     Time ..................................................    94.8     (s)

Beginning time step no.    238
     Beginning solute-transport calculation.
          H
          O
          A
          Charge
     Beginning chemistry calculation.
     End of Time Step No.   238
     Time ..................................................    95.2     (s)

Beginning time step no.    239
     Beginning solute-transport calculation.
          H
          O
          A
          Charge
     Beginning chemistry calculation.
     End of Time Step No.   239
     Time ..................................................    95.6     (s)

Beginning time step no.    240
     Beginning solute-transport calculation.
          H
          O
          A
          Charge
     Beginning chemistry calculation.
     End of Time Step No.   240
     Time ..................................................    96.0     (s)

Beginning time step no.    241
     Beginning solute-transport calculation.
          H
          O
          A
          Charge
     Beginning chemistry calculation.
     End of Time Step No.   241
     Time ..................................................    96.4     (s)

Beginning time step no.    242
     Beginning solute-transport calculation.
          H
          O
          A
          Charge
     Beginning chemistry calculation.
     End of Time Step No.   242
     Time ..................................................    96.8     (s)

Beginning time step no.    243
     Beginning solute-transport calculation.
          H
          O
          A
          Charge
     Beginning chemistry calculation.
     End of Time Step No.   243
     Time ..................................................    97.2     (s)

Beginning time step no.    244
     Beginning solute-transport calculation.
          H
          O
          A
          Charge
     Beginning chemistry calculation.
     End of Time Step No.   244
     Time ..................................................    97.6     (s)

Beginning time step no.    245
     Beginning solute-transport calculation.
          H
          O
          A
          Charge
     Beginning chemistry calculation.
     End of Time Step No.   245
     Time ..................................................    98.0     (s)

Beginning time step no.    246
     Beginning solute-transport calculation.
          H
          O
          A
          Charge
     Beginning chemistry calculation.
     End of Time Step No.   246
     Time ..................................................    98.4     (s)

Beginning time step no.    247
     Beginning solute-transport calculation.
          H
          O
          A
          Charge
     Beginning chemistry calculation.
     End of Time Step No.   247
     Time ..................................................    98.8     (s)

Beginning time step no.    248
     Beginning solute-transport calculation.
          H
          O
          A
          Charge
     Beginning chemistry calculation.
     End of Time Step No.   248
     Time ..................................................    99.2     (s)

Beginning time step no.    249
     Beginning solute-transport calculation.
          H
          O
          A
          Charge
     Beginning chemistry calculation.
     End of Time Step No.   249
     Time ..................................................    99.6     (s)

Beginning time step no.    250
     Beginning solute-transport calculation.
          H
          O
          A
          Charge
     Beginning chemistry calculation.
     End of Time Step No.   250
     Time ..................................................    100.     (s)

Beginning time step no.    251
     Beginning solute-transport calculation.
          H
          O
          A
          Charge
     Beginning chemistry calculation.
     End of Time Step No.   251
     Time ..................................................    100.     (s)

Beginning time step no.    252
     Beginning solute-transport calculation.
          H
          O
          A
          Charge
     Beginning chemistry calculation.
     End of Time Step No.   252
     Time ..................................................    101.     (s)

Beginning time step no.    253
     Beginning solute-transport calculation.
          H
          O
          A
          Charge
     Beginning chemistry calculation.
     End of Time Step No.   253
     Time ..................................................    101.     (s)

Beginning time step no.    254
     Beginning solute-transport calculation.
          H
          O
          A
          Charge
     Beginning chemistry calculation.
     End of Time Step No.   254
     Time ..................................................    102.     (s)

Beginning time step no.    255
     Beginning solute-transport calculation.
          H
          O
          A
          Charge
     Beginning chemistry calculation.
     End of Time Step No.   255
     Time ..................................................    102.     (s)

Beginning time step no.    256
     Beginning solute-transport calculation.
          H
          O
          A
          Charge
     Beginning chemistry calculation.
     End of Time Step No.   256
     Time ..................................................    102.     (s)

Beginning time step no.    257
     Beginning solute-transport calculation.
          H
          O
          A
          Charge
     Beginning chemistry calculation.
     End of Time Step No.   257
     Time ..................................................    103.     (s)

Beginning time step no.    258
     Beginning solute-transport calculation.
          H
          O
          A
          Charge
     Beginning chemistry calculation.
     End of Time Step No.   258
     Time ..................................................    103.     (s)

Beginning time step no.    259
     Beginning solute-transport calculation.
          H
          O
          A
          Charge
     Beginning chemistry calculation.
     End of Time Step No.   259
     Time ..................................................    104.     (s)

Beginning time step no.    260
     Beginning solute-transport calculation.
          H
          O
          A
          Charge
     Beginning chemistry calculation.
     End of Time Step No.   260
     Time ..................................................    104.     (s)

Beginning time step no.    261
     Beginning solute-transport calculation.
          H
          O
          A
          Charge
     Beginning chemistry calculation.
     End of Time Step No.   261
     Time ..................................................    104.     (s)

Beginning time step no.    262
     Beginning solute-transport calculation.
          H
          O
          A
          Charge
     Beginning chemistry calculation.
     End of Time Step No.   262
     Time ..................................................    105.     (s)

Beginning time step no.    263
     Beginning solute-transport calculation.
          H
          O
          A
          Charge
     Beginning chemistry calculation.
     End of Time Step No.   263
     Time ..................................................    105.     (s)

Beginning time step no.    264
     Beginning solute-transport calculation.
          H
          O
          A
          Charge
     Beginning chemistry calculation.
     End of Time Step No.   264
     Time ..................................................    106.     (s)

Beginning time step no.    265
     Beginning solute-transport calculation.
          H
          O
          A
          Charge
     Beginning chemistry calculation.
     End of Time Step No.   265
     Time ..................................................    106.     (s)

Beginning time step no.    266
     Beginning solute-transport calculation.
          H
          O
          A
          Charge
     Beginning chemistry calculation.
     End of Time Step No.   266
     Time ..................................................    106.     (s)

Beginning time step no.    267
     Beginning solute-transport calculation.
          H
          O
          A
          Charge
     Beginning chemistry calculation.
     End of Time Step No.   267
     Time ..................................................    107.     (s)

Beginning time step no.    268
     Beginning solute-transport calculation.
          H
          O
          A
          Charge
     Beginning chemistry calculation.
     End of Time Step No.   268
     Time ..................................................    107.     (s)

Beginning time step no.    269
     Beginning solute-transport calculation.
          H
          O
          A
          Charge
     Beginning chemistry calculation.
     End of Time Step No.   269
     Time ..................................................    108.     (s)

Beginning time step no.    270
     Beginning solute-transport calculation.
          H
          O
          A
          Charge
     Beginning chemistry calculation.
     End of Time Step No.   270
     Time ..................................................    108.     (s)

Beginning time step no.    271
     Beginning solute-transport calculation.
          H
          O
          A
          Charge
     Beginning chemistry calculation.
     End of Time Step No.   271
     Time ..................................................    108.     (s)

Beginning time step no.    272
     Beginning solute-transport calculation.
          H
          O
          A
          Charge
     Beginning chemistry calculation.
     End of Time Step No.   272
     Time ..................................................    109.     (s)

Beginning time step no.    273
     Beginning solute-transport calculation.
          H
          O
          A
          Charge
     Beginning chemistry calculation.
     End of Time Step No.   273
     Time ..................................................    109.     (s)

Beginning time step no.    274
     Beginning solute-transport calculation.
          H
          O
          A
          Charge
     Beginning chemistry calculation.
     End of Time Step No.   274
     Time ..................................................    110.     (s)

Beginning time step no.    275
     Beginning solute-transport calculation.
          H
          O
          A
          Charge
     Beginning chemistry calculation.
     End of Time Step No.   275
     Time ..................................................    110.     (s)

Beginning time step no.    276
     Beginning solute-transport calculation.
          H
          O
          A
          Charge
     Beginning chemistry calculation.
     End of Time Step No.   276
     Time ..................................................    110.     (s)

Beginning time step no.    277
     Beginning solute-transport calculation.
          H
          O
          A
          Charge
     Beginning chemistry calculation.
     End of Time Step No.   277
     Time ..................................................    111.     (s)

Beginning time step no.    278
     Beginning solute-transport calculation.
          H
          O
          A
          Charge
     Beginning chemistry calculation.
     End of Time Step No.   278
     Time ..................................................    111.     (s)

Beginning time step no.    279
     Beginning solute-transport calculation.
          H
          O
          A
          Charge
     Beginning chemistry calculation.
     End of Time Step No.   279
     Time ..................................................    112.     (s)

Beginning time step no.    280
     Beginning solute-transport calculation.
          H
          O
          A
          Charge
     Beginning chemistry calculation.
     End of Time Step No.   280
     Time ..................................................    112.     (s)

Beginning time step no.    281
     Beginning solute-transport calculation.
          H
          O
          A
          Charge
     Beginning chemistry calculation.
     End of Time Step No.   281
     Time ..................................................    112.     (s)

Beginning time step no.    282
     Beginning solute-transport calculation.
          H
          O
          A
          Charge
     Beginning chemistry calculation.
     End of Time Step No.   282
     Time ..................................................    113.     (s)

Beginning time step no.    283
     Beginning solute-transport calculation.
          H
          O
          A
          Charge
     Beginning chemistry calculation.
     End of Time Step No.   283
     Time ..................................................    113.     (s)

Beginning time step no.    284
     Beginning solute-transport calculation.
          H
          O
          A
          Charge
     Beginning chemistry calculation.
     End of Time Step No.   284
     Time ..................................................    114.     (s)

Beginning time step no.    285
     Beginning solute-transport calculation.
          H
          O
          A
          Charge
     Beginning chemistry calculation.
     End of Time Step No.   285
     Time ..................................................    114.     (s)

Beginning time step no.    286
     Beginning solute-transport calculation.
          H
          O
          A
          Charge
     Beginning chemistry calculation.
     End of Time Step No.   286
     Time ..................................................    114.     (s)

Beginning time step no.    287
     Beginning solute-transport calculation.
          H
          O
          A
          Charge
     Beginning chemistry calculation.
     End of Time Step No.   287
     Time ..................................................    115.     (s)

Beginning time step no.    288
     Beginning solute-transport calculation.
          H
          O
          A
          Charge
     Beginning chemistry calculation.
     End of Time Step No.   288
     Time ..................................................    115.     (s)

Beginning time step no.    289
     Beginning solute-transport calculation.
          H
          O
          A
          Charge
     Beginning chemistry calculation.
     End of Time Step No.   289
     Time ..................................................    116.     (s)

Beginning time step no.    290
     Beginning solute-transport calculation.
          H
          O
          A
          Charge
     Beginning chemistry calculation.
     End of Time Step No.   290
     Time ..................................................    116.     (s)

Beginning time step no.    291
     Beginning solute-transport calculation.
          H
          O
          A
          Charge
     Beginning chemistry calculation.
     End of Time Step No.   291
     Time ..................................................    116.     (s)

Beginning time step no.    292
     Beginning solute-transport calculation.
          H
          O
          A
          Charge
     Beginning chemistry calculation.
     End of Time Step No.   292
     Time ..................................................    117.     (s)

Beginning time step no.    293
     Beginning solute-transport calculation.
          H
          O
          A
          Charge
     Beginning chemistry calculation.
     End of Time Step No.   293
     Time ..................................................    117.     (s)

Beginning time step no.    294
     Beginning solute-transport calculation.
          H
          O
          A
          Charge
     Beginning chemistry calculation.
     End of Time Step No.   294
     Time ..................................................    118.     (s)

Beginning time step no.    295
     Beginning solute-transport calculation.
          H
          O
          A
          Charge
     Beginning chemistry calculation.
     End of Time Step No.   295
     Time ..................................................    118.     (s)

Beginning time step no.    296
     Beginning solute-transport calculation.
          H
          O
          A
          Charge
     Beginning chemistry calculation.
     End of Time Step No.   296
     Time ..................................................    118.     (s)

Beginning time step no.    297
     Beginning solute-transport calculation.
          H
          O
          A
          Charge
     Beginning chemistry calculation.
     End of Time Step No.   297
     Time ..................................................    119.     (s)

Beginning time step no.    298
     Beginning solute-transport calculation.
          H
          O
          A
          Charge
     Beginning chemistry calculation.
     End of Time Step No.   298
     Time ..................................................    119.     (s)

Beginning time step no.    299
     Beginning solute-transport calculation.
          H
          O
          A
          Charge
     Beginning chemistry calculation.
     End of Time Step No.   299
     Time ..................................................    120.     (s)

Beginning time step no.    300
     Current time step length ...................................   0.400     (s)
     Beginning solute-transport calculation.
          H
          O
          A
          Charge
     Beginning chemistry calculation.
          Cells processed by root: 45
          Number of root cells with same aqueous model: 45
          Total iterations all root cells: 235
          Number of root cells with zero iterations: 0
          Maximum iterations for single root cell: 8
     End of Time Step No.   300
     Time ..................................................    120.     (s)
     Maximum change in potentiometric head   3.4169E-16      (m ) at location ( 2.600E-02, 0.000    , 0.000    )(m)
     Maximum change in H ..................  4.7465E-13 (mol/kgw) at location ( 5.800E-02, 1.000E-02, 0.000    )(m)
     Maximum change in O .................. -5.1986E-11 (mol/kgw) at location ( 6.000E-02, 1.000E-02, 1.000E-02)(m)
     Maximum change in A .................. -8.9836E-06 (mol/kgw) at location ( 2.800E-02, 1.000E-02, 1.000E-02)(m)
     Maximum change in Charge ............. -2.5526E-14 (mol/kgw) at location ( 6.000E-02, 0.000    , 0.000    )(m)
Done with transient simulation.

                             ***** Simulation Completed *****
     Last time value calculated ......................................  120.0     (s)
     Last time step index ............................................     300
